{"meta": {"format": 3, "version": "7.13.3", "timestamp": "2026-02-06T20:24:40.256731", "branch_coverage": false, "show_contexts": false}, "files": {"routilux/__init__.py": {"executed_lines": [9, 20, 34, 35, 36, 39, 47, 48, 49, 50, 57, 63, 64, 65, 67, 123], "summary": {"covered_lines": 16, "num_statements": 16, "percent_covered": 100.0, "percent_covered_display": "100", "missing_lines": 0, "excluded_lines": 0, "percent_statements_covered": 100.0, "percent_statements_covered_display": "100"}, "missing_lines": [], "excluded_lines": [], "functions": {"": {"executed_lines": [9, 20, 34, 35, 36, 39, 47, 48, 49, 50, 57, 63, 64, 65, 67, 123], "summary": {"covered_lines": 16, "num_statements": 16, "percent_covered": 100.0, "percent_covered_display": "100", "missing_lines": 0, "excluded_lines": 0, "percent_statements_covered": 100.0, "percent_statements_covered_display": "100"}, "missing_lines": [], "excluded_lines": [], "start_line": 1}}, "classes": {"": {"executed_lines": [9, 20, 34, 35, 36, 39, 47, 48, 49, 50, 57, 63, 64, 65, 67, 123], "summary": {"covered_lines": 16, "num_statements": 16, "percent_covered": 100.0, "percent_covered_display": "100", "missing_lines": 0, "excluded_lines": 0, "percent_statements_covered": 100.0, "percent_statements_covered_display": "100"}, "missing_lines": [], "excluded_lines": [], "start_line": 1}}}, "routilux/analysis/__init__.py": {"executed_lines": [9, 17, 23], "summary": {"covered_lines": 3, "num_statements": 3, "percent_covered": 100.0, "percent_covered_display": "100", "missing_lines": 0, "excluded_lines": 0, "percent_statements_covered": 100.0, "percent_statements_covered_display": "100"}, "missing_lines": [], "excluded_lines": [], "functions": {"": {"executed_lines": [9, 17, 23], "summary": {"covered_lines": 3, "num_statements": 3, "percent_covered": 100.0, "percent_covered_display": "100", "missing_lines": 0, "excluded_lines": 0, "percent_statements_covered": 100.0, "percent_statements_covered_display": "100"}, "missing_lines": [], "excluded_lines": [], "start_line": 1}}, "classes": {"": {"executed_lines": [9, 17, 23], "summary": {"covered_lines": 3, "num_statements": 3, "percent_covered": 100.0, "percent_covered_display": "100", "missing_lines": 0, "excluded_lines": 0, "percent_statements_covered": 100.0, "percent_statements_covered_display": "100"}, "missing_lines": [], "excluded_lines": [], "start_line": 1}}}, "routilux/analysis/analyzers/__init__.py": {"executed_lines": [7, 8, 10], "summary": {"covered_lines": 3, "num_statements": 3, "percent_covered": 100.0, "percent_covered_display": "100", "missing_lines": 0, "excluded_lines": 0, "percent_statements_covered": 100.0, "percent_statements_covered_display": "100"}, "missing_lines": [], "excluded_lines": [], "functions": {"": {"executed_lines": [7, 8, 10], "summary": {"covered_lines": 3, "num_statements": 3, "percent_covered": 100.0, "percent_covered_display": "100", "missing_lines": 0, "excluded_lines": 0, "percent_statements_covered": 100.0, "percent_statements_covered_display": "100"}, "missing_lines": [], "excluded_lines": [], "start_line": 1}}, "classes": {"": {"executed_lines": [7, 8, 10], "summary": {"covered_lines": 3, "num_statements": 3, "percent_covered": 100.0, "percent_covered_display": "100", "missing_lines": 0, "excluded_lines": 0, "percent_statements_covered": 100.0, "percent_statements_covered_display": "100"}, "missing_lines": [], "excluded_lines": [], "start_line": 1}}}, "routilux/analysis/analyzers/routine.py": {"executed_lines": [7, 9, 10, 11, 12, 15, 30, 32, 34, 57, 58, 59, 61, 62, 64, 66, 69, 70, 71, 72, 73, 74, 76, 78, 87, 88, 89, 90, 91, 93, 94, 95, 97, 109, 120, 121, 122, 123, 124, 127, 128, 129, 130, 132, 134, 144, 145, 146, 147, 149, 158, 160, 161, 163, 164, 165, 166, 167, 169, 171, 180, 182, 183, 185, 186, 187, 188, 189, 191, 193, 202, 204, 205, 207, 208, 209, 211, 213, 222, 225, 232, 233, 234, 237, 238, 239, 240, 241, 243, 245, 254, 257, 260, 261, 262, 264, 268, 270, 279, 282, 283, 284, 286, 288, 297, 298, 305, 314, 315, 316, 318, 320, 322, 323, 324, 325, 326, 327, 328, 329, 330, 331, 332, 334, 343, 344, 345, 346, 347, 348, 349, 352, 361, 363, 365, 366, 369, 378, 386, 387, 388, 389, 390, 392, 393, 394, 395, 397, 398, 400, 402, 412, 414, 422, 423, 425, 426, 429, 438, 439], "summary": {"covered_lines": 160, "num_statements": 174, "percent_covered": 91.95402298850574, "percent_covered_display": "92", "missing_lines": 14, "excluded_lines": 0, "percent_statements_covered": 91.95402298850574, "percent_statements_covered_display": "92"}, "missing_lines": [223, 255, 265, 266, 299, 301, 302, 303, 317, 319, 321, 350, 362, 367], "excluded_lines": [], "functions": {"RoutineAnalyzer.__init__": {"executed_lines": [32], "summary": {"covered_lines": 1, "num_statements": 1, "percent_covered": 100.0, "percent_covered_display": "100", "missing_lines": 0, "excluded_lines": 0, "percent_statements_covered": 100.0, "percent_statements_covered_display": "100"}, "missing_lines": [], "excluded_lines": [], "start_line": 30}, "RoutineAnalyzer.analyze_file": {"executed_lines": [57, 58, 59, 61, 62, 64, 66, 69, 70, 71, 72, 73, 74, 76], "summary": {"covered_lines": 14, "num_statements": 14, "percent_covered": 100.0, "percent_covered_display": "100", "missing_lines": 0, "excluded_lines": 0, "percent_statements_covered": 100.0, "percent_statements_covered_display": "100"}, "missing_lines": [], "excluded_lines": [], "start_line": 34}, "RoutineAnalyzer._inherits_from_routine": {"executed_lines": [87, 88, 89, 90, 91, 93, 94, 95], "summary": {"covered_lines": 8, "num_statements": 8, "percent_covered": 100.0, "percent_covered_display": "100", "missing_lines": 0, "excluded_lines": 0, "percent_statements_covered": 100.0, "percent_statements_covered_display": "100"}, "missing_lines": [], "excluded_lines": [], "start_line": 78}, "RoutineAnalyzer._analyze_routine_class": {"executed_lines": [109, 120, 121, 122, 123, 124, 127, 128, 129, 130, 132], "summary": {"covered_lines": 11, "num_statements": 11, "percent_covered": 100.0, "percent_covered_display": "100", "missing_lines": 0, "excluded_lines": 0, "percent_statements_covered": 100.0, "percent_statements_covered_display": "100"}, "missing_lines": [], "excluded_lines": [], "start_line": 97}, "RoutineAnalyzer._find_method": {"executed_lines": [144, 145, 146, 147], "summary": {"covered_lines": 4, "num_statements": 4, "percent_covered": 100.0, "percent_covered_display": "100", "missing_lines": 0, "excluded_lines": 0, "percent_statements_covered": 100.0, "percent_statements_covered_display": "100"}, "missing_lines": [], "excluded_lines": [], "start_line": 134}, "RoutineAnalyzer._extract_slots": {"executed_lines": [158, 160, 161, 163, 164, 165, 166, 167, 169], "summary": {"covered_lines": 9, "num_statements": 9, "percent_covered": 100.0, "percent_covered_display": "100", "missing_lines": 0, "excluded_lines": 0, "percent_statements_covered": 100.0, "percent_statements_covered_display": "100"}, "missing_lines": [], "excluded_lines": [], "start_line": 149}, "RoutineAnalyzer._extract_events": {"executed_lines": [180, 182, 183, 185, 186, 187, 188, 189, 191], "summary": {"covered_lines": 9, "num_statements": 9, "percent_covered": 100.0, "percent_covered_display": "100", "missing_lines": 0, "excluded_lines": 0, "percent_statements_covered": 100.0, "percent_statements_covered_display": "100"}, "missing_lines": [], "excluded_lines": [], "start_line": 171}, "RoutineAnalyzer._extract_config": {"executed_lines": [202, 204, 205, 207, 208, 209, 211], "summary": {"covered_lines": 7, "num_statements": 7, "percent_covered": 100.0, "percent_covered_display": "100", "missing_lines": 0, "excluded_lines": 0, "percent_statements_covered": 100.0, "percent_statements_covered_display": "100"}, "missing_lines": [], "excluded_lines": [], "start_line": 193}, "RoutineAnalyzer._parse_define_slot_call": {"executed_lines": [222, 225, 232, 233, 234, 237, 238, 239, 240, 241, 243], "summary": {"covered_lines": 11, "num_statements": 12, "percent_covered": 91.66666666666667, "percent_covered_display": "92", "missing_lines": 1, "excluded_lines": 0, "percent_statements_covered": 91.66666666666667, "percent_statements_covered_display": "92"}, "missing_lines": [223], "excluded_lines": [], "start_line": 213}, "RoutineAnalyzer._parse_define_event_call": {"executed_lines": [254, 257, 260, 261, 262, 264, 268], "summary": {"covered_lines": 7, "num_statements": 10, "percent_covered": 70.0, "percent_covered_display": "70", "missing_lines": 3, "excluded_lines": 0, "percent_statements_covered": 70.0, "percent_statements_covered_display": "70"}, "missing_lines": [255, 265, 266], "excluded_lines": [], "start_line": 245}, "RoutineAnalyzer._parse_set_config_call": {"executed_lines": [279, 282, 283, 284, 286], "summary": {"covered_lines": 5, "num_statements": 5, "percent_covered": 100.0, "percent_covered_display": "100", "missing_lines": 0, "excluded_lines": 0, "percent_statements_covered": 100.0, "percent_statements_covered_display": "100"}, "missing_lines": [], "excluded_lines": [], "start_line": 270}, "RoutineAnalyzer._extract_string_value": {"executed_lines": [297, 298], "summary": {"covered_lines": 2, "num_statements": 6, "percent_covered": 33.333333333333336, "percent_covered_display": "33", "missing_lines": 4, "excluded_lines": 0, "percent_statements_covered": 33.333333333333336, "percent_statements_covered_display": "33"}, "missing_lines": [299, 301, 302, 303], "excluded_lines": [], "start_line": 288}, "RoutineAnalyzer._extract_literal_value": {"executed_lines": [314, 315, 316, 318, 320, 322, 323, 324, 325, 326, 327, 328, 329, 330, 331, 332], "summary": {"covered_lines": 16, "num_statements": 19, "percent_covered": 84.21052631578948, "percent_covered_display": "84", "missing_lines": 3, "excluded_lines": 0, "percent_statements_covered": 84.21052631578948, "percent_statements_covered_display": "84"}, "missing_lines": [317, 319, 321], "excluded_lines": [], "start_line": 305}, "RoutineAnalyzer._extract_list_of_strings": {"executed_lines": [343, 344, 345, 346, 347, 348, 349], "summary": {"covered_lines": 7, "num_statements": 8, "percent_covered": 87.5, "percent_covered_display": "88", "missing_lines": 1, "excluded_lines": 0, "percent_statements_covered": 87.5, "percent_statements_covered_display": "88"}, "missing_lines": [350], "excluded_lines": [], "start_line": 334}, "RoutineAnalyzer._extract_function_reference": {"executed_lines": [361, 363, 365, 366], "summary": {"covered_lines": 4, "num_statements": 6, "percent_covered": 66.66666666666667, "percent_covered_display": "67", "missing_lines": 2, "excluded_lines": 0, "percent_statements_covered": 66.66666666666667, "percent_statements_covered_display": "67"}, "missing_lines": [362, 367], "excluded_lines": [], "start_line": 352}, "RoutineAnalyzer._analyze_method": {"executed_lines": [378, 386, 387, 388, 389, 390, 392, 393, 394, 395, 397, 398, 400], "summary": {"covered_lines": 13, "num_statements": 13, "percent_covered": 100.0, "percent_covered_display": "100", "missing_lines": 0, "excluded_lines": 0, "percent_statements_covered": 100.0, "percent_statements_covered_display": "100"}, "missing_lines": [], "excluded_lines": [], "start_line": 369}, "RoutineAnalyzer.to_json": {"executed_lines": [412], "summary": {"covered_lines": 1, "num_statements": 1, "percent_covered": 100.0, "percent_covered_display": "100", "missing_lines": 0, "excluded_lines": 0, "percent_statements_covered": 100.0, "percent_statements_covered_display": "100"}, "missing_lines": [], "excluded_lines": [], "start_line": 402}, "RoutineAnalyzer.save_json": {"executed_lines": [422, 423, 425, 426], "summary": {"covered_lines": 4, "num_statements": 4, "percent_covered": 100.0, "percent_covered_display": "100", "missing_lines": 0, "excluded_lines": 0, "percent_statements_covered": 100.0, "percent_statements_covered_display": "100"}, "missing_lines": [], "excluded_lines": [], "start_line": 414}, "analyze_routine_file": {"executed_lines": [438, 439], "summary": {"covered_lines": 2, "num_statements": 2, "percent_covered": 100.0, "percent_covered_display": "100", "missing_lines": 0, "excluded_lines": 0, "percent_statements_covered": 100.0, "percent_statements_covered_display": "100"}, "missing_lines": [], "excluded_lines": [], "start_line": 429}, "": {"executed_lines": [7, 9, 10, 11, 12, 15, 30, 34, 78, 97, 134, 149, 171, 193, 213, 245, 270, 288, 305, 334, 352, 369, 402, 414, 429], "summary": {"covered_lines": 25, "num_statements": 25, "percent_covered": 100.0, "percent_covered_display": "100", "missing_lines": 0, "excluded_lines": 0, "percent_statements_covered": 100.0, "percent_statements_covered_display": "100"}, "missing_lines": [], "excluded_lines": [], "start_line": 1}}, "classes": {"RoutineAnalyzer": {"executed_lines": [32, 57, 58, 59, 61, 62, 64, 66, 69, 70, 71, 72, 73, 74, 76, 87, 88, 89, 90, 91, 93, 94, 95, 109, 120, 121, 122, 123, 124, 127, 128, 129, 130, 132, 144, 145, 146, 147, 158, 160, 161, 163, 164, 165, 166, 167, 169, 180, 182, 183, 185, 186, 187, 188, 189, 191, 202, 204, 205, 207, 208, 209, 211, 222, 225, 232, 233, 234, 237, 238, 239, 240, 241, 243, 254, 257, 260, 261, 262, 264, 268, 279, 282, 283, 284, 286, 297, 298, 314, 315, 316, 318, 320, 322, 323, 324, 325, 326, 327, 328, 329, 330, 331, 332, 343, 344, 345, 346, 347, 348, 349, 361, 363, 365, 366, 378, 386, 387, 388, 389, 390, 392, 393, 394, 395, 397, 398, 400, 412, 422, 423, 425, 426], "summary": {"covered_lines": 133, "num_statements": 147, "percent_covered": 90.47619047619048, "percent_covered_display": "90", "missing_lines": 14, "excluded_lines": 0, "percent_statements_covered": 90.47619047619048, "percent_statements_covered_display": "90"}, "missing_lines": [223, 255, 265, 266, 299, 301, 302, 303, 317, 319, 321, 350, 362, 367], "excluded_lines": [], "start_line": 15}, "": {"executed_lines": [7, 9, 10, 11, 12, 15, 30, 34, 78, 97, 134, 149, 171, 193, 213, 245, 270, 288, 305, 334, 352, 369, 402, 414, 429, 438, 439], "summary": {"covered_lines": 27, "num_statements": 27, "percent_covered": 100.0, "percent_covered_display": "100", "missing_lines": 0, "excluded_lines": 0, "percent_statements_covered": 100.0, "percent_statements_covered_display": "100"}, "missing_lines": [], "excluded_lines": [], "start_line": 1}}}, "routilux/analysis/analyzers/workflow.py": {"executed_lines": [8, 10, 11, 12, 13, 15, 16, 17, 20, 34, 41, 43, 81, 93, 94, 95, 98, 99, 100, 101, 104, 107, 109, 111, 124, 135, 136, 137, 144, 145, 146, 147, 154, 157, 158, 159, 163, 166, 167, 168, 169, 171, 173, 182, 184, 185, 187, 190, 191, 192, 193, 194, 201, 211, 212, 213, 216, 226, 229, 230, 232, 233, 235, 238, 246, 248, 258, 260, 261, 264, 265, 267, 268, 269, 271, 272, 273, 275, 277, 286, 288, 289, 290, 291, 292, 293, 295, 297, 306, 307, 308, 309, 310, 311, 314, 316, 326, 327, 329, 337, 338, 340, 341, 342, 344, 367, 368, 370, 372, 374, 375, 376, 379, 380, 381, 382, 385, 386, 387, 388, 389, 390, 393, 394, 395, 396, 397, 398, 400, 401, 404, 405, 406, 407, 408, 410, 411, 414, 416, 418, 425, 427, 430, 431, 432, 433, 434, 437, 438, 439, 440, 441, 442, 443, 444, 447, 448, 449, 450, 451, 452, 454, 455, 456, 457, 458, 459, 460, 461, 462, 465, 466, 467, 468, 471, 473, 474, 477, 478, 479, 480, 481, 484, 485, 486, 488, 490, 501, 502, 520, 532, 533, 546, 559, 560, 561, 562, 563, 564, 565, 568, 573, 576, 577, 578, 579, 582, 583, 586, 589, 592, 595, 599, 600, 601, 605, 608, 609, 610, 611, 613, 614, 617, 630, 631, 633, 635, 638, 639, 640, 641, 642, 643, 644, 645, 648, 651, 652, 653, 654, 655, 656, 659, 660, 661, 662, 665, 666, 667, 668, 669, 670, 671, 672, 673, 674, 677, 678, 679, 680, 681, 684, 685, 686, 687, 689, 691, 692, 693, 694, 695, 696, 697, 698, 699, 700, 703, 711, 713, 715, 724, 725, 726, 727, 728, 729, 732, 735, 736, 744, 745, 746, 750, 755, 758, 763, 768, 773, 778, 783, 790, 791, 792, 794, 795, 796, 797, 798, 800, 801, 802, 803, 804, 806, 808, 820, 821, 822, 823, 826, 827, 830, 831, 832, 835, 836, 838, 839, 840, 842, 843, 844, 845, 846, 847, 848, 850, 851, 860, 861, 862, 863, 865, 867, 869, 888, 889, 891, 893, 894, 897, 907, 908], "summary": {"covered_lines": 353, "num_statements": 442, "percent_covered": 79.86425339366515, "percent_covered_display": "80", "missing_lines": 89, "excluded_lines": 0, "percent_statements_covered": 79.86425339366515, "percent_statements_covered_display": "80"}, "missing_lines": [148, 149, 152, 195, 197, 199, 214, 227, 236, 262, 412, 504, 505, 508, 509, 510, 511, 512, 513, 514, 516, 518, 535, 536, 539, 540, 541, 542, 544, 569, 570, 571, 584, 585, 587, 588, 590, 591, 593, 594, 596, 597, 612, 618, 619, 620, 621, 622, 623, 624, 625, 626, 627, 663, 688, 704, 705, 706, 707, 708, 709, 737, 738, 739, 740, 741, 760, 761, 762, 765, 766, 767, 770, 771, 772, 775, 776, 777, 780, 781, 782, 785, 786, 787, 799, 854, 855, 856, 857], "excluded_lines": [], "functions": {"WorkflowAnalyzer.__init__": {"executed_lines": [41], "summary": {"covered_lines": 1, "num_statements": 1, "percent_covered": 100.0, "percent_covered_display": "100", "missing_lines": 0, "excluded_lines": 0, "percent_statements_covered": 100.0, "percent_statements_covered_display": "100"}, "missing_lines": [], "excluded_lines": [], "start_line": 34}, "WorkflowAnalyzer.analyze_flow": {"executed_lines": [81, 93, 94, 95, 98, 99, 100, 101, 104, 107, 109], "summary": {"covered_lines": 11, "num_statements": 11, "percent_covered": 100.0, "percent_covered_display": "100", "missing_lines": 0, "excluded_lines": 0, "percent_statements_covered": 100.0, "percent_statements_covered_display": "100"}, "missing_lines": [], "excluded_lines": [], "start_line": 43}, "WorkflowAnalyzer._analyze_routine": {"executed_lines": [124, 135, 136, 137, 144, 145, 146, 147, 154, 157, 158, 159, 163, 166, 167, 168, 169, 171], "summary": {"covered_lines": 18, "num_statements": 21, "percent_covered": 85.71428571428571, "percent_covered_display": "86", "missing_lines": 3, "excluded_lines": 0, "percent_statements_covered": 85.71428571428571, "percent_statements_covered_display": "86"}, "missing_lines": [148, 149, 152], "excluded_lines": [], "start_line": 111}, "WorkflowAnalyzer._analyze_routine_source": {"executed_lines": [182, 184, 185, 187, 190, 191, 192, 193, 194], "summary": {"covered_lines": 9, "num_statements": 12, "percent_covered": 75.0, "percent_covered_display": "75", "missing_lines": 3, "excluded_lines": 0, "percent_statements_covered": 75.0, "percent_statements_covered_display": "75"}, "missing_lines": [195, 197, 199], "excluded_lines": [], "start_line": 173}, "WorkflowAnalyzer._get_routine_id": {"executed_lines": [211, 212, 213], "summary": {"covered_lines": 3, "num_statements": 4, "percent_covered": 75.0, "percent_covered_display": "75", "missing_lines": 1, "excluded_lines": 0, "percent_statements_covered": 75.0, "percent_statements_covered_display": "75"}, "missing_lines": [214], "excluded_lines": [], "start_line": 201}, "WorkflowAnalyzer._analyze_connection": {"executed_lines": [226, 229, 230, 232, 233, 235, 238, 246], "summary": {"covered_lines": 8, "num_statements": 10, "percent_covered": 80.0, "percent_covered_display": "80", "missing_lines": 2, "excluded_lines": 0, "percent_statements_covered": 80.0, "percent_statements_covered_display": "80"}, "missing_lines": [227, 236], "excluded_lines": [], "start_line": 216}, "WorkflowAnalyzer._build_dependency_graph": {"executed_lines": [258, 260, 261, 264, 265, 267, 268, 269, 271, 272, 273, 275], "summary": {"covered_lines": 12, "num_statements": 13, "percent_covered": 92.3076923076923, "percent_covered_display": "92", "missing_lines": 1, "excluded_lines": 0, "percent_statements_covered": 92.3076923076923, "percent_statements_covered_display": "92"}, "missing_lines": [262], "excluded_lines": [], "start_line": 248}, "WorkflowAnalyzer._find_entry_points": {"executed_lines": [286, 288, 289, 290, 291, 292, 293, 295], "summary": {"covered_lines": 8, "num_statements": 8, "percent_covered": 100.0, "percent_covered_display": "100", "missing_lines": 0, "excluded_lines": 0, "percent_statements_covered": 100.0, "percent_statements_covered_display": "100"}, "missing_lines": [], "excluded_lines": [], "start_line": 277}, "WorkflowAnalyzer._make_json_serializable": {"executed_lines": [306, 307, 308, 309, 310, 311, 314], "summary": {"covered_lines": 7, "num_statements": 7, "percent_covered": 100.0, "percent_covered_display": "100", "missing_lines": 0, "excluded_lines": 0, "percent_statements_covered": 100.0, "percent_statements_covered_display": "100"}, "missing_lines": [], "excluded_lines": [], "start_line": 297}, "WorkflowAnalyzer.to_json": {"executed_lines": [326, 327], "summary": {"covered_lines": 2, "num_statements": 2, "percent_covered": 100.0, "percent_covered_display": "100", "missing_lines": 0, "excluded_lines": 0, "percent_statements_covered": 100.0, "percent_statements_covered_display": "100"}, "missing_lines": [], "excluded_lines": [], "start_line": 316}, "WorkflowAnalyzer.save_json": {"executed_lines": [337, 338, 340, 341, 342], "summary": {"covered_lines": 5, "num_statements": 5, "percent_covered": 100.0, "percent_covered_display": "100", "missing_lines": 0, "excluded_lines": 0, "percent_statements_covered": 100.0, "percent_statements_covered_display": "100"}, "missing_lines": [], "excluded_lines": [], "start_line": 329}, "WorkflowAnalyzer.to_d2_format": {"executed_lines": [367, 368, 370], "summary": {"covered_lines": 3, "num_statements": 3, "percent_covered": 100.0, "percent_covered_display": "100", "missing_lines": 0, "excluded_lines": 0, "percent_statements_covered": 100.0, "percent_statements_covered_display": "100"}, "missing_lines": [], "excluded_lines": [], "start_line": 344}, "WorkflowAnalyzer._to_d2_format_standard": {"executed_lines": [374, 375, 376, 379, 380, 381, 382, 385, 386, 387, 388, 389, 390, 393, 394, 395, 396, 397, 398, 400, 401, 404, 405, 406, 407, 408, 410, 411, 414, 416], "summary": {"covered_lines": 30, "num_statements": 31, "percent_covered": 96.7741935483871, "percent_covered_display": "97", "missing_lines": 1, "excluded_lines": 0, "percent_statements_covered": 96.7741935483871, "percent_statements_covered_display": "97"}, "missing_lines": [412], "excluded_lines": [], "start_line": 372}, "WorkflowAnalyzer._to_d2_format_ultimate": {"executed_lines": [425, 427, 430, 431, 432, 433, 434, 437, 438, 439, 440, 441, 442, 443, 444, 447, 448, 449, 450, 451, 452, 454, 455, 456, 457, 458, 459, 460, 461, 462, 465, 466, 467, 468, 471, 473, 474, 477, 478, 479, 480, 481, 484, 485, 486, 488], "summary": {"covered_lines": 46, "num_statements": 46, "percent_covered": 100.0, "percent_covered_display": "100", "missing_lines": 0, "excluded_lines": 0, "percent_statements_covered": 100.0, "percent_statements_covered_display": "100"}, "missing_lines": [], "excluded_lines": [], "start_line": 418}, "WorkflowAnalyzer._load_routine_analysis": {"executed_lines": [501, 502], "summary": {"covered_lines": 2, "num_statements": 13, "percent_covered": 15.384615384615385, "percent_covered_display": "15", "missing_lines": 11, "excluded_lines": 0, "percent_statements_covered": 15.384615384615385, "percent_statements_covered_display": "15"}, "missing_lines": [504, 505, 508, 509, 510, 511, 512, 513, 514, 516, 518], "excluded_lines": [], "start_line": 490}, "WorkflowAnalyzer._get_enhanced_routine_info": {"executed_lines": [532, 533], "summary": {"covered_lines": 2, "num_statements": 9, "percent_covered": 22.22222222222222, "percent_covered_display": "22", "missing_lines": 7, "excluded_lines": 0, "percent_statements_covered": 22.22222222222222, "percent_statements_covered_display": "22"}, "missing_lines": [535, 536, 539, 540, 541, 542, 544], "excluded_lines": [], "start_line": 520}, "WorkflowAnalyzer._format_ultimate_routine_node": {"executed_lines": [559, 560, 561, 562, 563, 564, 565, 568, 573, 576, 577, 578, 579, 582, 583, 586, 589, 592, 595, 599, 600, 601, 605, 608, 609, 610, 611, 613, 614, 617, 630, 631, 633, 635, 638, 639, 640, 641, 642, 643, 644, 645, 648, 651, 652, 653, 654, 655, 656, 659, 660, 661, 662, 665, 666, 667, 668, 669, 670, 671, 672, 673, 674, 677, 678, 679, 680, 681, 684, 685, 686, 687, 689, 691, 692, 693, 694, 695, 696, 697, 698, 699, 700, 703, 711, 713], "summary": {"covered_lines": 86, "num_statements": 118, "percent_covered": 72.88135593220339, "percent_covered_display": "73", "missing_lines": 32, "excluded_lines": 0, "percent_statements_covered": 72.88135593220339, "percent_statements_covered_display": "73"}, "missing_lines": [569, 570, 571, 584, 585, 587, 588, 590, 591, 593, 594, 596, 597, 612, 618, 619, 620, 621, 622, 623, 624, 625, 626, 627, 663, 688, 704, 705, 706, 707, 708, 709], "excluded_lines": [], "start_line": 546}, "WorkflowAnalyzer._format_ultimate_connection": {"executed_lines": [724, 725, 726, 727, 728, 729, 732, 735, 736, 744, 745, 746, 750, 755, 758, 763, 768, 773, 778, 783, 790, 791, 792, 794, 795, 796, 797, 798, 800, 801, 802, 803, 804, 806], "summary": {"covered_lines": 34, "num_statements": 58, "percent_covered": 58.62068965517241, "percent_covered_display": "59", "missing_lines": 24, "excluded_lines": 0, "percent_statements_covered": 58.62068965517241, "percent_statements_covered_display": "59"}, "missing_lines": [737, 738, 739, 740, 741, 760, 761, 762, 765, 766, 767, 770, 771, 772, 775, 776, 777, 780, 781, 782, 785, 786, 787, 799], "excluded_lines": [], "start_line": 715}, "WorkflowAnalyzer._format_dependency_section": {"executed_lines": [820, 821, 822, 823, 826, 827, 830, 831, 832, 835, 836, 838, 839, 840, 842, 843, 844, 845, 846, 847, 848, 850, 851, 860, 861, 862, 863, 865, 867], "summary": {"covered_lines": 29, "num_statements": 33, "percent_covered": 87.87878787878788, "percent_covered_display": "88", "missing_lines": 4, "excluded_lines": 0, "percent_statements_covered": 87.87878787878788, "percent_statements_covered_display": "88"}, "missing_lines": [854, 855, 856, 857], "excluded_lines": [], "start_line": 808}, "WorkflowAnalyzer.save_d2": {"executed_lines": [888, 889, 891, 893, 894], "summary": {"covered_lines": 5, "num_statements": 5, "percent_covered": 100.0, "percent_covered_display": "100", "missing_lines": 0, "excluded_lines": 0, "percent_statements_covered": 100.0, "percent_statements_covered_display": "100"}, "missing_lines": [], "excluded_lines": [], "start_line": 869}, "analyze_workflow": {"executed_lines": [907, 908], "summary": {"covered_lines": 2, "num_statements": 2, "percent_covered": 100.0, "percent_covered_display": "100", "missing_lines": 0, "excluded_lines": 0, "percent_statements_covered": 100.0, "percent_statements_covered_display": "100"}, "missing_lines": [], "excluded_lines": [], "start_line": 897}, "": {"executed_lines": [8, 10, 11, 12, 13, 15, 16, 17, 20, 34, 43, 111, 173, 201, 216, 248, 277, 297, 316, 329, 344, 372, 418, 490, 520, 546, 715, 808, 869, 897], "summary": {"covered_lines": 30, "num_statements": 30, "percent_covered": 100.0, "percent_covered_display": "100", "missing_lines": 0, "excluded_lines": 0, "percent_statements_covered": 100.0, "percent_statements_covered_display": "100"}, "missing_lines": [], "excluded_lines": [], "start_line": 1}}, "classes": {"WorkflowAnalyzer": {"executed_lines": [41, 81, 93, 94, 95, 98, 99, 100, 101, 104, 107, 109, 124, 135, 136, 137, 144, 145, 146, 147, 154, 157, 158, 159, 163, 166, 167, 168, 169, 171, 182, 184, 185, 187, 190, 191, 192, 193, 194, 211, 212, 213, 226, 229, 230, 232, 233, 235, 238, 246, 258, 260, 261, 264, 265, 267, 268, 269, 271, 272, 273, 275, 286, 288, 289, 290, 291, 292, 293, 295, 306, 307, 308, 309, 310, 311, 314, 326, 327, 337, 338, 340, 341, 342, 367, 368, 370, 374, 375, 376, 379, 380, 381, 382, 385, 386, 387, 388, 389, 390, 393, 394, 395, 396, 397, 398, 400, 401, 404, 405, 406, 407, 408, 410, 411, 414, 416, 425, 427, 430, 431, 432, 433, 434, 437, 438, 439, 440, 441, 442, 443, 444, 447, 448, 449, 450, 451, 452, 454, 455, 456, 457, 458, 459, 460, 461, 462, 465, 466, 467, 468, 471, 473, 474, 477, 478, 479, 480, 481, 484, 485, 486, 488, 501, 502, 532, 533, 559, 560, 561, 562, 563, 564, 565, 568, 573, 576, 577, 578, 579, 582, 583, 586, 589, 592, 595, 599, 600, 601, 605, 608, 609, 610, 611, 613, 614, 617, 630, 631, 633, 635, 638, 639, 640, 641, 642, 643, 644, 645, 648, 651, 652, 653, 654, 655, 656, 659, 660, 661, 662, 665, 666, 667, 668, 669, 670, 671, 672, 673, 674, 677, 678, 679, 680, 681, 684, 685, 686, 687, 689, 691, 692, 693, 694, 695, 696, 697, 698, 699, 700, 703, 711, 713, 724, 725, 726, 727, 728, 729, 732, 735, 736, 744, 745, 746, 750, 755, 758, 763, 768, 773, 778, 783, 790, 791, 792, 794, 795, 796, 797, 798, 800, 801, 802, 803, 804, 806, 820, 821, 822, 823, 826, 827, 830, 831, 832, 835, 836, 838, 839, 840, 842, 843, 844, 845, 846, 847, 848, 850, 851, 860, 861, 862, 863, 865, 867, 888, 889, 891, 893, 894], "summary": {"covered_lines": 321, "num_statements": 410, "percent_covered": 78.29268292682927, "percent_covered_display": "78", "missing_lines": 89, "excluded_lines": 0, "percent_statements_covered": 78.29268292682927, "percent_statements_covered_display": "78"}, "missing_lines": [148, 149, 152, 195, 197, 199, 214, 227, 236, 262, 412, 504, 505, 508, 509, 510, 511, 512, 513, 514, 516, 518, 535, 536, 539, 540, 541, 542, 544, 569, 570, 571, 584, 585, 587, 588, 590, 591, 593, 594, 596, 597, 612, 618, 619, 620, 621, 622, 623, 624, 625, 626, 627, 663, 688, 704, 705, 706, 707, 708, 709, 737, 738, 739, 740, 741, 760, 761, 762, 765, 766, 767, 770, 771, 772, 775, 776, 777, 780, 781, 782, 785, 786, 787, 799, 854, 855, 856, 857], "excluded_lines": [], "start_line": 20}, "": {"executed_lines": [8, 10, 11, 12, 13, 15, 16, 17, 20, 34, 43, 111, 173, 201, 216, 248, 277, 297, 316, 329, 344, 372, 418, 490, 520, 546, 715, 808, 869, 897, 907, 908], "summary": {"covered_lines": 32, "num_statements": 32, "percent_covered": 100.0, "percent_covered_display": "100", "missing_lines": 0, "excluded_lines": 0, "percent_statements_covered": 100.0, "percent_statements_covered_display": "100"}, "missing_lines": [], "excluded_lines": [], "start_line": 1}}}, "routilux/analysis/exporters/__init__.py": {"executed_lines": [7, 8, 9, 11], "summary": {"covered_lines": 4, "num_statements": 4, "percent_covered": 100.0, "percent_covered_display": "100", "missing_lines": 0, "excluded_lines": 0, "percent_statements_covered": 100.0, "percent_statements_covered_display": "100"}, "missing_lines": [], "excluded_lines": [], "functions": {"": {"executed_lines": [7, 8, 9, 11], "summary": {"covered_lines": 4, "num_statements": 4, "percent_covered": 100.0, "percent_covered_display": "100", "missing_lines": 0, "excluded_lines": 0, "percent_statements_covered": 100.0, "percent_statements_covered_display": "100"}, "missing_lines": [], "excluded_lines": [], "start_line": 1}}, "classes": {"": {"executed_lines": [7, 8, 9, 11], "summary": {"covered_lines": 4, "num_statements": 4, "percent_covered": 100.0, "percent_covered_display": "100", "missing_lines": 0, "excluded_lines": 0, "percent_statements_covered": 100.0, "percent_statements_covered_display": "100"}, "missing_lines": [], "excluded_lines": [], "start_line": 1}}}, "routilux/analysis/exporters/base.py": {"executed_lines": [5, 6, 7, 10, 17, 18, 29, 36, 37, 39, 41, 42], "summary": {"covered_lines": 12, "num_statements": 13, "percent_covered": 92.3076923076923, "percent_covered_display": "92", "missing_lines": 1, "excluded_lines": 0, "percent_statements_covered": 92.3076923076923, "percent_statements_covered_display": "92"}, "missing_lines": [27], "excluded_lines": [], "functions": {"BaseFormatter.format": {"executed_lines": [], "summary": {"covered_lines": 0, "num_statements": 1, "percent_covered": 0.0, "percent_covered_display": "0", "missing_lines": 1, "excluded_lines": 0, "percent_statements_covered": 0.0, "percent_statements_covered_display": "0"}, "missing_lines": [27], "excluded_lines": [], "start_line": 18}, "BaseFormatter.save": {"executed_lines": [36, 37, 39, 41, 42], "summary": {"covered_lines": 5, "num_statements": 5, "percent_covered": 100.0, "percent_covered_display": "100", "missing_lines": 0, "excluded_lines": 0, "percent_statements_covered": 100.0, "percent_statements_covered_display": "100"}, "missing_lines": [], "excluded_lines": [], "start_line": 29}, "": {"executed_lines": [5, 6, 7, 10, 17, 18, 29], "summary": {"covered_lines": 7, "num_statements": 7, "percent_covered": 100.0, "percent_covered_display": "100", "missing_lines": 0, "excluded_lines": 0, "percent_statements_covered": 100.0, "percent_statements_covered_display": "100"}, "missing_lines": [], "excluded_lines": [], "start_line": 1}}, "classes": {"BaseFormatter": {"executed_lines": [36, 37, 39, 41, 42], "summary": {"covered_lines": 5, "num_statements": 6, "percent_covered": 83.33333333333333, "percent_covered_display": "83", "missing_lines": 1, "excluded_lines": 0, "percent_statements_covered": 83.33333333333333, "percent_statements_covered_display": "83"}, "missing_lines": [27], "excluded_lines": [], "start_line": 10}, "": {"executed_lines": [5, 6, 7, 10, 17, 18, 29], "summary": {"covered_lines": 7, "num_statements": 7, "percent_covered": 100.0, "percent_covered_display": "100", "missing_lines": 0, "excluded_lines": 0, "percent_statements_covered": 100.0, "percent_statements_covered_display": "100"}, "missing_lines": [], "excluded_lines": [], "start_line": 1}}}, "routilux/analysis/exporters/routine_markdown.py": {"executed_lines": [7, 8, 10, 13, 20, 29, 32, 33, 34, 36, 37, 38, 41, 42, 43, 44, 46, 47, 48, 51, 52, 54, 55, 56, 57, 58, 60, 62, 71, 74, 75, 76, 79, 80, 81, 82, 85, 86, 87, 88, 89, 90, 91, 94, 95, 96, 97, 98, 99, 100, 103, 104, 105, 106, 107, 108, 109, 110, 111, 112, 114, 116, 126, 127, 128, 129, 132, 133, 134, 136, 137, 138, 139, 140, 141, 142, 145, 146, 149, 152, 153, 154, 155, 156, 159, 160, 161, 163, 166, 168, 169, 171, 173, 183, 184, 185, 188, 189, 192, 193, 194, 196, 197, 201, 203, 212, 213, 214, 215, 216, 218, 219, 220, 221, 223, 224, 225, 226, 229, 231, 232, 233, 237, 246, 247, 248, 249, 250, 251], "summary": {"covered_lines": 129, "num_statements": 132, "percent_covered": 97.72727272727273, "percent_covered_display": "98", "missing_lines": 3, "excluded_lines": 0, "percent_statements_covered": 97.72727272727273, "percent_statements_covered_display": "98"}, "missing_lines": [217, 235, 253], "excluded_lines": [], "functions": {"RoutineMarkdownFormatter.format": {"executed_lines": [29, 32, 33, 34, 36, 37, 38, 41, 42, 43, 44, 46, 47, 48, 51, 52, 54, 55, 56, 57, 58, 60], "summary": {"covered_lines": 22, "num_statements": 22, "percent_covered": 100.0, "percent_covered_display": "100", "missing_lines": 0, "excluded_lines": 0, "percent_statements_covered": 100.0, "percent_statements_covered_display": "100"}, "missing_lines": [], "excluded_lines": [], "start_line": 20}, "RoutineMarkdownFormatter._format_routine": {"executed_lines": [71, 74, 75, 76, 79, 80, 81, 82, 85, 86, 87, 88, 89, 90, 91, 94, 95, 96, 97, 98, 99, 100, 103, 104, 105, 106, 107, 108, 109, 110, 111, 112, 114], "summary": {"covered_lines": 33, "num_statements": 33, "percent_covered": 100.0, "percent_covered_display": "100", "missing_lines": 0, "excluded_lines": 0, "percent_statements_covered": 100.0, "percent_statements_covered_display": "100"}, "missing_lines": [], "excluded_lines": [], "start_line": 62}, "RoutineMarkdownFormatter._format_slot": {"executed_lines": [126, 127, 128, 129, 132, 133, 134, 136, 137, 138, 139, 140, 141, 142, 145, 146, 149, 152, 153, 154, 155, 156, 159, 160, 161, 163, 166, 168, 169, 171], "summary": {"covered_lines": 30, "num_statements": 30, "percent_covered": 100.0, "percent_covered_display": "100", "missing_lines": 0, "excluded_lines": 0, "percent_statements_covered": 100.0, "percent_statements_covered_display": "100"}, "missing_lines": [], "excluded_lines": [], "start_line": 116}, "RoutineMarkdownFormatter._format_event": {"executed_lines": [183, 184, 185, 188, 189, 192, 193, 194, 196, 197, 201], "summary": {"covered_lines": 11, "num_statements": 11, "percent_covered": 100.0, "percent_covered_display": "100", "missing_lines": 0, "excluded_lines": 0, "percent_statements_covered": 100.0, "percent_statements_covered_display": "100"}, "missing_lines": [], "excluded_lines": [], "start_line": 173}, "RoutineMarkdownFormatter._format_value": {"executed_lines": [212, 213, 214, 215, 216, 218, 219, 220, 221, 223, 224, 225, 226, 229, 231, 232, 233], "summary": {"covered_lines": 17, "num_statements": 19, "percent_covered": 89.47368421052632, "percent_covered_display": "89", "missing_lines": 2, "excluded_lines": 0, "percent_statements_covered": 89.47368421052632, "percent_statements_covered_display": "89"}, "missing_lines": [217, 235], "excluded_lines": [], "start_line": 203}, "RoutineMarkdownFormatter._format_single_value": {"executed_lines": [246, 247, 248, 249, 250, 251], "summary": {"covered_lines": 6, "num_statements": 7, "percent_covered": 85.71428571428571, "percent_covered_display": "86", "missing_lines": 1, "excluded_lines": 0, "percent_statements_covered": 85.71428571428571, "percent_statements_covered_display": "86"}, "missing_lines": [253], "excluded_lines": [], "start_line": 237}, "": {"executed_lines": [7, 8, 10, 13, 20, 62, 116, 173, 203, 237], "summary": {"covered_lines": 10, "num_statements": 10, "percent_covered": 100.0, "percent_covered_display": "100", "missing_lines": 0, "excluded_lines": 0, "percent_statements_covered": 100.0, "percent_statements_covered_display": "100"}, "missing_lines": [], "excluded_lines": [], "start_line": 1}}, "classes": {"RoutineMarkdownFormatter": {"executed_lines": [29, 32, 33, 34, 36, 37, 38, 41, 42, 43, 44, 46, 47, 48, 51, 52, 54, 55, 56, 57, 58, 60, 71, 74, 75, 76, 79, 80, 81, 82, 85, 86, 87, 88, 89, 90, 91, 94, 95, 96, 97, 98, 99, 100, 103, 104, 105, 106, 107, 108, 109, 110, 111, 112, 114, 126, 127, 128, 129, 132, 133, 134, 136, 137, 138, 139, 140, 141, 142, 145, 146, 149, 152, 153, 154, 155, 156, 159, 160, 161, 163, 166, 168, 169, 171, 183, 184, 185, 188, 189, 192, 193, 194, 196, 197, 201, 212, 213, 214, 215, 216, 218, 219, 220, 221, 223, 224, 225, 226, 229, 231, 232, 233, 246, 247, 248, 249, 250, 251], "summary": {"covered_lines": 119, "num_statements": 122, "percent_covered": 97.54098360655738, "percent_covered_display": "98", "missing_lines": 3, "excluded_lines": 0, "percent_statements_covered": 97.54098360655738, "percent_statements_covered_display": "98"}, "missing_lines": [217, 235, 253], "excluded_lines": [], "start_line": 13}, "": {"executed_lines": [7, 8, 10, 13, 20, 62, 116, 173, 203, 237], "summary": {"covered_lines": 10, "num_statements": 10, "percent_covered": 100.0, "percent_covered_display": "100", "missing_lines": 0, "excluded_lines": 0, "percent_statements_covered": 100.0, "percent_statements_covered_display": "100"}, "missing_lines": [], "excluded_lines": [], "start_line": 1}}}, "routilux/analysis/exporters/workflow_d2.py": {"executed_lines": [7, 9, 12, 23, 29, 31, 40, 43, 44, 45, 48, 49, 50, 51, 53, 54, 55, 56, 57, 61, 62, 63, 64, 67, 68, 70, 71, 72, 73, 74, 77, 78, 79, 80, 81, 82, 85, 86, 88, 90, 100, 101, 102, 104, 107, 108, 109, 110, 111, 112, 113, 115, 116, 117, 118, 119, 122, 123, 124, 125, 126, 127, 128, 129, 131, 132, 135, 136, 137, 138, 139, 140, 141, 142, 143, 144, 145, 147, 148, 150, 152, 154, 163, 164, 165, 166, 167, 168, 171, 172, 173, 174, 175, 177, 181, 183, 184, 185, 186, 187, 188, 189, 191, 193, 195, 204, 205, 207, 208, 210, 211, 212, 215, 216, 217, 218, 220], "summary": {"covered_lines": 117, "num_statements": 117, "percent_covered": 100.0, "percent_covered_display": "100", "missing_lines": 0, "excluded_lines": 0, "percent_statements_covered": 100.0, "percent_statements_covered_display": "100"}, "missing_lines": [], "excluded_lines": [], "functions": {"WorkflowD2Formatter.__init__": {"executed_lines": [29], "summary": {"covered_lines": 1, "num_statements": 1, "percent_covered": 100.0, "percent_covered_display": "100", "missing_lines": 0, "excluded_lines": 0, "percent_statements_covered": 100.0, "percent_statements_covered_display": "100"}, "missing_lines": [], "excluded_lines": [], "start_line": 23}, "WorkflowD2Formatter.format": {"executed_lines": [40, 43, 44, 45, 48, 49, 50, 51, 53, 54, 55, 56, 57, 61, 62, 63, 64, 67, 68, 70, 71, 72, 73, 74, 77, 78, 79, 80, 81, 82, 85, 86, 88], "summary": {"covered_lines": 33, "num_statements": 33, "percent_covered": 100.0, "percent_covered_display": "100", "missing_lines": 0, "excluded_lines": 0, "percent_statements_covered": 100.0, "percent_statements_covered_display": "100"}, "missing_lines": [], "excluded_lines": [], "start_line": 31}, "WorkflowD2Formatter._format_routine_node": {"executed_lines": [100, 101, 102, 104, 107, 108, 109, 110, 111, 112, 113, 115, 116, 117, 118, 119, 122, 123, 124, 125, 126, 127, 128, 129, 131, 132, 135, 136, 137, 138, 139, 140, 141, 142, 143, 144, 145, 147, 148, 150, 152], "summary": {"covered_lines": 41, "num_statements": 41, "percent_covered": 100.0, "percent_covered_display": "100", "missing_lines": 0, "excluded_lines": 0, "percent_statements_covered": 100.0, "percent_statements_covered_display": "100"}, "missing_lines": [], "excluded_lines": [], "start_line": 90}, "WorkflowD2Formatter._format_connection": {"executed_lines": [163, 164, 165, 166, 167, 168, 171, 172, 173, 174, 175, 177, 181, 183, 184, 185, 186, 187, 188, 189, 191, 193], "summary": {"covered_lines": 22, "num_statements": 22, "percent_covered": 100.0, "percent_covered_display": "100", "missing_lines": 0, "excluded_lines": 0, "percent_statements_covered": 100.0, "percent_statements_covered_display": "100"}, "missing_lines": [], "excluded_lines": [], "start_line": 154}, "WorkflowD2Formatter._format_dependency_graph": {"executed_lines": [204, 205, 207, 208, 210, 211, 212, 215, 216, 217, 218, 220], "summary": {"covered_lines": 12, "num_statements": 12, "percent_covered": 100.0, "percent_covered_display": "100", "missing_lines": 0, "excluded_lines": 0, "percent_statements_covered": 100.0, "percent_statements_covered_display": "100"}, "missing_lines": [], "excluded_lines": [], "start_line": 195}, "": {"executed_lines": [7, 9, 12, 23, 31, 90, 154, 195], "summary": {"covered_lines": 8, "num_statements": 8, "percent_covered": 100.0, "percent_covered_display": "100", "missing_lines": 0, "excluded_lines": 0, "percent_statements_covered": 100.0, "percent_statements_covered_display": "100"}, "missing_lines": [], "excluded_lines": [], "start_line": 1}}, "classes": {"WorkflowD2Formatter": {"executed_lines": [29, 40, 43, 44, 45, 48, 49, 50, 51, 53, 54, 55, 56, 57, 61, 62, 63, 64, 67, 68, 70, 71, 72, 73, 74, 77, 78, 79, 80, 81, 82, 85, 86, 88, 100, 101, 102, 104, 107, 108, 109, 110, 111, 112, 113, 115, 116, 117, 118, 119, 122, 123, 124, 125, 126, 127, 128, 129, 131, 132, 135, 136, 137, 138, 139, 140, 141, 142, 143, 144, 145, 147, 148, 150, 152, 163, 164, 165, 166, 167, 168, 171, 172, 173, 174, 175, 177, 181, 183, 184, 185, 186, 187, 188, 189, 191, 193, 204, 205, 207, 208, 210, 211, 212, 215, 216, 217, 218, 220], "summary": {"covered_lines": 109, "num_statements": 109, "percent_covered": 100.0, "percent_covered_display": "100", "missing_lines": 0, "excluded_lines": 0, "percent_statements_covered": 100.0, "percent_statements_covered_display": "100"}, "missing_lines": [], "excluded_lines": [], "start_line": 12}, "": {"executed_lines": [7, 9, 12, 23, 31, 90, 154, 195], "summary": {"covered_lines": 8, "num_statements": 8, "percent_covered": 100.0, "percent_covered_display": "100", "missing_lines": 0, "excluded_lines": 0, "percent_statements_covered": 100.0, "percent_statements_covered_display": "100"}, "missing_lines": [], "excluded_lines": [], "start_line": 1}}}, "routilux/builtin_routines/__init__.py": {"executed_lines": [16, 19, 23, 28, 33], "summary": {"covered_lines": 5, "num_statements": 5, "percent_covered": 100.0, "percent_covered_display": "100", "missing_lines": 0, "excluded_lines": 0, "percent_statements_covered": 100.0, "percent_statements_covered_display": "100"}, "missing_lines": [], "excluded_lines": [], "functions": {"": {"executed_lines": [16, 19, 23, 28, 33], "summary": {"covered_lines": 5, "num_statements": 5, "percent_covered": 100.0, "percent_covered_display": "100", "missing_lines": 0, "excluded_lines": 0, "percent_statements_covered": 100.0, "percent_statements_covered_display": "100"}, "missing_lines": [], "excluded_lines": [], "start_line": 1}}, "classes": {"": {"executed_lines": [16, 19, 23, 28, 33], "summary": {"covered_lines": 5, "num_statements": 5, "percent_covered": 100.0, "percent_covered_display": "100", "missing_lines": 0, "excluded_lines": 0, "percent_statements_covered": 100.0, "percent_statements_covered_display": "100"}, "missing_lines": [], "excluded_lines": [], "start_line": 1}}}, "routilux/builtin_routines/control_flow/__init__.py": {"executed_lines": [7, 9], "summary": {"covered_lines": 2, "num_statements": 2, "percent_covered": 100.0, "percent_covered_display": "100", "missing_lines": 0, "excluded_lines": 0, "percent_statements_covered": 100.0, "percent_statements_covered_display": "100"}, "missing_lines": [], "excluded_lines": [], "functions": {"": {"executed_lines": [7, 9], "summary": {"covered_lines": 2, "num_statements": 2, "percent_covered": 100.0, "percent_covered_display": "100", "missing_lines": 0, "excluded_lines": 0, "percent_statements_covered": 100.0, "percent_statements_covered_display": "100"}, "missing_lines": [], "excluded_lines": [], "start_line": 1}}, "classes": {"": {"executed_lines": [7, 9], "summary": {"covered_lines": 2, "num_statements": 2, "percent_covered": 100.0, "percent_covered_display": "100", "missing_lines": 0, "excluded_lines": 0, "percent_statements_covered": 100.0, "percent_statements_covered_display": "100"}, "missing_lines": [], "excluded_lines": [], "start_line": 1}}}, "routilux/builtin_routines/control_flow/conditional_router.py": {"executed_lines": [7, 9, 11, 17, 20, 21, 90, 92, 95, 102, 105, 107, 116, 120, 121, 122, 124, 127, 128, 129, 131, 132, 133, 134, 135, 136, 139, 140, 142, 143, 146, 148, 149, 151, 153, 154, 155, 156, 158, 159, 165, 166, 167, 168, 169, 170, 172, 173, 174, 178, 180, 182, 183, 184, 185, 186, 188, 189, 190, 191, 192, 194, 197, 198, 200, 201, 202, 204, 208, 209, 210, 211, 212, 216, 219, 229, 230, 232, 233, 234, 236, 239, 240, 241, 242, 243, 245, 247, 273, 275, 293, 299, 300, 301, 302, 304, 313, 316, 317, 319, 320, 322, 323, 326, 334, 337, 338, 340, 342, 353, 358, 359, 361, 363, 364, 365, 368, 369, 370, 371, 374, 385, 388, 389, 393, 400, 403, 405, 412, 413, 414, 417, 418], "summary": {"covered_lines": 133, "num_statements": 139, "percent_covered": 95.68345323741008, "percent_covered_display": "96", "missing_lines": 6, "excluded_lines": 0, "percent_statements_covered": 95.68345323741008, "percent_statements_covered_display": "96"}, "missing_lines": [162, 177, 327, 329, 377, 378], "excluded_lines": [], "functions": {"ConditionalRouter.__init__": {"executed_lines": [92, 95, 102, 105], "summary": {"covered_lines": 4, "num_statements": 4, "percent_covered": 100.0, "percent_covered_display": "100", "missing_lines": 0, "excluded_lines": 0, "percent_statements_covered": 100.0, "percent_statements_covered_display": "100"}, "missing_lines": [], "excluded_lines": [], "start_line": 90}, "ConditionalRouter._handle_input": {"executed_lines": [116, 120, 121, 122, 124, 127, 128, 129, 131, 132, 133, 134, 135, 136, 139, 140, 142, 143, 146, 148, 149, 151, 153, 154, 155, 156, 158, 159, 165, 166, 167, 168, 169, 170, 172, 173, 174, 178, 180, 182, 183, 184, 185, 186, 188, 189, 190, 191, 192, 194, 197, 198, 200, 201, 202, 204, 208, 209, 210, 211, 212, 216], "summary": {"covered_lines": 62, "num_statements": 64, "percent_covered": 96.875, "percent_covered_display": "97", "missing_lines": 2, "excluded_lines": 0, "percent_statements_covered": 96.875, "percent_statements_covered_display": "97"}, "missing_lines": [162, 177], "excluded_lines": [], "start_line": 107}, "ConditionalRouter._evaluate_dict_condition": {"executed_lines": [229, 230, 232, 233, 234, 236, 239, 240, 241, 242, 243, 245], "summary": {"covered_lines": 12, "num_statements": 12, "percent_covered": 100.0, "percent_covered_display": "100", "missing_lines": 0, "excluded_lines": 0, "percent_statements_covered": 100.0, "percent_statements_covered_display": "100"}, "missing_lines": [], "excluded_lines": [], "start_line": 219}, "ConditionalRouter._evaluate_string_condition": {"executed_lines": [273, 275, 293, 299, 300, 301, 302], "summary": {"covered_lines": 7, "num_statements": 7, "percent_covered": 100.0, "percent_covered_display": "100", "missing_lines": 0, "excluded_lines": 0, "percent_statements_covered": 100.0, "percent_statements_covered_display": "100"}, "missing_lines": [], "excluded_lines": [], "start_line": 247}, "ConditionalRouter.serialize": {"executed_lines": [313, 316, 317, 319, 320, 322, 323, 326, 334, 337, 338, 340], "summary": {"covered_lines": 12, "num_statements": 14, "percent_covered": 85.71428571428571, "percent_covered_display": "86", "missing_lines": 2, "excluded_lines": 0, "percent_statements_covered": 85.71428571428571, "percent_statements_covered_display": "86"}, "missing_lines": [327, 329], "excluded_lines": [], "start_line": 304}, "ConditionalRouter.deserialize": {"executed_lines": [353, 358, 359, 361, 363, 364, 365, 368, 369, 370, 371, 374, 385, 388, 389, 393, 400, 403], "summary": {"covered_lines": 18, "num_statements": 20, "percent_covered": 90.0, "percent_covered_display": "90", "missing_lines": 2, "excluded_lines": 0, "percent_statements_covered": 90.0, "percent_statements_covered_display": "90"}, "missing_lines": [377, 378], "excluded_lines": [], "start_line": 342}, "ConditionalRouter.add_route": {"executed_lines": [412, 413, 414, 417, 418], "summary": {"covered_lines": 5, "num_statements": 5, "percent_covered": 100.0, "percent_covered_display": "100", "missing_lines": 0, "excluded_lines": 0, "percent_statements_covered": 100.0, "percent_statements_covered_display": "100"}, "missing_lines": [], "excluded_lines": [], "start_line": 405}, "": {"executed_lines": [7, 9, 11, 17, 20, 21, 90, 107, 219, 247, 304, 342, 405], "summary": {"covered_lines": 13, "num_statements": 13, "percent_covered": 100.0, "percent_covered_display": "100", "missing_lines": 0, "excluded_lines": 0, "percent_statements_covered": 100.0, "percent_statements_covered_display": "100"}, "missing_lines": [], "excluded_lines": [], "start_line": 1}}, "classes": {"ConditionalRouter": {"executed_lines": [92, 95, 102, 105, 116, 120, 121, 122, 124, 127, 128, 129, 131, 132, 133, 134, 135, 136, 139, 140, 142, 143, 146, 148, 149, 151, 153, 154, 155, 156, 158, 159, 165, 166, 167, 168, 169, 170, 172, 173, 174, 178, 180, 182, 183, 184, 185, 186, 188, 189, 190, 191, 192, 194, 197, 198, 200, 201, 202, 204, 208, 209, 210, 211, 212, 216, 229, 230, 232, 233, 234, 236, 239, 240, 241, 242, 243, 245, 273, 275, 293, 299, 300, 301, 302, 313, 316, 317, 319, 320, 322, 323, 326, 334, 337, 338, 340, 353, 358, 359, 361, 363, 364, 365, 368, 369, 370, 371, 374, 385, 388, 389, 393, 400, 403, 412, 413, 414, 417, 418], "summary": {"covered_lines": 120, "num_statements": 126, "percent_covered": 95.23809523809524, "percent_covered_display": "95", "missing_lines": 6, "excluded_lines": 0, "percent_statements_covered": 95.23809523809524, "percent_statements_covered_display": "95"}, "missing_lines": [162, 177, 327, 329, 377, 378], "excluded_lines": [], "start_line": 21}, "": {"executed_lines": [7, 9, 11, 17, 20, 21, 90, 107, 219, 247, 304, 342, 405], "summary": {"covered_lines": 13, "num_statements": 13, "percent_covered": 100.0, "percent_covered_display": "100", "missing_lines": 0, "excluded_lines": 0, "percent_statements_covered": 100.0, "percent_statements_covered_display": "100"}, "missing_lines": [], "excluded_lines": [], "start_line": 1}}}, "routilux/builtin_routines/data_processing/__init__.py": {"executed_lines": [7, 8, 10], "summary": {"covered_lines": 3, "num_statements": 3, "percent_covered": 100.0, "percent_covered_display": "100", "missing_lines": 0, "excluded_lines": 0, "percent_statements_covered": 100.0, "percent_statements_covered_display": "100"}, "missing_lines": [], "excluded_lines": [], "functions": {"": {"executed_lines": [7, 8, 10], "summary": {"covered_lines": 3, "num_statements": 3, "percent_covered": 100.0, "percent_covered_display": "100", "missing_lines": 0, "excluded_lines": 0, "percent_statements_covered": 100.0, "percent_statements_covered_display": "100"}, "missing_lines": [], "excluded_lines": [], "start_line": 1}}, "classes": {"": {"executed_lines": [7, 8, 10], "summary": {"covered_lines": 3, "num_statements": 3, "percent_covered": 100.0, "percent_covered_display": "100", "missing_lines": 0, "excluded_lines": 0, "percent_statements_covered": 100.0, "percent_statements_covered_display": "100"}, "missing_lines": [], "excluded_lines": [], "start_line": 1}}}, "routilux/builtin_routines/data_processing/data_transformer.py": {"executed_lines": [7, 9, 11, 14, 35, 37, 40, 47, 50, 53, 57, 59, 72, 73, 74, 76, 87, 93, 94, 96, 97, 98, 101, 102, 103, 105, 106, 107, 108, 110, 111, 113, 114, 118, 119, 120, 124, 131, 138, 139, 140], "summary": {"covered_lines": 41, "num_statements": 41, "percent_covered": 100.0, "percent_covered_display": "100", "missing_lines": 0, "excluded_lines": 0, "percent_statements_covered": 100.0, "percent_statements_covered_display": "100"}, "missing_lines": [], "excluded_lines": [], "functions": {"DataTransformer.__init__": {"executed_lines": [37, 40, 47, 50, 53], "summary": {"covered_lines": 5, "num_statements": 5, "percent_covered": 100.0, "percent_covered_display": "100", "missing_lines": 0, "excluded_lines": 0, "percent_statements_covered": 100.0, "percent_statements_covered_display": "100"}, "missing_lines": [], "excluded_lines": [], "start_line": 35}, "DataTransformer._register_builtin_transformations": {"executed_lines": [59, 72, 73, 74], "summary": {"covered_lines": 4, "num_statements": 4, "percent_covered": 100.0, "percent_covered_display": "100", "missing_lines": 0, "excluded_lines": 0, "percent_statements_covered": 100.0, "percent_statements_covered_display": "100"}, "missing_lines": [], "excluded_lines": [], "start_line": 57}, "DataTransformer._handle_input": {"executed_lines": [87, 93, 94, 96, 97, 98, 101, 102, 103, 105, 106, 107, 108, 110, 111, 113, 114, 118, 119, 120, 124], "summary": {"covered_lines": 21, "num_statements": 21, "percent_covered": 100.0, "percent_covered_display": "100", "missing_lines": 0, "excluded_lines": 0, "percent_statements_covered": 100.0, "percent_statements_covered_display": "100"}, "missing_lines": [], "excluded_lines": [], "start_line": 76}, "DataTransformer.register_transformation": {"executed_lines": [138, 139, 140], "summary": {"covered_lines": 3, "num_statements": 3, "percent_covered": 100.0, "percent_covered_display": "100", "missing_lines": 0, "excluded_lines": 0, "percent_statements_covered": 100.0, "percent_statements_covered_display": "100"}, "missing_lines": [], "excluded_lines": [], "start_line": 131}, "": {"executed_lines": [7, 9, 11, 14, 35, 57, 76, 131], "summary": {"covered_lines": 8, "num_statements": 8, "percent_covered": 100.0, "percent_covered_display": "100", "missing_lines": 0, "excluded_lines": 0, "percent_statements_covered": 100.0, "percent_statements_covered_display": "100"}, "missing_lines": [], "excluded_lines": [], "start_line": 1}}, "classes": {"DataTransformer": {"executed_lines": [37, 40, 47, 50, 53, 59, 72, 73, 74, 87, 93, 94, 96, 97, 98, 101, 102, 103, 105, 106, 107, 108, 110, 111, 113, 114, 118, 119, 120, 124, 138, 139, 140], "summary": {"covered_lines": 33, "num_statements": 33, "percent_covered": 100.0, "percent_covered_display": "100", "missing_lines": 0, "excluded_lines": 0, "percent_statements_covered": 100.0, "percent_statements_covered_display": "100"}, "missing_lines": [], "excluded_lines": [], "start_line": 14}, "": {"executed_lines": [7, 9, 11, 14, 35, 57, 76, 131], "summary": {"covered_lines": 8, "num_statements": 8, "percent_covered": 100.0, "percent_covered_display": "100", "missing_lines": 0, "excluded_lines": 0, "percent_statements_covered": 100.0, "percent_statements_covered_display": "100"}, "missing_lines": [], "excluded_lines": [], "start_line": 1}}}, "routilux/builtin_routines/data_processing/data_validator.py": {"executed_lines": [7, 9, 11, 14, 35, 37, 40, 48, 51, 54, 55, 57, 59, 73, 74, 75, 77, 88, 94, 95, 96, 97, 99, 102, 103, 104, 105, 106, 107, 110, 111, 112, 113, 114, 115, 116, 117, 118, 119, 120, 121, 123, 125, 126, 127, 128, 129, 130, 131, 132, 136, 137, 138, 139, 140, 143, 145, 148, 150, 163, 164, 166, 167, 168, 170, 171, 173, 174, 176, 177, 178, 180, 184, 186, 187, 189, 191, 192, 194, 201, 202, 203], "summary": {"covered_lines": 82, "num_statements": 85, "percent_covered": 96.47058823529412, "percent_covered_display": "96", "missing_lines": 3, "excluded_lines": 0, "percent_statements_covered": 96.47058823529412, "percent_statements_covered_display": "96"}, "missing_lines": [175, 179, 182], "excluded_lines": [], "functions": {"DataValidator.__init__": {"executed_lines": [37, 40, 48, 51, 54, 55], "summary": {"covered_lines": 6, "num_statements": 6, "percent_covered": 100.0, "percent_covered_display": "100", "missing_lines": 0, "excluded_lines": 0, "percent_statements_covered": 100.0, "percent_statements_covered_display": "100"}, "missing_lines": [], "excluded_lines": [], "start_line": 35}, "DataValidator._register_builtin_validators": {"executed_lines": [59, 73, 74, 75], "summary": {"covered_lines": 4, "num_statements": 4, "percent_covered": 100.0, "percent_covered_display": "100", "missing_lines": 0, "excluded_lines": 0, "percent_statements_covered": 100.0, "percent_statements_covered_display": "100"}, "missing_lines": [], "excluded_lines": [], "start_line": 57}, "DataValidator._handle_input": {"executed_lines": [88, 94, 95, 96, 97, 99, 102, 103, 104, 105, 106, 107, 110, 111, 112, 113, 114, 115, 116, 117, 118, 119, 120, 121, 123, 125, 126, 127, 128, 129, 130, 131, 132, 136, 137, 138, 139, 140, 143, 145, 148], "summary": {"covered_lines": 41, "num_statements": 41, "percent_covered": 100.0, "percent_covered_display": "100", "missing_lines": 0, "excluded_lines": 0, "percent_statements_covered": 100.0, "percent_statements_covered_display": "100"}, "missing_lines": [], "excluded_lines": [], "start_line": 77}, "DataValidator._validate_field": {"executed_lines": [163, 164, 166, 167, 168, 170, 171, 173, 174, 176, 177, 178, 180, 184, 186, 187, 189, 191, 192], "summary": {"covered_lines": 19, "num_statements": 22, "percent_covered": 86.36363636363636, "percent_covered_display": "86", "missing_lines": 3, "excluded_lines": 0, "percent_statements_covered": 86.36363636363636, "percent_statements_covered_display": "86"}, "missing_lines": [175, 179, 182], "excluded_lines": [], "start_line": 150}, "DataValidator.register_validator": {"executed_lines": [201, 202, 203], "summary": {"covered_lines": 3, "num_statements": 3, "percent_covered": 100.0, "percent_covered_display": "100", "missing_lines": 0, "excluded_lines": 0, "percent_statements_covered": 100.0, "percent_statements_covered_display": "100"}, "missing_lines": [], "excluded_lines": [], "start_line": 194}, "": {"executed_lines": [7, 9, 11, 14, 35, 57, 77, 150, 194], "summary": {"covered_lines": 9, "num_statements": 9, "percent_covered": 100.0, "percent_covered_display": "100", "missing_lines": 0, "excluded_lines": 0, "percent_statements_covered": 100.0, "percent_statements_covered_display": "100"}, "missing_lines": [], "excluded_lines": [], "start_line": 1}}, "classes": {"DataValidator": {"executed_lines": [37, 40, 48, 51, 54, 55, 59, 73, 74, 75, 88, 94, 95, 96, 97, 99, 102, 103, 104, 105, 106, 107, 110, 111, 112, 113, 114, 115, 116, 117, 118, 119, 120, 121, 123, 125, 126, 127, 128, 129, 130, 131, 132, 136, 137, 138, 139, 140, 143, 145, 148, 163, 164, 166, 167, 168, 170, 171, 173, 174, 176, 177, 178, 180, 184, 186, 187, 189, 191, 192, 201, 202, 203], "summary": {"covered_lines": 73, "num_statements": 76, "percent_covered": 96.05263157894737, "percent_covered_display": "96", "missing_lines": 3, "excluded_lines": 0, "percent_statements_covered": 96.05263157894737, "percent_statements_covered_display": "96"}, "missing_lines": [175, 179, 182], "excluded_lines": [], "start_line": 14}, "": {"executed_lines": [7, 9, 11, 14, 35, 57, 77, 150, 194], "summary": {"covered_lines": 9, "num_statements": 9, "percent_covered": 100.0, "percent_covered_display": "100", "missing_lines": 0, "excluded_lines": 0, "percent_statements_covered": 100.0, "percent_statements_covered_display": "100"}, "missing_lines": [], "excluded_lines": [], "start_line": 1}}}, "routilux/builtin_routines/text_processing/__init__.py": {"executed_lines": [7, 8, 9, 11], "summary": {"covered_lines": 4, "num_statements": 4, "percent_covered": 100.0, "percent_covered_display": "100", "missing_lines": 0, "excluded_lines": 0, "percent_statements_covered": 100.0, "percent_statements_covered_display": "100"}, "missing_lines": [], "excluded_lines": [], "functions": {"": {"executed_lines": [7, 8, 9, 11], "summary": {"covered_lines": 4, "num_statements": 4, "percent_covered": 100.0, "percent_covered_display": "100", "missing_lines": 0, "excluded_lines": 0, "percent_statements_covered": 100.0, "percent_statements_covered_display": "100"}, "missing_lines": [], "excluded_lines": [], "start_line": 1}}, "classes": {"": {"executed_lines": [7, 8, 9, 11], "summary": {"covered_lines": 4, "num_statements": 4, "percent_covered": 100.0, "percent_covered_display": "100", "missing_lines": 0, "excluded_lines": 0, "percent_statements_covered": 100.0, "percent_statements_covered_display": "100"}, "missing_lines": [], "excluded_lines": [], "start_line": 1}}}, "routilux/builtin_routines/text_processing/result_extractor.py": {"executed_lines": [7, 9, 10, 11, 12, 14, 16, 19, 22, 36, 69, 71, 74, 96, 99, 102, 106, 108, 109, 113, 116, 117, 120, 124, 125, 128, 129, 134, 137, 138, 140, 152, 153, 154, 160, 163, 165, 174, 175, 176, 179, 181, 182, 184, 185, 186, 187, 188, 191, 192, 195, 198, 200, 208, 211, 213, 215, 216, 217, 219, 220, 222, 223, 226, 227, 229, 241, 242, 254, 256, 262, 263, 265, 267, 268, 272, 281, 283, 284, 285, 286, 287, 288, 290, 292, 294, 296, 307, 310, 311, 314, 315, 318, 319, 322, 325, 329, 333, 334, 336, 337, 338, 340, 341, 342, 343, 352, 353, 355, 357, 361, 362, 365, 366, 367, 368, 369, 373, 375, 379, 380, 382, 384, 385, 386, 388, 389, 390, 396, 398, 402, 403, 430, 434, 435, 451, 455, 456, 458, 459, 463, 469, 477, 478, 481, 482, 483, 485, 486, 488, 489, 490, 491, 492, 493, 494, 495, 497, 498, 499, 502, 503, 504, 514, 516, 520, 521, 522, 524, 528, 529, 530, 532, 543, 548, 549, 550, 551, 553, 555, 574, 575, 577, 578], "summary": {"covered_lines": 184, "num_statements": 219, "percent_covered": 84.01826484018265, "percent_covered_display": "84", "missing_lines": 35, "excluded_lines": 0, "percent_statements_covered": 84.01826484018265, "percent_statements_covered_display": "84"}, "missing_lines": [33, 130, 131, 238, 323, 370, 371, 405, 406, 407, 408, 410, 411, 412, 414, 415, 417, 418, 419, 420, 425, 426, 428, 437, 438, 439, 440, 442, 443, 444, 445, 446, 447, 449, 460], "excluded_lines": [], "functions": {"ExtractorProtocol.extract": {"executed_lines": [], "summary": {"covered_lines": 0, "num_statements": 1, "percent_covered": 0.0, "percent_covered_display": "0", "missing_lines": 1, "excluded_lines": 0, "percent_statements_covered": 0.0, "percent_statements_covered_display": "0"}, "missing_lines": [33], "excluded_lines": [], "start_line": 22}, "ResultExtractor.__init__": {"executed_lines": [71, 74, 96, 99, 102], "summary": {"covered_lines": 5, "num_statements": 5, "percent_covered": 100.0, "percent_covered_display": "100", "missing_lines": 0, "excluded_lines": 0, "percent_statements_covered": 100.0, "percent_statements_covered_display": "100"}, "missing_lines": [], "excluded_lines": [], "start_line": 69}, "ResultExtractor._register_builtin_extractors": {"executed_lines": [108, 109, 113, 116, 117, 120, 124, 125, 128, 129, 134, 137, 138], "summary": {"covered_lines": 13, "num_statements": 15, "percent_covered": 86.66666666666667, "percent_covered_display": "87", "missing_lines": 2, "excluded_lines": 0, "percent_statements_covered": 86.66666666666667, "percent_statements_covered_display": "87"}, "missing_lines": [130, 131], "excluded_lines": [], "start_line": 106}, "ResultExtractor._handle_input": {"executed_lines": [152, 153, 154, 160, 163], "summary": {"covered_lines": 5, "num_statements": 5, "percent_covered": 100.0, "percent_covered_display": "100", "missing_lines": 0, "excluded_lines": 0, "percent_statements_covered": 100.0, "percent_statements_covered_display": "100"}, "missing_lines": [], "excluded_lines": [], "start_line": 140}, "ResultExtractor._extract_with_strategy": {"executed_lines": [174, 175, 176, 179, 181, 182, 184, 185, 186, 187, 188, 191, 192, 195, 198, 200, 208, 211, 213, 215, 216, 217, 219, 220, 222, 223, 226, 227, 229, 241, 242, 254], "summary": {"covered_lines": 32, "num_statements": 33, "percent_covered": 96.96969696969697, "percent_covered_display": "97", "missing_lines": 1, "excluded_lines": 0, "percent_statements_covered": 96.96969696969697, "percent_statements_covered_display": "97"}, "missing_lines": [238], "excluded_lines": [], "start_line": 165}, "ResultExtractor._get_extractor_order": {"executed_lines": [262, 263, 265, 267, 268, 272, 281, 283, 284, 285, 286, 287, 288, 290, 292, 294], "summary": {"covered_lines": 16, "num_statements": 16, "percent_covered": 100.0, "percent_covered_display": "100", "missing_lines": 0, "excluded_lines": 0, "percent_statements_covered": 100.0, "percent_statements_covered_display": "100"}, "missing_lines": [], "excluded_lines": [], "start_line": 256}, "ResultExtractor._calculate_confidence": {"executed_lines": [307, 310, 311, 314, 315, 318, 319, 322, 325], "summary": {"covered_lines": 9, "num_statements": 10, "percent_covered": 90.0, "percent_covered_display": "90", "missing_lines": 1, "excluded_lines": 0, "percent_statements_covered": 90.0, "percent_statements_covered_display": "90"}, "missing_lines": [323], "excluded_lines": [], "start_line": 296}, "ResultExtractor._extract_json_code_block": {"executed_lines": [333, 334, 336, 337, 338, 340, 341, 342, 343, 352, 353, 355], "summary": {"covered_lines": 12, "num_statements": 12, "percent_covered": 100.0, "percent_covered_display": "100", "missing_lines": 0, "excluded_lines": 0, "percent_statements_covered": 100.0, "percent_statements_covered_display": "100"}, "missing_lines": [], "excluded_lines": [], "start_line": 329}, "ResultExtractor._extract_json_string": {"executed_lines": [361, 362, 365, 366, 367, 368, 369, 373], "summary": {"covered_lines": 8, "num_statements": 10, "percent_covered": 80.0, "percent_covered_display": "80", "missing_lines": 2, "excluded_lines": 0, "percent_statements_covered": 80.0, "percent_statements_covered_display": "80"}, "missing_lines": [370, 371], "excluded_lines": [], "start_line": 357}, "ResultExtractor._extract_code_block": {"executed_lines": [379, 380, 382, 384, 385, 386, 388, 389, 390, 396], "summary": {"covered_lines": 10, "num_statements": 10, "percent_covered": 100.0, "percent_covered_display": "100", "missing_lines": 0, "excluded_lines": 0, "percent_statements_covered": 100.0, "percent_statements_covered_display": "100"}, "missing_lines": [], "excluded_lines": [], "start_line": 375}, "ResultExtractor._extract_yaml_code_block": {"executed_lines": [402, 403], "summary": {"covered_lines": 2, "num_statements": 18, "percent_covered": 11.11111111111111, "percent_covered_display": "11", "missing_lines": 16, "excluded_lines": 0, "percent_statements_covered": 11.11111111111111, "percent_statements_covered_display": "11"}, "missing_lines": [405, 406, 407, 408, 410, 411, 412, 414, 415, 417, 418, 419, 420, 425, 426, 428], "excluded_lines": [], "start_line": 398}, "ResultExtractor._extract_yaml_string": {"executed_lines": [434, 435], "summary": {"covered_lines": 2, "num_statements": 13, "percent_covered": 15.384615384615385, "percent_covered_display": "15", "missing_lines": 11, "excluded_lines": 0, "percent_statements_covered": 15.384615384615385, "percent_statements_covered_display": "15"}, "missing_lines": [437, 438, 439, 440, 442, 443, 444, 445, 446, 447, 449], "excluded_lines": [], "start_line": 430}, "ResultExtractor._extract_xml_code_block": {"executed_lines": [455, 456, 458, 459, 463], "summary": {"covered_lines": 5, "num_statements": 6, "percent_covered": 83.33333333333333, "percent_covered_display": "83", "missing_lines": 1, "excluded_lines": 0, "percent_statements_covered": 83.33333333333333, "percent_statements_covered_display": "83"}, "missing_lines": [460], "excluded_lines": [], "start_line": 451}, "ResultExtractor._format_interpreter_output": {"executed_lines": [477, 478, 481, 482, 483, 485, 486, 488, 489, 490, 491, 492, 493, 494, 495, 497, 498, 499, 502, 503, 504, 514], "summary": {"covered_lines": 22, "num_statements": 22, "percent_covered": 100.0, "percent_covered_display": "100", "missing_lines": 0, "excluded_lines": 0, "percent_statements_covered": 100.0, "percent_statements_covered_display": "100"}, "missing_lines": [], "excluded_lines": [], "start_line": 469}, "ResultExtractor._extract_dict": {"executed_lines": [520, 521, 522], "summary": {"covered_lines": 3, "num_statements": 3, "percent_covered": 100.0, "percent_covered_display": "100", "missing_lines": 0, "excluded_lines": 0, "percent_statements_covered": 100.0, "percent_statements_covered_display": "100"}, "missing_lines": [], "excluded_lines": [], "start_line": 516}, "ResultExtractor._extract_list": {"executed_lines": [528, 529, 530], "summary": {"covered_lines": 3, "num_statements": 3, "percent_covered": 100.0, "percent_covered_display": "100", "missing_lines": 0, "excluded_lines": 0, "percent_statements_covered": 100.0, "percent_statements_covered_display": "100"}, "missing_lines": [], "excluded_lines": [], "start_line": 524}, "ResultExtractor._extract_code_blocks": {"executed_lines": [543, 548, 549, 550, 551, 553], "summary": {"covered_lines": 6, "num_statements": 6, "percent_covered": 100.0, "percent_covered_display": "100", "missing_lines": 0, "excluded_lines": 0, "percent_statements_covered": 100.0, "percent_statements_covered_display": "100"}, "missing_lines": [], "excluded_lines": [], "start_line": 532}, "ResultExtractor.register_extractor": {"executed_lines": [574, 575, 577, 578], "summary": {"covered_lines": 4, "num_statements": 4, "percent_covered": 100.0, "percent_covered_display": "100", "missing_lines": 0, "excluded_lines": 0, "percent_statements_covered": 100.0, "percent_statements_covered_display": "100"}, "missing_lines": [], "excluded_lines": [], "start_line": 555}, "": {"executed_lines": [7, 9, 10, 11, 12, 14, 16, 19, 22, 36, 69, 106, 140, 165, 256, 296, 329, 357, 375, 398, 430, 451, 469, 516, 524, 532, 555], "summary": {"covered_lines": 27, "num_statements": 27, "percent_covered": 100.0, "percent_covered_display": "100", "missing_lines": 0, "excluded_lines": 0, "percent_statements_covered": 100.0, "percent_statements_covered_display": "100"}, "missing_lines": [], "excluded_lines": [], "start_line": 1}}, "classes": {"ExtractorProtocol": {"executed_lines": [], "summary": {"covered_lines": 0, "num_statements": 1, "percent_covered": 0.0, "percent_covered_display": "0", "missing_lines": 1, "excluded_lines": 0, "percent_statements_covered": 0.0, "percent_statements_covered_display": "0"}, "missing_lines": [33], "excluded_lines": [], "start_line": 19}, "ResultExtractor": {"executed_lines": [71, 74, 96, 99, 102, 108, 109, 113, 116, 117, 120, 124, 125, 128, 129, 134, 137, 138, 152, 153, 154, 160, 163, 174, 175, 176, 179, 181, 182, 184, 185, 186, 187, 188, 191, 192, 195, 198, 200, 208, 211, 213, 215, 216, 217, 219, 220, 222, 223, 226, 227, 229, 241, 242, 254, 262, 263, 265, 267, 268, 272, 281, 283, 284, 285, 286, 287, 288, 290, 292, 294, 307, 310, 311, 314, 315, 318, 319, 322, 325, 333, 334, 336, 337, 338, 340, 341, 342, 343, 352, 353, 355, 361, 362, 365, 366, 367, 368, 369, 373, 379, 380, 382, 384, 385, 386, 388, 389, 390, 396, 402, 403, 434, 435, 455, 456, 458, 459, 463, 477, 478, 481, 482, 483, 485, 486, 488, 489, 490, 491, 492, 493, 494, 495, 497, 498, 499, 502, 503, 504, 514, 520, 521, 522, 528, 529, 530, 543, 548, 549, 550, 551, 553, 574, 575, 577, 578], "summary": {"covered_lines": 157, "num_statements": 191, "percent_covered": 82.19895287958116, "percent_covered_display": "82", "missing_lines": 34, "excluded_lines": 0, "percent_statements_covered": 82.19895287958116, "percent_statements_covered_display": "82"}, "missing_lines": [130, 131, 238, 323, 370, 371, 405, 406, 407, 408, 410, 411, 412, 414, 415, 417, 418, 419, 420, 425, 426, 428, 437, 438, 439, 440, 442, 443, 444, 445, 446, 447, 449, 460], "excluded_lines": [], "start_line": 36}, "": {"executed_lines": [7, 9, 10, 11, 12, 14, 16, 19, 22, 36, 69, 106, 140, 165, 256, 296, 329, 357, 375, 398, 430, 451, 469, 516, 524, 532, 555], "summary": {"covered_lines": 27, "num_statements": 27, "percent_covered": 100.0, "percent_covered_display": "100", "missing_lines": 0, "excluded_lines": 0, "percent_statements_covered": 100.0, "percent_statements_covered_display": "100"}, "missing_lines": [], "excluded_lines": [], "start_line": 1}}}, "routilux/builtin_routines/text_processing/text_clipper.py": {"executed_lines": [7, 9, 11, 14, 34, 36, 39, 44, 47, 51, 62, 65, 66, 67, 69, 70, 71, 72, 75, 76, 77, 78, 80, 82, 85, 88, 89, 93, 96, 97, 98, 101, 102, 104, 107, 114, 124, 125, 127, 128, 129, 130, 132, 133, 134, 135, 136, 138, 139, 141, 145, 146, 147, 149, 150], "summary": {"covered_lines": 55, "num_statements": 57, "percent_covered": 96.49122807017544, "percent_covered_display": "96", "missing_lines": 2, "excluded_lines": 0, "percent_statements_covered": 96.49122807017544, "percent_statements_covered_display": "96"}, "missing_lines": [86, 142], "excluded_lines": [], "functions": {"TextClipper.__init__": {"executed_lines": [36, 39, 44, 47], "summary": {"covered_lines": 4, "num_statements": 4, "percent_covered": 100.0, "percent_covered_display": "100", "missing_lines": 0, "excluded_lines": 0, "percent_statements_covered": 100.0, "percent_statements_covered_display": "100"}, "missing_lines": [], "excluded_lines": [], "start_line": 34}, "TextClipper._handle_input": {"executed_lines": [62, 65, 66, 67, 69, 70, 71, 72, 75, 76, 77, 78, 80, 82, 85, 88, 89, 93, 96, 97, 98, 101, 102, 104, 107], "summary": {"covered_lines": 25, "num_statements": 26, "percent_covered": 96.15384615384616, "percent_covered_display": "96", "missing_lines": 1, "excluded_lines": 0, "percent_statements_covered": 96.15384615384616, "percent_statements_covered_display": "96"}, "missing_lines": [86], "excluded_lines": [], "start_line": 51}, "TextClipper._clip_text": {"executed_lines": [124, 125, 127, 128, 129, 130, 132, 133, 134, 135, 136, 138, 139, 141, 145, 146, 147, 149, 150], "summary": {"covered_lines": 19, "num_statements": 20, "percent_covered": 95.0, "percent_covered_display": "95", "missing_lines": 1, "excluded_lines": 0, "percent_statements_covered": 95.0, "percent_statements_covered_display": "95"}, "missing_lines": [142], "excluded_lines": [], "start_line": 114}, "": {"executed_lines": [7, 9, 11, 14, 34, 51, 114], "summary": {"covered_lines": 7, "num_statements": 7, "percent_covered": 100.0, "percent_covered_display": "100", "missing_lines": 0, "excluded_lines": 0, "percent_statements_covered": 100.0, "percent_statements_covered_display": "100"}, "missing_lines": [], "excluded_lines": [], "start_line": 1}}, "classes": {"TextClipper": {"executed_lines": [36, 39, 44, 47, 62, 65, 66, 67, 69, 70, 71, 72, 75, 76, 77, 78, 80, 82, 85, 88, 89, 93, 96, 97, 98, 101, 102, 104, 107, 124, 125, 127, 128, 129, 130, 132, 133, 134, 135, 136, 138, 139, 141, 145, 146, 147, 149, 150], "summary": {"covered_lines": 48, "num_statements": 50, "percent_covered": 96.0, "percent_covered_display": "96", "missing_lines": 2, "excluded_lines": 0, "percent_statements_covered": 96.0, "percent_statements_covered_display": "96"}, "missing_lines": [86, 142], "excluded_lines": [], "start_line": 14}, "": {"executed_lines": [7, 9, 11, 14, 34, 51, 114], "summary": {"covered_lines": 7, "num_statements": 7, "percent_covered": 100.0, "percent_covered_display": "100", "missing_lines": 0, "excluded_lines": 0, "percent_statements_covered": 100.0, "percent_statements_covered_display": "100"}, "missing_lines": [], "excluded_lines": [], "start_line": 1}}}, "routilux/builtin_routines/text_processing/text_renderer.py": {"executed_lines": [7, 9, 11, 14, 35, 37, 40, 47, 50, 52, 62, 67, 68, 71, 73, 85, 86, 89, 90, 91, 92, 94, 95, 96, 98, 99, 100, 101, 103, 104, 106, 108, 110, 111, 112, 113, 115, 116, 120, 124, 127], "summary": {"covered_lines": 41, "num_statements": 42, "percent_covered": 97.61904761904762, "percent_covered_display": "98", "missing_lines": 1, "excluded_lines": 0, "percent_statements_covered": 97.61904761904762, "percent_statements_covered_display": "98"}, "missing_lines": [118], "excluded_lines": [], "functions": {"TextRenderer.__init__": {"executed_lines": [37, 40, 47, 50], "summary": {"covered_lines": 4, "num_statements": 4, "percent_covered": 100.0, "percent_covered_display": "100", "missing_lines": 0, "excluded_lines": 0, "percent_statements_covered": 100.0, "percent_statements_covered_display": "100"}, "missing_lines": [], "excluded_lines": [], "start_line": 35}, "TextRenderer._handle_input": {"executed_lines": [62, 67, 68, 71], "summary": {"covered_lines": 4, "num_statements": 4, "percent_covered": 100.0, "percent_covered_display": "100", "missing_lines": 0, "excluded_lines": 0, "percent_statements_covered": 100.0, "percent_statements_covered_display": "100"}, "missing_lines": [], "excluded_lines": [], "start_line": 52}, "TextRenderer._render_object": {"executed_lines": [85, 86, 89, 90, 91, 92, 94, 95, 96, 98, 99, 100, 101, 103, 104, 106, 108, 110, 111, 112, 113, 115, 116, 120, 124, 127], "summary": {"covered_lines": 26, "num_statements": 27, "percent_covered": 96.29629629629629, "percent_covered_display": "96", "missing_lines": 1, "excluded_lines": 0, "percent_statements_covered": 96.29629629629629, "percent_statements_covered_display": "96"}, "missing_lines": [118], "excluded_lines": [], "start_line": 73}, "": {"executed_lines": [7, 9, 11, 14, 35, 52, 73], "summary": {"covered_lines": 7, "num_statements": 7, "percent_covered": 100.0, "percent_covered_display": "100", "missing_lines": 0, "excluded_lines": 0, "percent_statements_covered": 100.0, "percent_statements_covered_display": "100"}, "missing_lines": [], "excluded_lines": [], "start_line": 1}}, "classes": {"TextRenderer": {"executed_lines": [37, 40, 47, 50, 62, 67, 68, 71, 85, 86, 89, 90, 91, 92, 94, 95, 96, 98, 99, 100, 101, 103, 104, 106, 108, 110, 111, 112, 113, 115, 116, 120, 124, 127], "summary": {"covered_lines": 34, "num_statements": 35, "percent_covered": 97.14285714285714, "percent_covered_display": "97", "missing_lines": 1, "excluded_lines": 0, "percent_statements_covered": 97.14285714285714, "percent_statements_covered_display": "97"}, "missing_lines": [118], "excluded_lines": [], "start_line": 14}, "": {"executed_lines": [7, 9, 11, 14, 35, 52, 73], "summary": {"covered_lines": 7, "num_statements": 7, "percent_covered": 100.0, "percent_covered_display": "100", "missing_lines": 0, "excluded_lines": 0, "percent_statements_covered": 100.0, "percent_statements_covered_display": "100"}, "missing_lines": [], "excluded_lines": [], "start_line": 1}}}, "routilux/builtin_routines/utils/__init__.py": {"executed_lines": [7, 8, 10], "summary": {"covered_lines": 3, "num_statements": 3, "percent_covered": 100.0, "percent_covered_display": "100", "missing_lines": 0, "excluded_lines": 0, "percent_statements_covered": 100.0, "percent_statements_covered_display": "100"}, "missing_lines": [], "excluded_lines": [], "functions": {"": {"executed_lines": [7, 8, 10], "summary": {"covered_lines": 3, "num_statements": 3, "percent_covered": 100.0, "percent_covered_display": "100", "missing_lines": 0, "excluded_lines": 0, "percent_statements_covered": 100.0, "percent_statements_covered_display": "100"}, "missing_line
[...]
nes": 0, "percent_statements_covered": 100.0, "percent_statements_covered_display": "100"}, "missing_lines": [], "excluded_lines": [], "start_line": 211}, "ExecutionMixin.get_event": {"executed_lines": [231], "summary": {"covered_lines": 1, "num_statements": 1, "percent_covered": 100.0, "percent_covered_display": "100", "missing_lines": 0, "excluded_lines": 0, "percent_statements_covered": 100.0, "percent_statements_covered_display": "100"}, "missing_lines": [], "excluded_lines": [], "start_line": 222}, "ExecutionMixin.emit": {"executed_lines": [247, 248, 250, 253, 254, 258, 259, 260, 261, 262, 263, 264, 267, 271, 272, 273, 275, 276, 279, 281, 282, 283, 284, 285, 286, 289, 290], "summary": {"covered_lines": 27, "num_statements": 27, "percent_covered": 100.0, "percent_covered_display": "100", "missing_lines": 0, "excluded_lines": 0, "percent_statements_covered": 100.0, "percent_statements_covered_display": "100"}, "missing_lines": [], "excluded_lines": [], "start_line": 233}, "ExecutionMixin._prepare_execution_data": {"executed_lines": [304, 305, 307, 308, 309, 311, 314, 315], "summary": {"covered_lines": 8, "num_statements": 9, "percent_covered": 88.88888888888889, "percent_covered_display": "89", "missing_lines": 1, "excluded_lines": 0, "percent_statements_covered": 88.88888888888889, "percent_statements_covered_display": "89"}, "missing_lines": [312], "excluded_lines": [], "start_line": 292}, "ExecutionMixin._extract_input_data": {"executed_lines": [331, 332], "summary": {"covered_lines": 2, "num_statements": 9, "percent_covered": 22.22222222222222, "percent_covered_display": "22", "missing_lines": 7, "excluded_lines": 0, "percent_statements_covered": 22.22222222222222, "percent_statements_covered_display": "22"}, "missing_lines": [334, 335, 337, 338, 340, 341, 343], "excluded_lines": [], "start_line": 317}, "LifecycleMixin.__init__": {"executed_lines": [362, 363, 364], "summary": {"covered_lines": 3, "num_statements": 3, "percent_covered": 100.0, "percent_covered_display": "100", "missing_lines": 0, "excluded_lines": 0, "percent_statements_covered": 100.0, "percent_statements_covered_display": "100"}, "missing_lines": [], "excluded_lines": [], "start_line": 357}, "LifecycleMixin.before_execution": {"executed_lines": [380, 381], "summary": {"covered_lines": 2, "num_statements": 2, "percent_covered": 100.0, "percent_covered_display": "100", "missing_lines": 0, "excluded_lines": 0, "percent_statements_covered": 100.0, "percent_statements_covered_display": "100"}, "missing_lines": [], "excluded_lines": [], "start_line": 366}, "LifecycleMixin.after_execution": {"executed_lines": [397, 398], "summary": {"covered_lines": 2, "num_statements": 2, "percent_covered": 100.0, "percent_covered_display": "100", "missing_lines": 0, "excluded_lines": 0, "percent_statements_covered": 100.0, "percent_statements_covered_display": "100"}, "missing_lines": [], "excluded_lines": [], "start_line": 383}, "LifecycleMixin._run_before_hooks": {"executed_lines": [], "summary": {"covered_lines": 0, "num_statements": 2, "percent_covered": 0.0, "percent_covered_display": "0", "missing_lines": 2, "excluded_lines": 0, "percent_statements_covered": 0.0, "percent_statements_covered_display": "0"}, "missing_lines": [402, 403], "excluded_lines": [], "start_line": 400}, "LifecycleMixin._run_after_hooks": {"executed_lines": [], "summary": {"covered_lines": 0, "num_statements": 2, "percent_covered": 0.0, "percent_covered_display": "0", "missing_lines": 2, "excluded_lines": 0, "percent_statements_covered": 0.0, "percent_statements_covered_display": "0"}, "missing_lines": [407, 408], "excluded_lines": [], "start_line": 405}, "": {"executed_lines": [14, 25, 35, 45, 53, 71, 86, 101, 113, 123, 134, 143, 180, 211, 222, 233, 292, 317, 346, 357, 366, 383, 400, 405, 411], "summary": {"covered_lines": 25, "num_statements": 25, "percent_covered": 100.0, "percent_covered_display": "100", "missing_lines": 0, "excluded_lines": 6, "percent_statements_covered": 100.0, "percent_statements_covered_display": "100"}, "missing_lines": [], "excluded_lines": [17, 18, 19, 20, 21, 22], "start_line": 1}}, "classes": {"ConfigMixin": {"executed_lines": [50, 51, 68, 69, 84, 99, 111, 120], "summary": {"covered_lines": 8, "num_statements": 8, "percent_covered": 100.0, "percent_covered_display": "100", "missing_lines": 0, "excluded_lines": 0, "percent_statements_covered": 100.0, "percent_statements_covered_display": "100"}, "missing_lines": [], "excluded_lines": [], "start_line": 35}, "ExecutionMixin": {"executed_lines": [139, 140, 141, 171, 172, 174, 176, 177, 178, 202, 203, 205, 207, 208, 209, 220, 231, 247, 248, 250, 253, 254, 258, 259, 260, 261, 262, 263, 264, 267, 271, 272, 273, 275, 276, 279, 281, 282, 283, 284, 285, 286, 289, 290, 304, 305, 307, 308, 309, 311, 314, 315, 331, 332], "summary": {"covered_lines": 54, "num_statements": 62, "percent_covered": 87.09677419354838, "percent_covered_display": "87", "missing_lines": 8, "excluded_lines": 0, "percent_statements_covered": 87.09677419354838, "percent_statements_covered_display": "87"}, "missing_lines": [312, 334, 335, 337, 338, 340, 341, 343], "excluded_lines": [], "start_line": 123}, "LifecycleMixin": {"executed_lines": [362, 363, 364, 380, 381, 397, 398], "summary": {"covered_lines": 7, "num_statements": 11, "percent_covered": 63.63636363636363, "percent_covered_display": "64", "missing_lines": 4, "excluded_lines": 0, "percent_statements_covered": 63.63636363636363, "percent_statements_covered_display": "64"}, "missing_lines": [402, 403, 407, 408], "excluded_lines": [], "start_line": 346}, "": {"executed_lines": [14, 25, 31, 32, 35, 45, 53, 71, 86, 101, 113, 123, 134, 143, 180, 211, 222, 233, 292, 317, 346, 357, 366, 383, 400, 405, 411], "summary": {"covered_lines": 27, "num_statements": 27, "percent_covered": 100.0, "percent_covered_display": "100", "missing_lines": 0, "excluded_lines": 6, "percent_statements_covered": 100.0, "percent_statements_covered_display": "100"}, "missing_lines": [], "excluded_lines": [17, 18, 19, 20, 21, 22], "start_line": 1}}}, "routilux/slot.py": {"executed_lines": [7, 9, 16, 19, 20, 88, 135, 136, 137, 138, 139, 140, 141, 142, 146, 155, 161, 162, 164, 165, 167, 173, 174, 176, 177, 179, 218, 221, 222, 224, 225, 226, 227, 228, 230, 231, 232, 233, 241, 245, 247, 248, 249, 250, 252, 254, 255, 256, 258, 259, 262, 263, 264, 266, 267, 269, 270, 271, 274, 277, 278, 279, 280, 282, 283, 286, 287, 289, 291, 293, 295, 297, 299, 300, 301, 305, 313, 314, 317, 325, 337, 341, 344, 349, 356, 358, 361, 363, 419, 423, 424, 426, 429, 430, 432, 433, 437, 438, 441, 444, 445, 447, 451, 455, 456, 457, 460, 461, 466, 467, 469, 498, 501, 502, 503, 505, 506, 509, 510, 511, 513, 534, 535, 538, 541, 543, 546, 557, 558, 567, 569, 570, 571, 572, 573, 575, 585, 590, 592, 604, 607], "summary": {"covered_lines": 141, "num_statements": 172, "percent_covered": 81.97674418604652, "percent_covered_display": "82", "missing_lines": 31, "excluded_lines": 10, "percent_statements_covered": 81.97674418604652, "percent_statements_covered_display": "82"}, "missing_lines": [234, 235, 236, 296, 351, 359, 514, 516, 517, 518, 521, 524, 525, 526, 527, 529, 530, 533, 547, 548, 549, 551, 552, 553, 609, 610, 612, 613, 614, 615, 618], "excluded_lines": [11, 12, 13, 14, 148, 149, 150, 151, 152, 153], "functions": {"Slot.__init__": {"executed_lines": [135, 136, 137, 138, 139, 140, 141, 142, 146], "summary": {"covered_lines": 9, "num_statements": 9, "percent_covered": 100.0, "percent_covered_display": "100", "missing_lines": 0, "excluded_lines": 0, "percent_statements_covered": 100.0, "percent_statements_covered_display": "100"}, "missing_lines": [], "excluded_lines": [], "start_line": 88}, "Slot.__repr__": {"executed_lines": [], "summary": {"covered_lines": 0, "num_statements": 0, "percent_covered": 100.0, "percent_covered_display": "100", "missing_lines": 0, "excluded_lines": 5, "percent_statements_covered": 100.0, "percent_statements_covered_display": "100"}, "missing_lines": [], "excluded_lines": [149, 150, 151, 152, 153], "start_line": 148}, "Slot.connect": {"executed_lines": [161, 162, 164, 165], "summary": {"covered_lines": 4, "num_statements": 4, "percent_covered": 100.0, "percent_covered_display": "100", "missing_lines": 0, "excluded_lines": 0, "percent_statements_covered": 100.0, "percent_statements_covered_display": "100"}, "missing_lines": [], "excluded_lines": [], "start_line": 155}, "Slot.disconnect": {"executed_lines": [173, 174, 176, 177], "summary": {"covered_lines": 4, "num_statements": 4, "percent_covered": 100.0, "percent_covered_display": "100", "missing_lines": 0, "excluded_lines": 0, "percent_statements_covered": 100.0, "percent_statements_covered_display": "100"}, "missing_lines": [], "excluded_lines": [], "start_line": 167}, "Slot.receive": {"executed_lines": [218, 221, 222, 224, 225, 226, 227, 228, 230, 231, 232, 233, 241, 245, 247, 248, 249, 250, 252, 254, 255, 256, 258, 259, 262, 263, 264, 266, 267, 269, 270, 271, 274, 277, 278, 279, 280, 282, 283, 286, 287, 289, 291, 293, 295, 297, 299, 300, 301, 305, 313, 314, 317, 325, 337, 341, 344, 349, 356, 358, 361], "summary": {"covered_lines": 61, "num_statements": 67, "percent_covered": 91.04477611940298, "percent_covered_display": "91", "missing_lines": 6, "excluded_lines": 0, "percent_statements_covered": 91.04477611940298, "percent_statements_covered_display": "91"}, "missing_lines": [234, 235, 236, 296, 351, 359], "excluded_lines": [], "start_line": 179}, "Slot._merge_data": {"executed_lines": [419, 423, 424, 426, 429, 430, 432, 433, 437, 438, 441, 444, 445, 447, 451, 455, 456, 457, 460, 461, 466, 467], "summary": {"covered_lines": 22, "num_statements": 22, "percent_covered": 100.0, "percent_covered_display": "100", "missing_lines": 0, "excluded_lines": 0, "percent_statements_covered": 100.0, "percent_statements_covered_display": "100"}, "missing_lines": [], "excluded_lines": [], "start_line": 363}, "Slot.call_handler": {"executed_lines": [498, 501, 502, 503, 505, 506, 509, 510, 511, 513, 534, 535, 538, 541, 543, 546], "summary": {"covered_lines": 16, "num_statements": 34, "percent_covered": 47.05882352941177, "percent_covered_display": "47", "missing_lines": 18, "excluded_lines": 0, "percent_statements_covered": 47.05882352941177, "percent_statements_covered_display": "47"}, "missing_lines": [514, 516, 517, 518, 521, 524, 525, 526, 527, 529, 530, 533, 547, 548, 549, 551, 552, 553], "excluded_lines": [], "start_line": 469}, "Slot._is_kwargs_handler": {"executed_lines": [567, 569, 570, 571, 572, 573], "summary": {"covered_lines": 6, "num_statements": 6, "percent_covered": 100.0, "percent_covered_display": "100", "missing_lines": 0, "excluded_lines": 0, "percent_statements_covered": 100.0, "percent_statements_covered_display": "100"}, "missing_lines": [], "excluded_lines": [], "start_line": 558}, "Slot.serialize": {"executed_lines": [585, 590], "summary": {"covered_lines": 2, "num_statements": 2, "percent_covered": 100.0, "percent_covered_display": "100", "missing_lines": 0, "excluded_lines": 0, "percent_statements_covered": 100.0, "percent_statements_covered_display": "100"}, "missing_lines": [], "excluded_lines": [], "start_line": 575}, "Slot.deserialize": {"executed_lines": [604, 607], "summary": {"covered_lines": 2, "num_statements": 9, "percent_covered": 22.22222222222222, "percent_covered_display": "22", "missing_lines": 7, "excluded_lines": 0, "percent_statements_covered": 22.22222222222222, "percent_statements_covered_display": "22"}, "missing_lines": [609, 610, 612, 613, 614, 615, 618], "excluded_lines": [], "start_line": 592}, "": {"executed_lines": [7, 9, 16, 19, 20, 88, 155, 167, 179, 363, 469, 557, 558, 575, 592], "summary": {"covered_lines": 15, "num_statements": 15, "percent_covered": 100.0, "percent_covered_display": "100", "missing_lines": 0, "excluded_lines": 5, "percent_statements_covered": 100.0, "percent_statements_covered_display": "100"}, "missing_lines": [], "excluded_lines": [11, 12, 13, 14, 148], "start_line": 1}}, "classes": {"Slot": {"executed_lines": [135, 136, 137, 138, 139, 140, 141, 142, 146, 161, 162, 164, 165, 173, 174, 176, 177, 218, 221, 222, 224, 225, 226, 227, 228, 230, 231, 232, 233, 241, 245, 247, 248, 249, 250, 252, 254, 255, 256, 258, 259, 262, 263, 264, 266, 267, 269, 270, 271, 274, 277, 278, 279, 280, 282, 283, 286, 287, 289, 291, 293, 295, 297, 299, 300, 301, 305, 313, 314, 317, 325, 337, 341, 344, 349, 356, 358, 361, 419, 423, 424, 426, 429, 430, 432, 433, 437, 438, 441, 444, 445, 447, 451, 455, 456, 457, 460, 461, 466, 467, 498, 501, 502, 503, 505, 506, 509, 510, 511, 513, 534, 535, 538, 541, 543, 546, 567, 569, 570, 571, 572, 573, 585, 590, 604, 607], "summary": {"covered_lines": 126, "num_statements": 157, "percent_covered": 80.2547770700637, "percent_covered_display": "80", "missing_lines": 31, "excluded_lines": 5, "percent_statements_covered": 80.2547770700637, "percent_statements_covered_display": "80"}, "missing_lines": [234, 235, 236, 296, 351, 359, 514, 516, 517, 518, 521, 524, 525, 526, 527, 529, 530, 533, 547, 548, 549, 551, 552, 553, 609, 610, 612, 613, 614, 615, 618], "excluded_lines": [149, 150, 151, 152, 153], "start_line": 20}, "": {"executed_lines": [7, 9, 16, 19, 20, 88, 155, 167, 179, 363, 469, 557, 558, 575, 592], "summary": {"covered_lines": 15, "num_statements": 15, "percent_covered": 100.0, "percent_covered_display": "100", "missing_lines": 0, "excluded_lines": 5, "percent_statements_covered": 100.0, "percent_statements_covered_display": "100"}, "missing_lines": [], "excluded_lines": [11, 12, 13, 14, 148], "start_line": 1}}}, "routilux/validators.py": {"executed_lines": [30, 33, 41, 48, 49, 50, 52, 54, 55, 56, 59, 67, 68, 83, 85, 86, 105, 107, 119, 125, 131, 133, 142, 143, 144, 146, 147, 148, 149, 150, 156, 165, 174, 176, 185, 186, 189, 190, 191, 192, 193, 194, 196, 197, 198, 199, 202], "summary": {"covered_lines": 47, "num_statements": 47, "percent_covered": 100.0, "percent_covered_display": "100", "missing_lines": 0, "excluded_lines": 1, "percent_statements_covered": 100.0, "percent_statements_covered_display": "100"}, "missing_lines": [], "excluded_lines": [116], "functions": {"ValidationError.__init__": {"executed_lines": [48, 49, 50], "summary": {"covered_lines": 3, "num_statements": 3, "percent_covered": 100.0, "percent_covered_display": "100", "missing_lines": 0, "excluded_lines": 0, "percent_statements_covered": 100.0, "percent_statements_covered_display": "100"}, "missing_lines": [], "excluded_lines": [], "start_line": 41}, "ValidationError.__str__": {"executed_lines": [54, 55, 56], "summary": {"covered_lines": 3, "num_statements": 3, "percent_covered": 100.0, "percent_covered_display": "100", "missing_lines": 0, "excluded_lines": 0, "percent_statements_covered": 100.0, "percent_statements_covered_display": "100"}, "missing_lines": [], "excluded_lines": [], "start_line": 52}, "Validator.types": {"executed_lines": [83], "summary": {"covered_lines": 1, "num_statements": 1, "percent_covered": 100.0, "percent_covered_display": "100", "missing_lines": 0, "excluded_lines": 0, "percent_statements_covered": 100.0, "percent_statements_covered_display": "100"}, "missing_lines": [], "excluded_lines": [], "start_line": 68}, "Validator.custom": {"executed_lines": [105], "summary": {"covered_lines": 1, "num_statements": 1, "percent_covered": 100.0, "percent_covered_display": "100", "missing_lines": 0, "excluded_lines": 0, "percent_statements_covered": 100.0, "percent_statements_covered_display": "100"}, "missing_lines": [], "excluded_lines": [], "start_line": 86}, "Validator.validate": {"executed_lines": [], "summary": {"covered_lines": 0, "num_statements": 0, "percent_covered": 100.0, "percent_covered_display": "100", "missing_lines": 0, "excluded_lines": 1, "percent_statements_covered": 100.0, "percent_statements_covered_display": "100"}, "missing_lines": [], "excluded_lines": [116], "start_line": 107}, "TypesValidator.__init__": {"executed_lines": [131], "summary": {"covered_lines": 1, "num_statements": 1, "percent_covered": 100.0, "percent_covered_display": "100", "missing_lines": 0, "excluded_lines": 0, "percent_statements_covered": 100.0, "percent_statements_covered_display": "100"}, "missing_lines": [], "excluded_lines": [], "start_line": 125}, "TypesValidator.validate": {"executed_lines": [142, 143, 144, 146, 147, 148, 149, 150], "summary": {"covered_lines": 8, "num_statements": 8, "percent_covered": 100.0, "percent_covered_display": "100", "missing_lines": 0, "excluded_lines": 0, "percent_statements_covered": 100.0, "percent_statements_covered_display": "100"}, "missing_lines": [], "excluded_lines": [], "start_line": 133}, "CustomValidator.__init__": {"executed_lines": [174], "summary": {"covered_lines": 1, "num_statements": 1, "percent_covered": 100.0, "percent_covered_display": "100", "missing_lines": 0, "excluded_lines": 0, "percent_statements_covered": 100.0, "percent_statements_covered_display": "100"}, "missing_lines": [], "excluded_lines": [], "start_line": 165}, "CustomValidator.validate": {"executed_lines": [185, 186, 189, 190, 191, 192, 193, 194, 196, 197, 198, 199], "summary": {"covered_lines": 12, "num_statements": 12, "percent_covered": 100.0, "percent_covered_display": "100", "missing_lines": 0, "excluded_lines": 0, "percent_statements_covered": 100.0, "percent_statements_covered_display": "100"}, "missing_lines": [], "excluded_lines": [], "start_line": 176}, "": {"executed_lines": [30, 33, 41, 52, 59, 67, 68, 85, 86, 107, 119, 125, 133, 156, 165, 176, 202], "summary": {"covered_lines": 17, "num_statements": 17, "percent_covered": 100.0, "percent_covered_display": "100", "missing_lines": 0, "excluded_lines": 0, "percent_statements_covered": 100.0, "percent_statements_covered_display": "100"}, "missing_lines": [], "excluded_lines": [], "start_line": 1}}, "classes": {"ValidationError": {"executed_lines": [48, 49, 50, 54, 55, 56], "summary": {"covered_lines": 6, "num_statements": 6, "percent_covered": 100.0, "percent_covered_display": "100", "missing_lines": 0, "excluded_lines": 0, "percent_statements_covered": 100.0, "percent_statements_covered_display": "100"}, "missing_lines": [], "excluded_lines": [], "start_line": 33}, "Validator": {"executed_lines": [83, 105], "summary": {"covered_lines": 2, "num_statements": 2, "percent_covered": 100.0, "percent_covered_display": "100", "missing_lines": 0, "excluded_lines": 1, "percent_statements_covered": 100.0, "percent_statements_covered_display": "100"}, "missing_lines": [], "excluded_lines": [116], "start_line": 59}, "TypesValidator": {"executed_lines": [131, 142, 143, 144, 146, 147, 148, 149, 150], "summary": {"covered_lines": 9, "num_statements": 9, "percent_covered": 100.0, "percent_covered_display": "100", "missing_lines": 0, "excluded_lines": 0, "percent_statements_covered": 100.0, "percent_statements_covered_display": "100"}, "missing_lines": [], "excluded_lines": [], "start_line": 119}, "CustomValidator": {"executed_lines": [174, 185, 186, 189, 190, 191, 192, 193, 194, 196, 197, 198, 199], "summary": {"covered_lines": 13, "num_statements": 13, "percent_covered": 100.0, "percent_covered_display": "100", "missing_lines": 0, "excluded_lines": 0, "percent_statements_covered": 100.0, "percent_statements_covered_display": "100"}, "missing_lines": [], "excluded_lines": [], "start_line": 156}, "": {"executed_lines": [30, 33, 41, 52, 59, 67, 68, 85, 86, 107, 119, 125, 133, 156, 165, 176, 202], "summary": {"covered_lines": 17, "num_statements": 17, "percent_covered": 100.0, "percent_covered_display": "100", "missing_lines": 0, "excluded_lines": 0, "percent_statements_covered": 100.0, "percent_statements_covered_display": "100"}, "missing_lines": [], "excluded_lines": [], "start_line": 1}}}}, "totals": {"covered_lines": 2997, "num_statements": 3305, "percent_covered": 90.68078668683812, "percent_covered_display": "91", "missing_lines": 308, "excluded_lines": 87, "percent_statements_covered": 90.68078668683812, "percent_statements_covered_display": "91"}}