{"meta": {"format": 3, "version": "7.13.1", "timestamp": "2026-02-05T20:57:27.601123", "branch_coverage": false, "show_contexts": false}, "files": {"routilux/__init__.py": {"executed_lines": [8, 19, 33, 34, 35, 38, 46, 47, 48, 49, 55, 56, 57, 59, 109], "summary": {"covered_lines": 15, "num_statements": 15, "percent_covered": 100.0, "percent_covered_display": "100", "missing_lines": 0, "excluded_lines": 0, "percent_statements_covered": 100.0, "percent_statements_covered_display": "100"}, "missing_lines": [], "excluded_lines": [], "functions": {"": {"executed_lines": [8, 19, 33, 34, 35, 38, 46, 47, 48, 49, 55, 56, 57, 59, 109], "summary": {"covered_lines": 15, "num_statements": 15, "percent_covered": 100.0, "percent_covered_display": "100", "missing_lines": 0, "excluded_lines": 0, "percent_statements_covered": 100.0, "percent_statements_covered_display": "100"}, "missing_lines": [], "excluded_lines": [], "start_line": 1}}, "classes": {"": {"executed_lines": [8, 19, 33, 34, 35, 38, 46, 47, 48, 49, 55, 56, 57, 59, 109], "summary": {"covered_lines": 15, "num_statements": 15, "percent_covered": 100.0, "percent_covered_display": "100", "missing_lines": 0, "excluded_lines": 0, "percent_statements_covered": 100.0, "percent_statements_covered_display": "100"}, "missing_lines": [], "excluded_lines": [], "start_line": 1}}}, "routilux/analysis/__init__.py": {"executed_lines": [9, 17, 23], "summary": {"covered_lines": 3, "num_statements": 3, "percent_covered": 100.0, "percent_covered_display": "100", "missing_lines": 0, "excluded_lines": 0, "percent_statements_covered": 100.0, "percent_statements_covered_display": "100"}, "missing_lines": [], "excluded_lines": [], "functions": {"": {"executed_lines": [9, 17, 23], "summary": {"covered_lines": 3, "num_statements": 3, "percent_covered": 100.0, "percent_covered_display": "100", "missing_lines": 0, "excluded_lines": 0, "percent_statements_covered": 100.0, "percent_statements_covered_display": "100"}, "missing_lines": [], "excluded_lines": [], "start_line": 1}}, "classes": {"": {"executed_lines": [9, 17, 23], "summary": {"covered_lines": 3, "num_statements": 3, "percent_covered": 100.0, "percent_covered_display": "100", "missing_lines": 0, "excluded_lines": 0, "percent_statements_covered": 100.0, "percent_statements_covered_display": "100"}, "missing_lines": [], "excluded_lines": [], "start_line": 1}}}, "routilux/analysis/analyzers/__init__.py": {"executed_lines": [7, 8, 10], "summary": {"covered_lines": 3, "num_statements": 3, "percent_covered": 100.0, "percent_covered_display": "100", "missing_lines": 0, "excluded_lines": 0, "percent_statements_covered": 100.0, "percent_statements_covered_display": "100"}, "missing_lines": [], "excluded_lines": [], "functions": {"": {"executed_lines": [7, 8, 10], "summary": {"covered_lines": 3, "num_statements": 3, "percent_covered": 100.0, "percent_covered_display": "100", "missing_lines": 0, "excluded_lines": 0, "percent_statements_covered": 100.0, "percent_statements_covered_display": "100"}, "missing_lines": [], "excluded_lines": [], "start_line": 1}}, "classes": {"": {"executed_lines": [7, 8, 10], "summary": {"covered_lines": 3, "num_statements": 3, "percent_covered": 100.0, "percent_covered_display": "100", "missing_lines": 0, "excluded_lines": 0, "percent_statements_covered": 100.0, "percent_statements_covered_display": "100"}, "missing_lines": [], "excluded_lines": [], "start_line": 1}}}, "routilux/analysis/analyzers/routine.py": {"executed_lines": [7, 9, 10, 11, 12, 15, 30, 34, 78, 97, 134, 149, 171, 193, 213, 245, 270, 288, 303, 332, 350, 367, 400, 412, 427], "summary": {"covered_lines": 25, "num_statements": 173, "percent_covered": 14.45086705202312, "percent_covered_display": "14", "missing_lines": 148, "excluded_lines": 0, "percent_statements_covered": 14.45086705202312, "percent_statements_covered_display": "14"}, "missing_lines": [32, 57, 58, 59, 61, 62, 64, 66, 69, 70, 71, 72, 73, 74, 76, 87, 88, 89, 90, 91, 93, 94, 95, 109, 120, 121, 122, 123, 124, 127, 128, 129, 130, 132, 144, 145, 146, 147, 158, 160, 161, 163, 164, 165, 166, 167, 169, 180, 182, 183, 185, 186, 187, 188, 189, 191, 202, 204, 205, 207, 208, 209, 211, 222, 223, 225, 232, 233, 234, 237, 238, 239, 240, 241, 243, 254, 255, 257, 260, 261, 262, 264, 265, 266, 268, 279, 282, 283, 284, 286, 297, 298, 299, 300, 301, 312, 313, 314, 315, 316, 317, 318, 319, 320, 321, 322, 323, 324, 325, 326, 327, 328, 329, 330, 341, 342, 343, 344, 345, 346, 347, 348, 359, 360, 361, 363, 364, 365, 376, 384, 385, 386, 387, 388, 390, 391, 392, 393, 395, 396, 398, 410, 420, 421, 423, 424, 436, 437], "excluded_lines": [], "functions": {"RoutineAnalyzer.__init__": {"executed_lines": [], "summary": {"covered_lines": 0, "num_statements": 1, "percent_covered": 0.0, "percent_covered_display": "0", "missing_lines": 1, "excluded_lines": 0, "percent_statements_covered": 0.0, "percent_statements_covered_display": "0"}, "missing_lines": [32], "excluded_lines": [], "start_line": 30}, "RoutineAnalyzer.analyze_file": {"executed_lines": [], "summary": {"covered_lines": 0, "num_statements": 14, "percent_covered": 0.0, "percent_covered_display": "0", "missing_lines": 14, "excluded_lines": 0, "percent_statements_covered": 0.0, "percent_statements_covered_display": "0"}, "missing_lines": [57, 58, 59, 61, 62, 64, 66, 69, 70, 71, 72, 73, 74, 76], "excluded_lines": [], "start_line": 34}, "RoutineAnalyzer._inherits_from_routine": {"executed_lines": [], "summary": {"covered_lines": 0, "num_statements": 8, "percent_covered": 0.0, "percent_covered_display": "0", "missing_lines": 8, "excluded_lines": 0, "percent_statements_covered": 0.0, "percent_statements_covered_display": "0"}, "missing_lines": [87, 88, 89, 90, 91, 93, 94, 95], "excluded_lines": [], "start_line": 78}, "RoutineAnalyzer._analyze_routine_class": {"executed_lines": [], "summary": {"covered_lines": 0, "num_statements": 11, "percent_covered": 0.0, "percent_covered_display": "0", "missing_lines": 11, "excluded_lines": 0, "percent_statements_covered": 0.0, "percent_statements_covered_display": "0"}, "missing_lines": [109, 120, 121, 122, 123, 124, 127, 128, 129, 130, 132], "excluded_lines": [], "start_line": 97}, "RoutineAnalyzer._find_method": {"executed_lines": [], "summary": {"covered_lines": 0, "num_statements": 4, "percent_covered": 0.0, "percent_covered_display": "0", "missing_lines": 4, "excluded_lines": 0, "percent_statements_covered": 0.0, "percent_statements_covered_display": "0"}, "missing_lines": [144, 145, 146, 147], "excluded_lines": [], "start_line": 134}, "RoutineAnalyzer._extract_slots": {"executed_lines": [], "summary": {"covered_lines": 0, "num_statements": 9, "percent_covered": 0.0, "percent_covered_display": "0", "missing_lines": 9, "excluded_lines": 0, "percent_statements_covered": 0.0, "percent_statements_covered_display": "0"}, "missing_lines": [158, 160, 161, 163, 164, 165, 166, 167, 169], "excluded_lines": [], "start_line": 149}, "RoutineAnalyzer._extract_events": {"executed_lines": [], "summary": {"covered_lines": 0, "num_statements": 9, "percent_covered": 0.0, "percent_covered_display": "0", "missing_lines": 9, "excluded_lines": 0, "percent_statements_covered": 0.0, "percent_statements_covered_display": "0"}, "missing_lines": [180, 182, 183, 185, 186, 187, 188, 189, 191], "excluded_lines": [], "start_line": 171}, "RoutineAnalyzer._extract_config": {"executed_lines": [], "summary": {"covered_lines": 0, "num_statements": 7, "percent_covered": 0.0, "percent_covered_display": "0", "missing_lines": 7, "excluded_lines": 0, "percent_statements_covered": 0.0, "percent_statements_covered_display": "0"}, "missing_lines": [202, 204, 205, 207, 208, 209, 211], "excluded_lines": [], "start_line": 193}, "RoutineAnalyzer._parse_define_slot_call": {"executed_lines": [], "summary": {"covered_lines": 0, "num_statements": 12, "percent_covered": 0.0, "percent_covered_display": "0", "missing_lines": 12, "excluded_lines": 0, "percent_statements_covered": 0.0, "percent_statements_covered_display": "0"}, "missing_lines": [222, 223, 225, 232, 233, 234, 237, 238, 239, 240, 241, 243], "excluded_lines": [], "start_line": 213}, "RoutineAnalyzer._parse_define_event_call": {"executed_lines": [], "summary": {"covered_lines": 0, "num_statements": 10, "percent_covered": 0.0, "percent_covered_display": "0", "missing_lines": 10, "excluded_lines": 0, "percent_statements_covered": 0.0, "percent_statements_covered_display": "0"}, "missing_lines": [254, 255, 257, 260, 261, 262, 264, 265, 266, 268], "excluded_lines": [], "start_line": 245}, "RoutineAnalyzer._parse_set_config_call": {"executed_lines": [], "summary": {"covered_lines": 0, "num_statements": 5, "percent_covered": 0.0, "percent_covered_display": "0", "missing_lines": 5, "excluded_lines": 0, "percent_statements_covered": 0.0, "percent_statements_covered_display": "0"}, "missing_lines": [279, 282, 283, 284, 286], "excluded_lines": [], "start_line": 270}, "RoutineAnalyzer._extract_string_value": {"executed_lines": [], "summary": {"covered_lines": 0, "num_statements": 5, "percent_covered": 0.0, "percent_covered_display": "0", "missing_lines": 5, "excluded_lines": 0, "percent_statements_covered": 0.0, "percent_statements_covered_display": "0"}, "missing_lines": [297, 298, 299, 300, 301], "excluded_lines": [], "start_line": 288}, "RoutineAnalyzer._extract_literal_value": {"executed_lines": [], "summary": {"covered_lines": 0, "num_statements": 19, "percent_covered": 0.0, "percent_covered_display": "0", "missing_lines": 19, "excluded_lines": 0, "percent_statements_covered": 0.0, "percent_statements_covered_display": "0"}, "missing_lines": [312, 313, 314, 315, 316, 317, 318, 319, 320, 321, 322, 323, 324, 325, 326, 327, 328, 329, 330], "excluded_lines": [], "start_line": 303}, "RoutineAnalyzer._extract_list_of_strings": {"executed_lines": [], "summary": {"covered_lines": 0, "num_statements": 8, "percent_covered": 0.0, "percent_covered_display": "0", "missing_lines": 8, "excluded_lines": 0, "percent_statements_covered": 0.0, "percent_statements_covered_display": "0"}, "missing_lines": [341, 342, 343, 344, 345, 346, 347, 348], "excluded_lines": [], "start_line": 332}, "RoutineAnalyzer._extract_function_reference": {"executed_lines": [], "summary": {"covered_lines": 0, "num_statements": 6, "percent_covered": 0.0, "percent_covered_display": "0", "missing_lines": 6, "excluded_lines": 0, "percent_statements_covered": 0.0, "percent_statements_covered_display": "0"}, "missing_lines": [359, 360, 361, 363, 364, 365], "excluded_lines": [], "start_line": 350}, "RoutineAnalyzer._analyze_method": {"executed_lines": [], "summary": {"covered_lines": 0, "num_statements": 13, "percent_covered": 0.0, "percent_covered_display": "0", "missing_lines": 13, "excluded_lines": 0, "percent_statements_covered": 0.0, "percent_statements_covered_display": "0"}, "missing_lines": [376, 384, 385, 386, 387, 388, 390, 391, 392, 393, 395, 396, 398], "excluded_lines": [], "start_line": 367}, "RoutineAnalyzer.to_json": {"executed_lines": [], "summary": {"covered_lines": 0, "num_statements": 1, "percent_covered": 0.0, "percent_covered_display": "0", "missing_lines": 1, "excluded_lines": 0, "percent_statements_covered": 0.0, "percent_statements_covered_display": "0"}, "missing_lines": [410], "excluded_lines": [], "start_line": 400}, "RoutineAnalyzer.save_json": {"executed_lines": [], "summary": {"covered_lines": 0, "num_statements": 4, "percent_covered": 0.0, "percent_covered_display": "0", "missing_lines": 4, "excluded_lines": 0, "percent_statements_covered": 0.0, "percent_statements_covered_display": "0"}, "missing_lines": [420, 421, 423, 424], "excluded_lines": [], "start_line": 412}, "analyze_routine_file": {"executed_lines": [], "summary": {"covered_lines": 0, "num_statements": 2, "percent_covered": 0.0, "percent_covered_display": "0", "missing_lines": 2, "excluded_lines": 0, "percent_statements_covered": 0.0, "percent_statements_covered_display": "0"}, "missing_lines": [436, 437], "excluded_lines": [], "start_line": 427}, "": {"executed_lines": [7, 9, 10, 11, 12, 15, 30, 34, 78, 97, 134, 149, 171, 193, 213, 245, 270, 288, 303, 332, 350, 367, 400, 412, 427], "summary": {"covered_lines": 25, "num_statements": 25, "percent_covered": 100.0, "percent_covered_display": "100", "missing_lines": 0, "excluded_lines": 0, "percent_statements_covered": 100.0, "percent_statements_covered_display": "100"}, "missing_lines": [], "excluded_lines": [], "start_line": 1}}, "classes": {"RoutineAnalyzer": {"executed_lines": [], "summary": {"covered_lines": 0, "num_statements": 146, "percent_covered": 0.0, "percent_covered_display": "0", "missing_lines": 146, "excluded_lines": 0, "percent_statements_covered": 0.0, "percent_statements_covered_display": "0"}, "missing_lines": [32, 57, 58, 59, 61, 62, 64, 66, 69, 70, 71, 72, 73, 74, 76, 87, 88, 89, 90, 91, 93, 94, 95, 109, 120, 121, 122, 123, 124, 127, 128, 129, 130, 132, 144, 145, 146, 147, 158, 160, 161, 163, 164, 165, 166, 167, 169, 180, 182, 183, 185, 186, 187, 188, 189, 191, 202, 204, 205, 207, 208, 209, 211, 222, 223, 225, 232, 233, 234, 237, 238, 239, 240, 241, 243, 254, 255, 257, 260, 261, 262, 264, 265, 266, 268, 279, 282, 283, 284, 286, 297, 298, 299, 300, 301, 312, 313, 314, 315, 316, 317, 318, 319, 320, 321, 322, 323, 324, 325, 326, 327, 328, 329, 330, 341, 342, 343, 344, 345, 346, 347, 348, 359, 360, 361, 363, 364, 365, 376, 384, 385, 386, 387, 388, 390, 391, 392, 393, 395, 396, 398, 410, 420, 421, 423, 424], "excluded_lines": [], "start_line": 15}, "": {"executed_lines": [7, 9, 10, 11, 12, 15, 30, 34, 78, 97, 134, 149, 171, 193, 213, 245, 270, 288, 303, 332, 350, 367, 400, 412, 427], "summary": {"covered_lines": 25, "num_statements": 27, "percent_covered": 92.5925925925926, "percent_covered_display": "93", "missing_lines": 2, "excluded_lines": 0, "percent_statements_covered": 92.5925925925926, "percent_statements_covered_display": "93"}, "missing_lines": [436, 437], "excluded_lines": [], "start_line": 1}}}, "routilux/analysis/analyzers/workflow.py": {"executed_lines": [8, 10, 11, 12, 13, 15, 16, 17, 20, 34, 43, 111, 173, 199, 214, 246, 274, 294, 313, 326, 341, 369, 415, 487, 517, 542, 711, 804, 865, 893], "summary": {"covered_lines": 30, "num_statements": 438, "percent_covered": 6.8493150684931505, "percent_covered_display": "7", "missing_lines": 408, "excluded_lines": 0, "percent_statements_covered": 6.8493150684931505, "percent_statements_covered_display": "7"}, "missing_lines": [41, 81, 93, 94, 95, 98, 99, 100, 101, 104, 107, 109, 124, 135, 136, 137, 144, 145, 146, 147, 148, 149, 152, 154, 157, 158, 159, 163, 166, 167, 168, 169, 171, 182, 184, 185, 187, 190, 191, 192, 193, 195, 197, 209, 210, 211, 212, 224, 225, 227, 228, 230, 231, 233, 234, 236, 244, 256, 258, 259, 260, 262, 263, 265, 266, 268, 269, 270, 272, 283, 285, 286, 287, 288, 289, 290, 292, 303, 304, 305, 306, 307, 308, 311, 323, 324, 334, 335, 337, 338, 339, 364, 365, 367, 371, 372, 373, 376, 377, 378, 379, 382, 383, 384, 385, 386, 387, 390, 391, 392, 393, 394, 395, 397, 398, 401, 402, 403, 404, 405, 407, 408, 409, 411, 413, 422, 424, 427, 428, 429, 430, 431, 434, 435, 436, 437, 438, 439, 440, 441, 444, 445, 446, 447, 448, 449, 451, 452, 453, 454, 455, 456, 457, 458, 459, 462, 463, 464, 465, 468, 470, 471, 474, 475, 476, 477, 478, 481, 482, 483, 485, 498, 499, 501, 502, 505, 506, 507, 508, 509, 510, 512, 513, 515, 529, 530, 532, 533, 536, 537, 538, 540, 555, 556, 557, 558, 559, 560, 561, 564, 565, 566, 567, 569, 572, 573, 574, 575, 578, 579, 580, 581, 582, 583, 584, 585, 586, 587, 588, 589, 590, 591, 592, 593, 595, 596, 597, 601, 604, 605, 606, 607, 608, 609, 610, 613, 614, 615, 616, 617, 618, 619, 620, 621, 622, 623, 626, 627, 629, 631, 634, 635, 636, 637, 638, 639, 640, 641, 644, 647, 648, 649, 650, 651, 652, 655, 656, 657, 658, 659, 661, 662, 663, 664, 665, 666, 667, 668, 669, 670, 673, 674, 675, 676, 677, 680, 681, 682, 683, 684, 685, 687, 688, 689, 690, 691, 692, 693, 694, 695, 696, 699, 700, 701, 702, 703, 704, 705, 707, 709, 720, 721, 722, 723, 724, 725, 728, 731, 732, 733, 734, 735, 736, 737, 740, 741, 742, 746, 751, 754, 756, 757, 758, 759, 761, 762, 763, 764, 766, 767, 768, 769, 771, 772, 773, 774, 776, 777, 778, 779, 781, 782, 783, 786, 787, 788, 790, 791, 792, 793, 794, 795, 796, 797, 798, 799, 800, 802, 816, 817, 818, 819, 822, 823, 826, 827, 828, 831, 832, 834, 835, 836, 838, 839, 840, 841, 842, 843, 844, 846, 847, 850, 851, 852, 853, 856, 857, 858, 859, 861, 863, 884, 885, 887, 889, 890, 903, 904], "excluded_lines": [], "functions": {"WorkflowAnalyzer.__init__": {"executed_lines": [], "summary": {"covered_lines": 0, "num_statements": 1, "percent_covered": 0.0, "percent_covered_display": "0", "missing_lines": 1, "excluded_lines": 0, "percent_statements_covered": 0.0, "percent_statements_covered_display": "0"}, "missing_lines": [41], "excluded_lines": [], "start_line": 34}, "WorkflowAnalyzer.analyze_flow": {"executed_lines": [], "summary": {"covered_lines": 0, "num_statements": 11, "percent_covered": 0.0, "percent_covered_display": "0", "missing_lines": 11, "excluded_lines": 0, "percent_statements_covered": 0.0, "percent_statements_covered_display": "0"}, "missing_lines": [81, 93, 94, 95, 98, 99, 100, 101, 104, 107, 109], "excluded_lines": [], "start_line": 43}, "WorkflowAnalyzer._analyze_routine": {"executed_lines": [], "summary": {"covered_lines": 0, "num_statements": 21, "percent_covered": 0.0, "percent_covered_display": "0", "missing_lines": 21, "excluded_lines": 0, "percent_statements_covered": 0.0, "percent_statements_covered_display": "0"}, "missing_lines": [124, 135, 136, 137, 144, 145, 146, 147, 148, 149, 152, 154, 157, 158, 159, 163, 166, 167, 168, 169, 171], "excluded_lines": [], "start_line": 111}, "WorkflowAnalyzer._analyze_routine_source": {"executed_lines": [], "summary": {"covered_lines": 0, "num_statements": 10, "percent_covered": 0.0, "percent_covered_display": "0", "missing_lines": 10, "excluded_lines": 0, "percent_statements_covered": 0.0, "percent_statements_covered_display": "0"}, "missing_lines": [182, 184, 185, 187, 190, 191, 192, 193, 195, 197], "excluded_lines": [], "start_line": 173}, "WorkflowAnalyzer._get_routine_id": {"executed_lines": [], "summary": {"covered_lines": 0, "num_statements": 4, "percent_covered": 0.0, "percent_covered_display": "0", "missing_lines": 4, "excluded_lines": 0, "percent_statements_covered": 0.0, "percent_statements_covered_display": "0"}, "missing_lines": [209, 210, 211, 212], "excluded_lines": [], "start_line": 199}, "WorkflowAnalyzer._analyze_connection": {"executed_lines": [], "summary": {"covered_lines": 0, "num_statements": 10, "percent_covered": 0.0, "percent_covered_display": "0", "missing_lines": 10, "excluded_lines": 0, "percent_statements_covered": 0.0, "percent_statements_covered_display": "0"}, "missing_lines": [224, 225, 227, 228, 230, 231, 233, 234, 236, 244], "excluded_lines": [], "start_line": 214}, "WorkflowAnalyzer._build_dependency_graph": {"executed_lines": [], "summary": {"covered_lines": 0, "num_statements": 12, "percent_covered": 0.0, "percent_covered_display": "0", "missing_lines": 12, "excluded_lines": 0, "percent_statements_covered": 0.0, "percent_statements_covered_display": "0"}, "missing_lines": [256, 258, 259, 260, 262, 263, 265, 266, 268, 269, 270, 272], "excluded_lines": [], "start_line": 246}, "WorkflowAnalyzer._find_entry_points": {"executed_lines": [], "summary": {"covered_lines": 0, "num_statements": 8, "percent_covered": 0.0, "percent_covered_display": "0", "missing_lines": 8, "excluded_lines": 0, "percent_statements_covered": 0.0, "percent_statements_covered_display": "0"}, "missing_lines": [283, 285, 286, 287, 288, 289, 290, 292], "excluded_lines": [], "start_line": 274}, "WorkflowAnalyzer._make_json_serializable": {"executed_lines": [], "summary": {"covered_lines": 0, "num_statements": 7, "percent_covered": 0.0, "percent_covered_display": "0", "missing_lines": 7, "excluded_lines": 0, "percent_statements_covered": 0.0, "percent_statements_covered_display": "0"}, "missing_lines": [303, 304, 305, 306, 307, 308, 311], "excluded_lines": [], "start_line": 294}, "WorkflowAnalyzer.to_json": {"executed_lines": [], "summary": {"covered_lines": 0, "num_statements": 2, "percent_covered": 0.0, "percent_covered_display": "0", "missing_lines": 2, "excluded_lines": 0, "percent_statements_covered": 0.0, "percent_statements_covered_display": "0"}, "missing_lines": [323, 324], "excluded_lines": [], "start_line": 313}, "WorkflowAnalyzer.save_json": {"executed_lines": [], "summary": {"covered_lines": 0, "num_statements": 5, "percent_covered": 0.0, "percent_covered_display": "0", "missing_lines": 5, "excluded_lines": 0, "percent_statements_covered": 0.0, "percent_statements_covered_display": "0"}, "missing_lines": [334, 335, 337, 338, 339], "excluded_lines": [], "start_line": 326}, "WorkflowAnalyzer.to_d2_format": {"executed_lines": [], "summary": {"covered_lines": 0, "num_statements": 3, "percent_covered": 0.0, "percent_covered_display": "0", "missing_lines": 3, "excluded_lines": 0, "percent_statements_covered": 0.0, "percent_statements_covered_display": "0"}, "missing_lines": [364, 365, 367], "excluded_lines": [], "start_line": 341}, "WorkflowAnalyzer._to_d2_format_standard": {"executed_lines": [], "summary": {"covered_lines": 0, "num_statements": 31, "percent_covered": 0.0, "percent_covered_display": "0", "missing_lines": 31, "excluded_lines": 0, "percent_statements_covered": 0.0, "percent_statements_covered_display": "0"}, "missing_lines": [371, 372, 373, 376, 377, 378, 379, 382, 383, 384, 385, 386, 387, 390, 391, 392, 393, 394, 395, 397, 398, 401, 402, 403, 404, 405, 407, 408, 409, 411, 413], "excluded_lines": [], "start_line": 369}, "WorkflowAnalyzer._to_d2_format_ultimate": {"executed_lines": [], "summary": {"covered_lines": 0, "num_statements": 46, "percent_covered": 0.0, "percent_covered_display": "0", "missing_lines": 46, "excluded_lines": 0, "percent_statements_covered": 0.0, "percent_statements_covered_display": "0"}, "missing_lines": [422, 424, 427, 428, 429, 430, 431, 434, 435, 436, 437, 438, 439, 440, 441, 444, 445, 446, 447, 448, 449, 451, 452, 453, 454, 455, 456, 457, 458, 459, 462, 463, 464, 465, 468, 470, 471, 474, 475, 476, 477, 478, 481, 482, 483, 485], "excluded_lines": [], "start_line": 415}, "WorkflowAnalyzer._load_routine_analysis": {"executed_lines": [], "summary": {"covered_lines": 0, "num_statements": 13, "percent_covered": 0.0, "percent_covered_display": "0", "missing_lines": 13, "excluded_lines": 0, "percent_statements_covered": 0.0, "percent_statements_covered_display": "0"}, "missing_lines": [498, 499, 501, 502, 505, 506, 507, 508, 509, 510, 512, 513, 515], "excluded_lines": [], "start_line": 487}, "WorkflowAnalyzer._get_enhanced_routine_info": {"executed_lines": [], "summary": {"covered_lines": 0, "num_statements": 8, "percent_covered": 0.0, "percent_covered_display": "0", "missing_lines": 8, "excluded_lines": 0, "percent_statements_covered": 0.0, "percent_statements_covered_display": "0"}, "missing_lines": [529, 530, 532, 533, 536, 537, 538, 540], "excluded_lines": [], "start_line": 517}, "WorkflowAnalyzer._format_ultimate_routine_node": {"executed_lines": [], "summary": {"covered_lines": 0, "num_statements": 118, "percent_covered": 0.0, "percent_covered_display": "0", "missing_lines": 118, "excluded_lines": 0, "percent_statements_covered": 0.0, "percent_statements_covered_display": "0"}, "missing_lines": [555, 556, 557, 558, 559, 560, 561, 564, 565, 566, 567, 569, 572, 573, 574, 575, 578, 579, 580, 581, 582, 583, 584, 585, 586, 587, 588, 589, 590, 591, 592, 593, 595, 596, 597, 601, 604, 605, 606, 607, 608, 609, 610, 613, 614, 615, 616, 617, 618, 619, 620, 621, 622, 623, 626, 627, 629, 631, 634, 635, 636, 637, 638, 639, 640, 641, 644, 647, 648, 649, 650, 651, 652, 655, 656, 657, 658, 659, 661, 662, 663, 664, 665, 666, 667, 668, 669, 670, 673, 674, 675, 676, 677, 680, 681, 682, 683, 684, 685, 687, 688, 689, 690, 691, 692, 693, 694, 695, 696, 699, 700, 701, 702, 703, 704, 705, 707, 709], "excluded_lines": [], "start_line": 542}, "WorkflowAnalyzer._format_ultimate_connection": {"executed_lines": [], "summary": {"covered_lines": 0, "num_statements": 58, "percent_covered": 0.0, "percent_covered_display": "0", "missing_lines": 58, "excluded_lines": 0, "percent_statements_covered": 0.0, "percent_statements_covered_display": "0"}, "missing_lines": [720, 721, 722, 723, 724, 725, 728, 731, 732, 733, 734, 735, 736, 737, 740, 741, 742, 746, 751, 754, 756, 757, 758, 759, 761, 762, 763, 764, 766, 767, 768, 769, 771, 772, 773, 774, 776, 777, 778, 779, 781, 782, 783, 786, 787, 788, 790, 791, 792, 793, 794, 795, 796, 797, 798, 799, 800, 802], "excluded_lines": [], "start_line": 711}, "WorkflowAnalyzer._format_dependency_section": {"executed_lines": [], "summary": {"covered_lines": 0, "num_statements": 33, "percent_covered": 0.0, "percent_covered_display": "0", "missing_lines": 33, "excluded_lines": 0, "percent_statements_covered": 0.0, "percent_statements_covered_display": "0"}, "missing_lines": [816, 817, 818, 819, 822, 823, 826, 827, 828, 831, 832, 834, 835, 836, 838, 839, 840, 841, 842, 843, 844, 846, 847, 850, 851, 852, 853, 856, 857, 858, 859, 861, 863], "excluded_lines": [], "start_line": 804}, "WorkflowAnalyzer.save_d2": {"executed_lines": [], "summary": {"covered_lines": 0, "num_statements": 5, "percent_covered": 0.0, "percent_covered_display": "0", "missing_lines": 5, "excluded_lines": 0, "percent_statements_covered": 0.0, "percent_statements_covered_display": "0"}, "missing_lines": [884, 885, 887, 889, 890], "excluded_lines": [], "start_line": 865}, "analyze_workflow": {"executed_lines": [], "summary": {"covered_lines": 0, "num_statements": 2, "percent_covered": 0.0, "percent_covered_display": "0", "missing_lines": 2, "excluded_lines": 0, "percent_statements_covered": 0.0, "percent_statements_covered_display": "0"}, "missing_lines": [903, 904], "excluded_lines": [], "start_line": 893}, "": {"executed_lines": [8, 10, 11, 12, 13, 15, 16, 17, 20, 34, 43, 111, 173, 199, 214, 246, 274, 294, 313, 326, 341, 369, 415, 487, 517, 542, 711, 804, 865, 893], "summary": {"covered_lines": 30, "num_statements": 30, "percent_covered": 100.0, "percent_covered_display": "100", "missing_lines": 0, "excluded_lines": 0, "percent_statements_covered": 100.0, "percent_statements_covered_display": "100"}, "missing_lines": [], "excluded_lines": [], "start_line": 1}}, "classes": {"WorkflowAnalyzer": {"executed_lines": [], "summary": {"covered_lines": 0, "num_statements": 406, "percent_covered": 0.0, "percent_covered_display": "0", "missing_lines": 406, "excluded_lines": 0, "percent_statements_covered": 0.0, "percent_statements_covered_display": "0"}, "missing_lines": [41, 81, 93, 94, 95, 98, 99, 100, 101, 104, 107, 109, 124, 135, 136, 137, 144, 145, 146, 147, 148, 149, 152, 154, 157, 158, 159, 163, 166, 167, 168, 169, 171, 182, 184, 185, 187, 190, 191, 192, 193, 195, 197, 209, 210, 211, 212, 224, 225, 227, 228, 230, 231, 233, 234, 236, 244, 256, 258, 259, 260, 262, 263, 265, 266, 268, 269, 270, 272, 283, 285, 286, 287, 288, 289, 290, 292, 303, 304, 305, 306, 307, 308, 311, 323, 324, 334, 335, 337, 338, 339, 364, 365, 367, 371, 372, 373, 376, 377, 378, 379, 382, 383, 384, 385, 386, 387, 390, 391, 392, 393, 394, 395, 397, 398, 401, 402, 403, 404, 405, 407, 408, 409, 411, 413, 422, 424, 427, 428, 429, 430, 431, 434, 435, 436, 437, 438, 439, 440, 441, 444, 445, 446, 447, 448, 449, 451, 452, 453, 454, 455, 456, 457, 458, 459, 462, 463, 464, 465, 468, 470, 471, 474, 475, 476, 477, 478, 481, 482, 483, 485, 498, 499, 501, 502, 505, 506, 507, 508, 509, 510, 512, 513, 515, 529, 530, 532, 533, 536, 537, 538, 540, 555, 556, 557, 558, 559, 560, 561, 564, 565, 566, 567, 569, 572, 573, 574, 575, 578, 579, 580, 581, 582, 583, 584, 585, 586, 587, 588, 589, 590, 591, 592, 593, 595, 596, 597, 601, 604, 605, 606, 607, 608, 609, 610, 613, 614, 615, 616, 617, 618, 619, 620, 621, 622, 623, 626, 627, 629, 631, 634, 635, 636, 637, 638, 639, 640, 641, 644, 647, 648, 649, 650, 651, 652, 655, 656, 657, 658, 659, 661, 662, 663, 664, 665, 666, 667, 668, 669, 670, 673, 674, 675, 676, 677, 680, 681, 682, 683, 684, 685, 687, 688, 689, 690, 691, 692, 693, 694, 695, 696, 699, 700, 701, 702, 703, 704, 705, 707, 709, 720, 721, 722, 723, 724, 725, 728, 731, 732, 733, 734, 735, 736, 737, 740, 741, 742, 746, 751, 754, 756, 757, 758, 759, 761, 762, 763, 764, 766, 767, 768, 769, 771, 772, 773, 774, 776, 777, 778, 779, 781, 782, 783, 786, 787, 788, 790, 791, 792, 793, 794, 795, 796, 797, 798, 799, 800, 802, 816, 817, 818, 819, 822, 823, 826, 827, 828, 831, 832, 834, 835, 836, 838, 839, 840, 841, 842, 843, 844, 846, 847, 850, 851, 852, 853, 856, 857, 858, 859, 861, 863, 884, 885, 887, 889, 890], "excluded_lines": [], "start_line": 20}, "": {"executed_lines": [8, 10, 11, 12, 13, 15, 16, 17, 20, 34, 43, 111, 173, 199, 214, 246, 274, 294, 313, 326, 341, 369, 415, 487, 517, 542, 711, 804, 865, 893], "summary": {"covered_lines": 30, "num_statements": 32, "percent_covered": 93.75, "percent_covered_display": "94", "missing_lines": 2, "excluded_lines": 0, "percent_statements_covered": 93.75, "percent_statements_covered_display": "94"}, "missing_lines": [903, 904], "excluded_lines": [], "start_line": 1}}}, "routilux/analysis/exporters/__init__.py": {"executed_lines": [7, 8, 9, 11], "summary": {"covered_lines": 4, "num_statements": 4, "percent_covered": 100.0, "percent_covered_display": "100", "missing_lines": 0, "excluded_lines": 0, "percent_statements_covered": 100.0, "percent_statements_covered_display": "100"}, "missing_lines": [], "excluded_lines": [], "functions": {"": {"executed_lines": [7, 8, 9, 11], "summary": {"covered_lines": 4, "num_statements": 4, "percent_covered": 100.0, "percent_covered_display": "100", "missing_lines": 0, "excluded_lines": 0, "percent_statements_covered": 100.0, "percent_statements_covered_display": "100"}, "missing_lines": [], "excluded_lines": [], "start_line": 1}}, "classes": {"": {"executed_lines": [7, 8, 9, 11], "summary": {"covered_lines": 4, "num_statements": 4, "percent_covered": 100.0, "percent_covered_display": "100", "missing_lines": 0, "excluded_lines": 0, "percent_statements_covered": 100.0, "percent_statements_covered_display": "100"}, "missing_lines": [], "excluded_lines": [], "start_line": 1}}}, "routilux/analysis/exporters/base.py": {"executed_lines": [5, 6, 7, 10, 17, 18, 29], "summary": {"covered_lines": 7, "num_statements": 13, "percent_covered": 53.84615384615385, "percent_covered_display": "54", "missing_lines": 6, "excluded_lines": 0, "percent_statements_covered": 53.84615384615385, "percent_statements_covered_display": "54"}, "missing_lines": [27, 36, 37, 39, 41, 42], "excluded_lines": [], "functions": {"BaseFormatter.format": {"executed_lines": [], "summary": {"covered_lines": 0, "num_statements": 1, "percent_covered": 0.0, "percent_covered_display": "0", "missing_lines": 1, "excluded_lines": 0, "percent_statements_covered": 0.0, "percent_statements_covered_display": "0"}, "missing_lines": [27], "excluded_lines": [], "start_line": 18}, "BaseFormatter.save": {"executed_lines": [], "summary": {"covered_lines": 0, "num_statements": 5, "percent_covered": 0.0, "percent_covered_display": "0", "missing_lines": 5, "excluded_lines": 0, "percent_statements_covered": 0.0, "percent_statements_covered_display": "0"}, "missing_lines": [36, 37, 39, 41, 42], "excluded_lines": [], "start_line": 29}, "": {"executed_lines": [5, 6, 7, 10, 17, 18, 29], "summary": {"covered_lines": 7, "num_statements": 7, "percent_covered": 100.0, "percent_covered_display": "100", "missing_lines": 0, "excluded_lines": 0, "percent_statements_covered": 100.0, "percent_statements_covered_display": "100"}, "missing_lines": [], "excluded_lines": [], "start_line": 1}}, "classes": {"BaseFormatter": {"executed_lines": [], "summary": {"covered_lines": 0, "num_statements": 6, "percent_covered": 0.0, "percent_covered_display": "0", "missing_lines": 6, "excluded_lines": 0, "percent_statements_covered": 0.0, "percent_statements_covered_display": "0"}, "missing_lines": [27, 36, 37, 39, 41, 42], "excluded_lines": [], "start_line": 10}, "": {"executed_lines": [5, 6, 7, 10, 17, 18, 29], "summary": {"covered_lines": 7, "num_statements": 7, "percent_covered": 100.0, "percent_covered_display": "100", "missing_lines": 0, "excluded_lines": 0, "percent_statements_covered": 100.0, "percent_statements_covered_display": "100"}, "missing_lines": [], "excluded_lines": [], "start_line": 1}}}, "routilux/analysis/exporters/routine_markdown.py": {"executed_lines": [7, 8, 10, 13, 20, 62, 116, 173, 203, 237], "summary": {"covered_lines": 10, "num_statements": 132, "percent_covered": 7.575757575757576, "percent_covered_display": "8", "missing_lines": 122, "excluded_lines": 0, "percent_statements_covered": 7.575757575757576, "percent_statements_covered_display": "8"}, "missing_lines": [29, 32, 33, 34, 36, 37, 38, 41, 42, 43, 44, 46, 47, 48, 51, 52, 54, 55, 56, 57, 58, 60, 71, 74, 75, 76, 79, 80, 81, 82, 85, 86, 87, 88, 89, 90, 91, 94, 95, 96, 97, 98, 99, 100, 103, 104, 105, 106, 107, 108, 109, 110, 111, 112, 114, 126, 127, 128, 129, 132, 133, 134, 136, 137, 138, 139, 140, 141, 142, 145, 146, 149, 152, 153, 154, 155, 156, 159, 160, 161, 163, 166, 168, 169, 171, 183, 184, 185, 188, 189, 192, 193, 194, 196, 197, 201, 212, 213, 214, 215, 216, 217, 218, 219, 220, 221, 223, 224, 225, 226, 229, 231, 232, 233, 235, 246, 247, 248, 249, 250, 251, 253], "excluded_lines": [], "functions": {"RoutineMarkdownFormatter.format": {"executed_lines": [], "summary": {"covered_lines": 0, "num_statements": 22, "percent_covered": 0.0, "percent_covered_display": "0", "missing_lines": 22, "excluded_lines": 0, "percent_statements_covered": 0.0, "percent_statements_covered_display": "0"}, "missing_lines": [29, 32, 33, 34, 36, 37, 38, 41, 42, 43, 44, 46, 47, 48, 51, 52, 54, 55, 56, 57, 58, 60], "excluded_lines": [], "start_line": 20}, "RoutineMarkdownFormatter._format_routine": {"executed_lines": [], "summary": {"covered_lines": 0, "num_statements": 33, "percent_covered": 0.0, "percent_covered_display": "0", "missing_lines": 33, "excluded_lines": 0, "percent_statements_covered": 0.0, "percent_statements_covered_display": "0"}, "missing_lines": [71, 74, 75, 76, 79, 80, 81, 82, 85, 86, 87, 88, 89, 90, 91, 94, 95, 96, 97, 98, 99, 100, 103, 104, 105, 106, 107, 108, 109, 110, 111, 112, 114], "excluded_lines": [], "start_line": 62}, "RoutineMarkdownFormatter._format_slot": {"executed_lines": [], "summary": {"covered_lines": 0, "num_statements": 30, "percent_covered": 0.0, "percent_covered_display": "0", "missing_lines": 30, "excluded_lines": 0, "percent_statements_covered": 0.0, "percent_statements_covered_display": "0"}, "missing_lines": [126, 127, 128, 129, 132, 133, 134, 136, 137, 138, 139, 140, 141, 142, 145, 146, 149, 152, 153, 154, 155, 156, 159, 160, 161, 163, 166, 168, 169, 171], "excluded_lines": [], "start_line": 116}, "RoutineMarkdownFormatter._format_event": {"executed_lines": [], "summary": {"covered_lines": 0, "num_statements": 11, "percent_covered": 0.0, "percent_covered_display": "0", "missing_lines": 11, "excluded_lines": 0, "percent_statements_covered": 0.0, "percent_statements_covered_display": "0"}, "missing_lines": [183, 184, 185, 188, 189, 192, 193, 194, 196, 197, 201], "excluded_lines": [], "start_line": 173}, "RoutineMarkdownFormatter._format_value": {"executed_lines": [], "summary": {"covered_lines": 0, "num_statements": 19, "percent_covered": 0.0, "percent_covered_display": "0", "missing_lines": 19, "excluded_lines": 0, "percent_statements_covered": 0.0, "percent_statements_covered_display": "0"}, "missing_lines": [212, 213, 214, 215, 216, 217, 218, 219, 220, 221, 223, 224, 225, 226, 229, 231, 232, 233, 235], "excluded_lines": [], "start_line": 203}, "RoutineMarkdownFormatter._format_single_value": {"executed_lines": [], "summary": {"covered_lines": 0, "num_statements": 7, "percent_covered": 0.0, "percent_covered_display": "0", "missing_lines": 7, "excluded_lines": 0, "percent_statements_covered": 0.0, "percent_statements_covered_display": "0"}, "missing_lines": [246, 247, 248, 249, 250, 251, 253], "excluded_lines": [], "start_line": 237}, "": {"executed_lines": [7, 8, 10, 13, 20, 62, 116, 173, 203, 237], "summary": {"covered_lines": 10, "num_statements": 10, "percent_covered": 100.0, "percent_covered_display": "100", "missing_lines": 0, "excluded_lines": 0, "percent_statements_covered": 100.0, "percent_statements_covered_display": "100"}, "missing_lines": [], "excluded_lines": [], "start_line": 1}}, "classes": {"RoutineMarkdownFormatter": {"executed_lines": [], "summary": {"covered_lines": 0, "num_statements": 122, "percent_covered": 0.0, "percent_covered_display": "0", "missing_lines": 122, "excluded_lines": 0, "percent_statements_covered": 0.0, "percent_statements_covered_display": "0"}, "missing_lines": [29, 32, 33, 34, 36, 37, 38, 41, 42, 43, 44, 46, 47, 48, 51, 52, 54, 55, 56, 57, 58, 60, 71, 74, 75, 76, 79, 80, 81, 82, 85, 86, 87, 88, 89, 90, 91, 94, 95, 96, 97, 98, 99, 100, 103, 104, 105, 106, 107, 108, 109, 110, 111, 112, 114, 126, 127, 128, 129, 132, 133, 134, 136, 137, 138, 139, 140, 141, 142, 145, 146, 149, 152, 153, 154, 155, 156, 159, 160, 161, 163, 166, 168, 169, 171, 183, 184, 185, 188, 189, 192, 193, 194, 196, 197, 201, 212, 213, 214, 215, 216, 217, 218, 219, 220, 221, 223, 224, 225, 226, 229, 231, 232, 233, 235, 246, 247, 248, 249, 250, 251, 253], "excluded_lines": [], "start_line": 13}, "": {"executed_lines": [7, 8, 10, 13, 20, 62, 116, 173, 203, 237], "summary": {"covered_lines": 10, "num_statements": 10, "percent_covered": 100.0, "percent_covered_display": "100", "missing_lines": 0, "excluded_lines": 0, "percent_statements_covered": 100.0, "percent_statements_covered_display": "100"}, "missing_lines": [], "excluded_lines": [], "start_line": 1}}}, "routilux/analysis/exporters/workflow_d2.py": {"executed_lines": [7, 9, 12, 23, 31, 90, 154, 195], "summary": {"covered_lines": 8, "num_statements": 117, "percent_covered": 6.837606837606837, "percent_covered_display": "7", "missing_lines": 109, "excluded_lines": 0, "percent_statements_covered": 6.837606837606837, "percent_statements_covered_display": "7"}, "missing_lines": [29, 40, 43, 44, 45, 48, 49, 50, 51, 53, 54, 55, 56, 57, 61, 62, 63, 64, 67, 68, 70, 71, 72, 73, 74, 77, 78, 79, 80, 81, 82, 85, 86, 88, 100, 101, 102, 104, 107, 108, 109, 110, 111, 112, 113, 115, 116, 117, 118, 119, 122, 123, 124, 125, 126, 127, 128, 129, 131, 132, 135, 136, 137, 138, 139, 140, 141, 142, 143, 144, 145, 147, 148, 150, 152, 163, 164, 165, 166, 167, 168, 171, 172, 173, 174, 175, 177, 181, 183, 184, 185, 186, 187, 188, 189, 191, 193, 204, 205, 207, 208, 210, 211, 212, 215, 216, 217, 218, 220], "excluded_lines": [], "functions": {"WorkflowD2Formatter.__init__": {"executed_lines": [], "summary": {"covered_lines": 0, "num_statements": 1, "percent_covered": 0.0, "percent_covered_display": "0", "missing_lines": 1, "excluded_lines": 0, "percent_statements_covered": 0.0, "percent_statements_covered_display": "0"}, "missing_lines": [29], "excluded_lines": [], "start_line": 23}, "WorkflowD2Formatter.format": {"executed_lines": [], "summary": {"covered_lines": 0, "num_statements": 33, "percent_covered": 0.0, "percent_covered_display": "0", "missing_lines": 33, "excluded_lines": 0, "percent_statements_covered": 0.0, "percent_statements_covered_display": "0"}, "missing_lines": [40, 43, 44, 45, 48, 49, 50, 51, 53, 54, 55, 56, 57, 61, 62, 63, 64, 67, 68, 70, 71, 72, 73, 74, 77, 78, 79, 80, 81, 82, 85, 86, 88], "excluded_lines": [], "start_line": 31}, "WorkflowD2Formatter._format_routine_node": {"executed_lines": [], "summary": {"covered_lines": 0, "num_statements": 41, "percent_covered": 0.0, "percent_covered_display": "0", "missing_lines": 41, "excluded_lines": 0, "percent_statements_covered": 0.0, "percent_statements_covered_display": "0"}, "missing_lines": [100, 101, 102, 104, 107, 108, 109, 110, 111, 112, 113, 115, 116, 117, 118, 119, 122, 123, 124, 125, 126, 127, 128, 129, 131, 132, 135, 136, 137, 138, 139, 140, 141, 142, 143, 144, 145, 147, 148, 150, 152], "excluded_lines": [], "start_line": 90}, "WorkflowD2Formatter._format_connection": {"executed_lines": [], "summary": {"covered_lines": 0, "num_statements": 22, "percent_covered": 0.0, "percent_covered_display": "0", "missing_lines": 22, "excluded_lines": 0, "percent_statements_covered": 0.0, "percent_statements_covered_display": "0"}, "missing_lines": [163, 164, 165, 166, 167, 168, 171, 172, 173, 174, 175, 177, 181, 183, 184, 185, 186, 187, 188, 189, 191, 193], "excluded_lines": [], "start_line": 154}, "WorkflowD2Formatter._format_dependency_graph": {"executed_lines": [], "summary": {"covered_lines": 0, "num_statements": 12, "percent_covered": 0.0, "percent_covered_display": "0", "missing_lines": 12, "excluded_lines": 0, "percent_statements_covered": 0.0, "percent_statements_covered_display": "0"}, "missing_lines": [204, 205, 207, 208, 210, 211, 212, 215, 216, 217, 218, 220], "excluded_lines": [], "start_line": 195}, "": {"executed_lines": [7, 9, 12, 23, 31, 90, 154, 195], "summary": {"covered_lines": 8, "num_statements": 8, "percent_covered": 100.0, "percent_covered_display": "100", "missing_lines": 0, "excluded_lines": 0, "percent_statements_covered": 100.0, "percent_statements_covered_display": "100"}, "missing_lines": [], "excluded_lines": [], "start_line": 1}}, "classes": {"WorkflowD2Formatter": {"executed_lines": [], "summary": {"covered_lines": 0, "num_statements": 109, "percent_covered": 0.0, "percent_covered_display": "0", "missing_lines": 109, "excluded_lines": 0, "percent_statements_covered": 0.0, "percent_statements_covered_display": "0"}, "missing_lines": [29, 40, 43, 44, 45, 48, 49, 50, 51, 53, 54, 55, 56, 57, 61, 62, 63, 64, 67, 68, 70, 71, 72, 73, 74, 77, 78, 79, 80, 81, 82, 85, 86, 88, 100, 101, 102, 104, 107, 108, 109, 110, 111, 112, 113, 115, 116, 117, 118, 119, 122, 123, 124, 125, 126, 127, 128, 129, 131, 132, 135, 136, 137, 138, 139, 140, 141, 142, 143, 144, 145, 147, 148, 150, 152, 163, 164, 165, 166, 167, 168, 171, 172, 173, 174, 175, 177, 181, 183, 184, 185, 186, 187, 188, 189, 191, 193, 204, 205, 207, 208, 210, 211, 212, 215, 216, 217, 218, 220], "excluded_lines": [], "start_line": 12}, "": {"executed_lines": [7, 9, 12, 23, 31, 90, 154, 195], "summary": {"covered_lines": 8, "num_statements": 8, "percent_covered": 100.0, "percent_covered_display": "100", "missing_lines": 0, "excluded_lines": 0, "percent_statements_covered": 100.0, "percent_statements_covered_display": "100"}, "missing_lines": [], "excluded_lines": [], "start_line": 1}}}, "routilux/builtin_routines/__init__.py": {"executed_lines": [16, 19, 23, 28, 33], "summary": {"covered_lines": 5, "num_statements": 5, "percent_covered": 100.0, "percent_covered_display": "100", "missing_lines": 0, "excluded_lines": 0, "percent_statements_covered": 100.0, "percent_statements_covered_display": "100"}, "missing_lines": [], "excluded_lines": [], "functions": {"": {"executed_lines": [16, 19, 23, 28, 33], "summary": {"covered_lines": 5, "num_statements": 5, "percent_covered": 100.0, "percent_covered_display": "100", "missing_lines": 0, "excluded_lines": 0, "percent_statements_covered": 100.0, "percent_statements_covered_display": "100"}, "missing_lines": [], "excluded_lines": [], "start_line": 1}}, "classes": {"": {"executed_lines": [16, 19, 23, 28, 33], "summary": {"covered_lines": 5, "num_statements": 5, "percent_covered": 100.0, "percent_covered_display": "100", "missing_lines": 0, "excluded_lines": 0, "percent_statements_covered": 100.0, "percent_statements_covered_display": "100"}, "missing_lines": [], "excluded_lines": [], "start_line": 1}}}, "routilux/builtin_routines/control_flow/__init__.py": {"executed_lines": [7, 9], "summary": {"covered_lines": 2, "num_statements": 2, "percent_covered": 100.0, "percent_covered_display": "100", "missing_lines": 0, "excluded_lines": 0, "percent_statements_covered": 100.0, "percent_statements_covered_display": "100"}, "missing_lines": [], "excluded_lines": [], "functions": {"": {"executed_lines": [7, 9], "summary": {"covered_lines": 2, "num_statements": 2, "percent_covered": 100.0, "percent_covered_display": "100", "missing_lines": 0, "excluded_lines": 0, "percent_statements_covered": 100.0, "percent_statements_covered_display": "100"}, "missing_lines": [], "excluded_lines": [], "start_line": 1}}, "classes": {"": {"executed_lines": [7, 9], "summary": {"covered_lines": 2, "num_statements": 2, "percent_covered": 100.0, "percent_covered_display": "100", "missing_lines": 0, "excluded_lines": 0, "percent_statements_covered": 100.0, "percent_statements_covered_display": "100"}, "missing_lines": [], "excluded_lines": [], "start_line": 1}}}, "routilux/builtin_routines/control_flow/conditional_router.py": {"executed_lines": [7, 9, 11, 17, 20, 21, 90, 92, 95, 102, 105, 107, 116, 120, 121, 122, 124, 127, 128, 129, 131, 132, 133, 134, 135, 136, 139, 140, 142, 143, 146, 148, 149, 151, 153, 154, 155, 156, 159, 182, 183, 184, 185, 186, 188, 189, 190, 191, 197, 198, 200, 201, 204, 208, 209, 210, 212, 219, 229, 232, 233, 234, 236, 239, 242, 243, 245, 247, 273, 275, 293, 299, 300, 304, 313, 316, 317, 319, 320, 322, 323, 326, 334, 337, 338, 340, 342, 352, 357, 358, 360, 362, 363, 364, 367, 368, 369, 370, 399, 402, 404, 411, 412, 413, 416, 417], "summary": {"covered_lines": 106, "num_statements": 139, "percent_covered": 76.2589928057554, "percent_covered_display": "76", "missing_lines": 33, "excluded_lines": 0, "percent_statements_covered": 76.2589928057554, "percent_statements_covered_display": "76"}, "missing_lines": [158, 162, 165, 166, 167, 168, 169, 170, 172, 173, 174, 177, 178, 180, 192, 194, 202, 211, 216, 230, 240, 241, 301, 302, 327, 329, 373, 376, 377, 384, 387, 388, 392], "excluded_lines": [], "functions": {"ConditionalRouter.__init__": {"executed_lines": [92, 95, 102, 105], "summary": {"covered_lines": 4, "num_statements": 4, "percent_covered": 100.0, "percent_covered_display": "100", "missing_lines": 0, "excluded_lines": 0, "percent_statements_covered": 100.0, "percent_statements_covered_display": "100"}, "missing_lines": [], "excluded_lines": [], "start_line": 90}, "ConditionalRouter._handle_input": {"executed_lines": [116, 120, 121, 122, 124, 127, 128, 129, 131, 132, 133, 134, 135, 136, 139, 140, 142, 143, 146, 148, 149, 151, 153, 154, 155, 156, 159, 182, 183, 184, 185, 186, 188, 189, 190, 191, 197, 198, 200, 201, 204, 208, 209, 210, 212], "summary": {"covered_lines": 45, "num_statements": 64, "percent_covered": 70.3125, "percent_covered_display": "70", "missing_lines": 19, "excluded_lines": 0, "percent_statements_covered": 70.3125, "percent_statements_covered_display": "70"}, "missing_lines": [158, 162, 165, 166, 167, 168, 169, 170, 172, 173, 174, 177, 178, 180, 192, 194, 202, 211, 216], "excluded_lines": [], "start_line": 107}, "ConditionalRouter._evaluate_dict_condition": {"executed_lines": [229, 232, 233, 234, 236, 239, 242, 243, 245], "summary": {"covered_lines": 9, "num_statements": 12, "percent_covered": 75.0, "percent_covered_display": "75", "missing_lines": 3, "excluded_lines": 0, "percent_statements_covered": 75.0, "percent_statements_covered_display": "75"}, "missing_lines": [230, 240, 241], "excluded_lines": [], "start_line": 219}, "ConditionalRouter._evaluate_string_condition": {"executed_lines": [273, 275, 293, 299, 300], "summary": {"covered_lines": 5, "num_statements": 7, "percent_covered": 71.42857142857143, "percent_covered_display": "71", "missing_lines": 2, "excluded_lines": 0, "percent_statements_covered": 71.42857142857143, "percent_statements_covered_display": "71"}, "missing_lines": [301, 302], "excluded_lines": [], "start_line": 247}, "ConditionalRouter.serialize": {"executed_lines": [313, 316, 317, 319, 320, 322, 323, 326, 334, 337, 338, 340], "summary": {"covered_lines": 12, "num_statements": 14, "percent_covered": 85.71428571428571, "percent_covered_display": "86", "missing_lines": 2, "excluded_lines": 0, "percent_statements_covered": 85.71428571428571, "percent_statements_covered_display": "86"}, "missing_lines": [327, 329], "excluded_lines": [], "start_line": 304}, "ConditionalRouter.deserialize": {"executed_lines": [352, 357, 358, 360, 362, 363, 364, 367, 368, 369, 370, 399, 402], "summary": {"covered_lines": 13, "num_statements": 20, "percent_covered": 65.0, "percent_covered_display": "65", "missing_lines": 7, "excluded_lines": 0, "percent_statements_covered": 65.0, "percent_statements_covered_display": "65"}, "missing_lines": [373, 376, 377, 384, 387, 388, 392], "excluded_lines": [], "start_line": 342}, "ConditionalRouter.add_route": {"executed_lines": [411, 412, 413, 416, 417], "summary": {"covered_lines": 5, "num_statements": 5, "percent_covered": 100.0, "percent_covered_display": "100", "missing_lines": 0, "excluded_lines": 0, "percent_statements_covered": 100.0, "percent_statements_covered_display": "100"}, "missing_lines": [], "excluded_lines": [], "start_line": 404}, "": {"executed_lines": [7, 9, 11, 17, 20, 21, 90, 107, 219, 247, 304, 342, 404], "summary": {"covered_lines": 13, "num_statements": 13, "percent_covered": 100.0, "percent_covered_display": "100", "missing_lines": 0, "excluded_lines": 0, "percent_statements_covered": 100.0, "percent_statements_covered_display": "100"}, "missing_lines": [], "excluded_lines": [], "start_line": 1}}, "classes": {"ConditionalRouter": {"executed_lines": [92, 95, 102, 105, 116, 120, 121, 122, 124, 127, 128, 129, 131, 132, 133, 134, 135, 136, 139, 140, 142, 143, 146, 148, 149, 151, 153, 154, 155, 156, 159, 182, 183, 184, 185, 186, 188, 189, 190, 191, 197, 198, 200, 201, 204, 208, 209, 210, 212, 229, 232, 233, 234, 236, 239, 242, 243, 245, 273, 275, 293, 299, 300, 313, 316, 317, 319, 320, 322, 323, 326, 334, 337, 338, 340, 352, 357, 358, 360, 362, 363, 364, 367, 368, 369, 370, 399, 402, 411, 412, 413, 416, 417], "summary": {"covered_lines": 93, "num_statements": 126, "percent_covered": 73.80952380952381, "percent_covered_display": "74", "missing_lines": 33, "excluded_lines": 0, "percent_statements_covered": 73.80952380952381, "percent_statements_covered_display": "74"}, "missing_lines": [158, 162, 165, 166, 167, 168, 169, 170, 172, 173, 174, 177, 178, 180, 192, 194, 202, 211, 216, 230, 240, 241, 301, 302, 327, 329, 373, 376, 377, 384, 387, 388, 392], "excluded_lines": [], "start_line": 21}, "": {"executed_lines": [7, 9, 11, 17, 20, 21, 90, 107, 219, 247, 304, 342, 404], "summary": {"covered_lines": 13, "num_statements": 13, "percent_covered": 100.0, "percent_covered_display": "100", "missing_lines": 0, "excluded_lines": 0, "percent_statements_covered": 100.0, "percent_statements_covered_display": "100"}, "missing_lines": [], "excluded_lines": [], "start_line": 1}}}, "routilux/builtin_routines/data_processing/__init__.py": {"executed_lines": [7, 8, 10], "summary": {"covered_lines": 3, "num_statements": 3, "percent_covered": 100.0, "percent_covered_display": "100", "missing_lines": 0, "excluded_lines": 0, "percent_statements_covered": 100.0, "percent_statements_covered_display": "100"}, "missing_lines": [], "excluded_lines": [], "functions": {"": {"executed_lines": [7, 8, 10], "summary": {"covered_lines": 3, "num_statements": 3, "percent_covered": 100.0, "percent_covered_display": "100", "missing_lines": 0, "excluded_lines": 0, "percent_statements_covered": 100.0, "percent_statements_covered_display": "100"}, "missing_lines": [], "excluded_lines": [], "start_line": 1}}, "classes": {"": {"executed_lines": [7, 8, 10], "summary": {"covered_lines": 3, "num_statements": 3, "percent_covered": 100.0, "percent_covered_display": "100", "missing_lines": 0, "excluded_lines": 0, "percent_statements_covered": 100.0, "percent_statements_covered_display": "100"}, "missing_lines": [], "excluded_lines": [], "start_line": 1}}}, "routilux/builtin_routines/data_processing/data_transformer.py": {"executed_lines": [7, 9, 11, 14, 35, 37, 40, 47, 50, 53, 57, 59, 72, 73, 74, 76, 87, 93, 94, 96, 97, 98, 101, 102, 103, 105, 106, 107, 108, 119, 120, 124, 131, 138, 139, 140], "summary": {"covered_lines": 36, "num_statements": 41, "percent_covered": 87.8048780487805, "percent_covered_display": "88", "missing_lines": 5, "excluded_lines": 0, "percent_statements_covered": 87.8048780487805, "percent_statements_covered_display": "88"}, "missing_lines": [110, 111, 113, 114, 118], "excluded_lines": [], "functions": {"DataTransformer.__init__": {"executed_lines": [37, 40, 47, 50, 53], "summary": {"covered_lines": 5, "num_statements": 5, "percent_covered": 100.0, "percent_covered_display": "100", "missing_lines": 0, "excluded_lines": 0, "percent_statements_covered": 100.0, "percent_statements_covered_display": "100"}, "missing_lines": [], "excluded_lines": [], "start_line": 35}, "DataTransformer._register_builtin_transformations": {"executed_lines": [59, 72, 73, 74], "summary": {"covered_lines": 4, "num_statements": 4, "percent_covered": 100.0, "percent_covered_display": "100", "missing_lines": 0, "excluded_lines": 0, "percent_statements_covered": 100.0, "percent_statements_covered_display": "100"}, "missing_lines": [], "excluded_lines": [], "start_line": 57}, "DataTransformer._handle_input": {"executed_lines": [87, 93, 94, 96, 97, 98, 101, 102, 103, 105, 106, 107, 108, 119, 120, 124], "summary": {"covered_lines": 16, "num_statements": 21, "percent_covered": 76.19047619047619, "percent_covered_display": "76", "missing_lines": 5, "excluded_lines": 0, "percent_statements_covered": 76.19047619047619, "percent_statements_covered_display": "76"}, "missing_lines": [110, 111, 113, 114, 118], "excluded_lines": [], "start_line": 76}, "DataTransformer.register_transformation": {"executed_lines": [138, 139, 140], "summary": {"covered_lines": 3, "num_statements": 3, "percent_covered": 100.0, "percent_covered_display": "100", "missing_lines": 0, "excluded_lines": 0, "percent_statements_covered": 100.0, "percent_statements_covered_display": "100"}, "missing_lines": [], "excluded_lines": [], "start_line": 131}, "": {"executed_lines": [7, 9, 11, 14, 35, 57, 76, 131], "summary": {"covered_lines": 8, "num_statements": 8, "percent_covered": 100.0, "percent_covered_display": "100", "missing_lines": 0, "excluded_lines": 0, "percent_statements_covered": 100.0, "percent_statements_covered_display": "100"}, "missing_lines": [], "excluded_lines": [], "start_line": 1}}, "classes": {"DataTransformer": {"executed_lines": [37, 40, 47, 50, 53, 59, 72, 73, 74, 87, 93, 94, 96, 97, 98, 101, 102, 103, 105, 106, 107, 108, 119, 120, 124, 138, 139, 140], "summary": {"covered_lines": 28, "num_statements": 33, "percent_covered": 84.84848484848484, "percent_covered_display": "85", "missing_lines": 5, "excluded_lines": 0, "percent_statements_covered": 84.84848484848484, "percent_statements_covered_display": "85"}, "missing_lines": [110, 111, 113, 114, 118], "excluded_lines": [], "start_line": 14}, "": {"executed_lines": [7, 9, 11, 14, 35, 57, 76, 131], "summary": {"covered_lines": 8, "num_statements": 8, "percent_covered": 100.0, "percent_covered_display": "100", "missing_lines": 0, "excluded_lines": 0, "percent_statements_covered": 100.0, "percent_statements_covered_display": "100"}, "missing_lines": [], "excluded_lines": [], "start_line": 1}}}, "routilux/builtin_routines/data_processing/data_validator.py": {"executed_lines": [7, 9, 11, 14, 35, 37, 40, 48, 51, 54, 55, 57, 59, 73, 74, 75, 77, 88, 94, 95, 96, 97, 99, 102, 103, 104, 105, 106, 110, 111, 112, 113, 114, 115, 116, 117, 143, 145, 148, 150, 163, 164, 166, 167, 168, 186, 187, 189, 194, 201, 203], "summary": {"covered_lines": 51, "num_statements": 85, "percent_covered": 60.0, "percent_covered_display": "60", "missing_lines": 34, "excluded_lines": 0, "percent_statements_covered": 60.0, "percent_statements_covered_display": "60"}, "missing_lines": [107, 118, 119, 120, 121, 123, 125, 126, 127, 128, 129, 130, 131, 132, 136, 137, 138, 139, 140, 170, 171, 173, 174, 175, 176, 177, 178, 179, 180, 182, 184, 191, 192, 202], "excluded_lines": [], "functions": {"DataValidator.__init__": {"executed_lines": [37, 40, 48, 51, 54, 55], "summary": {"covered_lines": 6, "num_statements": 6, "percent_covered": 100.0, "percent_covered_display": "100", "missing_lines": 0, "excluded_lines": 0, "percent_statements_covered": 100.0, "percent_statements_covered_display": "100"}, "missing_lines": [], "excluded_lines": [], "start_line": 35}, "DataValidator._register_builtin_validators": {"executed_lines": [59, 73, 74, 75], "summary": {"covered_lines": 4, "num_statements": 4, "percent_covered": 100.0, "percent_covered_display": "100", "missing_lines": 0, "excluded_lines": 0, "percent_statements_covered": 100.0, "percent_statements_covered_display": "100"}, "missing_lines": [], "excluded_lines": [], "start_line": 57}, "DataValidator._handle_input": {"executed_lines": [88, 94, 95, 96, 97, 99, 102, 103, 104, 105, 106, 110, 111, 112, 113, 114, 115, 116, 117, 143, 145, 148], "summary": {"covered_lines": 22, "num_statements": 41, "percent_covered": 53.65853658536585, "percent_covered_display": "54", "missing_lines": 19, "excluded_lines": 0, "percent_statements_covered": 53.65853658536585, "percent_statements_covered_display": "54"}, "missing_lines": [107, 118, 119, 120, 121, 123, 125, 126, 127, 128, 129, 130, 131, 132, 136, 137, 138, 139, 140], "excluded_lines": [], "start_line": 77}, "DataValidator._validate_field": {"executed_lines": [163, 164, 166, 167, 168, 186, 187, 189], "summary": {"covered_lines": 8, "num_statements": 22, "percent_covered": 36.36363636363637, "percent_covered_display": "36", "missing_lines": 14, "excluded_lines": 0, "percent_statements_covered": 36.36363636363637, "percent_statements_covered_display": "36"}, "missing_lines": [170, 171, 173, 174, 175, 176, 177, 178, 179, 180, 182, 184, 191, 192], "excluded_lines": [], "start_line": 150}, "DataValidator.register_validator": {"executed_lines": [201, 203], "summary": {"covered_lines": 2, "num_statements": 3, "percent_covered": 66.66666666666667, "percent_covered_display": "67", "missing_lines": 1, "excluded_lines": 0, "percent_statements_covered": 66.66666666666667, "percent_statements_covered_display": "67"}, "missing_lines": [202], "excluded_lines": [], "start_line": 194}, "": {"executed_lines": [7, 9, 11, 14, 35, 57, 77, 150, 194], "summary": {"covered_lines": 9, "num_statements": 9, "percent_covered": 100.0, "percent_covered_display": "100", "missing_lines": 0, "excluded_lines": 0, "percent_statements_covered": 100.0, "percent_statements_covered_display": "100"}, "missing_lines": [], "excluded_lines": [], "start_line": 1}}, "classes": {"DataValidator": {"executed_lines": [37, 40, 48, 51, 54, 55, 59, 73, 74, 75, 88, 94, 95, 96, 97, 99, 102, 103, 104, 105, 106, 110, 111, 112, 113, 114, 115, 116, 117, 143, 145, 148, 163, 164, 166, 167, 168, 186, 187, 189, 201, 203], "summary": {"covered_lines": 42, "num_statements": 76, "percent_covered": 55.26315789473684, "percent_covered_display": "55", "missing_lines": 34, "excluded_lines": 0, "percent_statements_covered": 55.26315789473684, "percent_statements_covered_display": "55"}, "missing_lines": [107, 118, 119, 120, 121, 123, 125, 126, 127, 128, 129, 130, 131, 132, 136, 137, 138, 139, 140, 170, 171, 173, 174, 175, 176, 177, 178, 179, 180, 182, 184, 191, 192, 202], "excluded_lines": [], "start_line": 14}, "": {"executed_lines": [7, 9, 11, 14, 35, 57, 77, 150, 194], "summary": {"covered_lines": 9, "num_statements": 9, "percent_covered": 100.0, "percent_covered_display": "100", "missing_lines": 0, "excluded_lines": 0, "percent_statements_covered": 100.0, "percent_statements_covered_display": "100"}, "missing_lines": [], "excluded_lines": [], "start_line": 1}}}, "routilux/builtin_routines/text_processing/__init__.py": {"executed_lines": [7, 8, 9, 11], "summary": {"covered_lines": 4, "num_statements": 4, "percent_covered": 100.0, "percent_covered_display": "100", "missing_lines": 0, "excluded_lines": 0, "percent_statements_covered": 100.0, "percent_statements_covered_display": "100"}, "missing_lines": [], "excluded_lines": [], "functions": {"": {"executed_lines": [7, 8, 9, 11], "summary": {"covered_lines": 4, "num_statements": 4, "percent_covered": 100.0, "percent_covered_display": "100", "missing_lines": 0, "excluded_lines": 0, "percent_statements_covered": 100.0, "percent_statements_covered_display": "100"}, "missing_lines": [], "excluded_lines": [], "start_line": 1}}, "classes": {"": {"executed_lines": [7, 8, 9, 11], "summary": {"covered_lines": 4, "num_statements": 4, "percent_covered": 100.0, "percent_covered_display": "100", "missing_lines": 0, "excluded_lines": 0, "percent_statements_covered": 100.0, "percent_statements_covered_display": "100"}, "missing_lines": [], "excluded_lines": [], "start_line": 1}}}, "routilux/builtin_routines/text_processing/result_extractor.py": {"executed_lines": [7, 9, 10, 11, 12, 14, 16, 19, 22, 36, 69, 71, 74, 96, 99, 102, 106, 108, 109, 113, 116, 117, 120, 124, 125, 128, 129, 134, 137, 138, 140, 152, 153, 160, 163, 165, 174, 175, 176, 179, 181, 182, 184, 185, 186, 187, 188, 191, 192, 195, 198, 200, 208, 211, 226, 241, 242, 256, 262, 263, 265, 267, 268, 272, 281, 283, 284, 285, 286, 287, 288, 292, 294, 296, 307, 310, 311, 314, 315, 318, 319, 322, 325, 329, 333, 334, 336, 337, 338, 340, 341, 342, 343, 352, 353, 355, 357, 361, 362, 365, 366, 367, 368, 369, 373, 375, 379, 380, 382, 384, 385, 386, 388, 389, 390, 396, 398, 402, 403, 430, 434, 435, 451, 455, 456, 469, 477, 478, 481, 482, 483, 485, 486, 488, 489, 490, 491, 492, 493, 494, 495, 502, 503, 504, 514, 516, 520, 521, 522, 524, 528, 529, 530, 532, 543, 548, 549, 550, 551, 553, 555, 574, 577, 578], "summary": {"covered_lines": 164, "num_statements": 219, "percent_covered": 74.88584474885845, "percent_covered_display": "75", "missing_lines": 55, "excluded_lines": 0, "percent_statements_covered": 74.88584474885845, "percent_statements_covered_display": "75"}, "missing_lines": [33, 130, 131, 154, 213, 215, 216, 217, 219, 220, 222, 223, 227, 229, 238, 254, 290, 323, 370, 371, 405, 406, 407, 408, 410, 411, 412, 414, 415, 417, 418, 419, 420, 425, 426, 428, 437, 438, 439, 440, 442, 443, 444, 445, 446, 447, 449, 458, 459, 460, 463, 497, 498, 499, 575], "excluded_lines": [], "functions": {"ExtractorProtocol.extract": {"executed_lines": [], "summary": {"covered_lines": 0, "num_statements": 1, "percent_covered": 0.0, "percent_covered_display": "0", "missing_lines": 1, "excluded_lines": 0, "percent_statements_covered": 0.0, "percent_statements_covered_display": "0"}, "missing_lines": [33], "excluded_lines": [], "start_line": 22}, "ResultExtractor.__init__": {"executed_lines": [71, 74, 96, 99, 102], "summary": {"covered_lines": 5, "num_statements": 5, "percent_covered": 100.0, "percent_covered_display": "100", "missing_lines": 0, "excluded_lines": 0, "percent_statements_covered": 100.0, "percent_statements_covered_display": "100"}, "missing_lines": [], "excluded_lines": [], "start_line": 69}, "ResultExtractor._register_builtin_extractors": {"executed_lines": [108, 109, 113, 116, 117, 120, 124, 125, 128, 129, 134, 137, 138], "summary": {"covered_lines": 13, "num_statements": 15, "percent_covered": 86.66666666666667, "percent_covered_display": "87", "missing_lines": 2, "excluded_lines": 0, "percent_statements_covered": 86.66666666666667, "percent_statements_covered_display": "87"}, "missing_lines": [130, 131], "excluded_lines": [], "start_line": 106}, "ResultExtractor._handle_input": {"executed_lines": [152, 153, 160, 163], "summary": {"covered_lines": 4, "num_statements": 5, "percent_covered": 80.0, "percent_covered_display": "80", "missing_lines": 1, "excluded_lines": 0, "percent_statements_covered": 80.0, "percent_statements_covered_display": "80"}, "missing_lines": [154], "excluded_lines": [], "start_line": 140}, "ResultExtractor._extract_with_strategy": {"executed_lines": [174, 175, 176, 179, 181, 182, 184, 185, 186, 187, 188, 191, 192, 195, 198, 200, 208, 211, 226, 241, 242], "summary": {"covered_lines": 21, "num_statements": 33, "percent_covered": 63.63636363636363, "percent_covered_display": "64", "missing_lines": 12, "excluded_lines": 0, "percent_statements_covered": 63.63636363636363, "percent_statements_covered_display": "64"}, "missing_lines": [213, 215, 216, 217, 219, 220, 222, 223, 227, 229, 238, 254], "excluded_lines": [], "start_line": 165}, "ResultExtractor._get_extractor_order": {"executed_lines": [262, 263, 265, 267, 268, 272, 281, 283, 284, 285, 286, 287, 288, 292, 294], "summary": {"covered_lines": 15, "num_statements": 16, "percent_covered": 93.75, "percent_covered_display": "94", "missing_lines": 1, "excluded_lines": 0, "percent_statements_covered": 93.75, "percent_statements_covered_display": "94"}, "missing_lines": [290], "excluded_lines": [], "start_line": 256}, "ResultExtractor._calculate_confidence": {"executed_lines": [307, 310, 311, 314, 315, 318, 319, 322, 325], "summary": {"covered_lines": 9, "num_statements": 10, "percent_covered": 90.0, "percent_covered_display": "90", "missing_lines": 1, "excluded_lines": 0, "percent_statements_covered": 90.0, "percent_statements_covered_display": "90"}, "missing_lines": [323], "excluded_lines": [], "start_line": 296}, "ResultExtractor._extract_json_code_block": {"executed_lines": [333, 334, 336, 337, 338, 340, 341, 342, 343, 352, 353, 355], "summary": {"covered_lines": 12, "num_statements": 12, "percent_covered": 100.0, "percent_covered_display": "100", "missing_lines": 0, "excluded_lines": 0, "percent_statements_covered": 100.0, "percent_statements_covered_display": "100"}, "missing_lines": [], "excluded_lines": [], "start_line": 329}, "ResultExtractor._extract_json_string": {"executed_lines": [361, 362, 365, 366, 367, 368, 369, 373], "summary": {"covered_lines": 8, "num_statements": 10, "percent_covered": 80.0, "percent_covered_display": "80", "missing_lines": 2, "excluded_lines": 0, "percent_statements_covered": 80.0, "percent_statements_covered_display": "80"}, "missing_lines": [370, 371], "excluded_lines": [], "start_line": 357}, "ResultExtractor._extract_code_block": {"executed_lines": [379, 380, 382, 384, 385, 386, 388, 389, 390, 396], "summary": {"covered_lines": 10, "num_statements": 10, "percent_covered": 100.0, "percent_covered_display": "100", "missing_lines": 0, "excluded_lines": 0, "percent_statements_covered": 100.0, "percent_statements_covered_display": "100"}, "missing_lines": [], "excluded_lines": [], "start_line": 375}, "ResultExtractor._extract_yaml_code_block": {"executed_lines": [402, 403], "summary": {"covered_lines": 2, "num_statements": 18, "percent_covered": 11.11111111111111, "percent_covered_display": "11", "missing_lines": 16, "excluded_lines": 0, "percent_statements_covered": 11.11111111111111, "percent_statements_covered_display": "11"}, "missing_lines": [405, 406, 407, 408, 410, 411, 412, 414, 415, 417, 418, 419, 420, 425, 426, 428], "excluded_lines": [], "start_line": 398}, "ResultExtractor._extract_yaml_string": {"executed_lines": [434, 435], "summary": {"covered_lines": 2, "num_statements": 13, "percent_covered": 15.384615384615385, "percent_covered_display": "15", "missing_lines": 11, "excluded_lines": 0, "percent_statements_covered": 15.384615384615385, "percent_statements_covered_display": "15"}, "missing_lines": [437, 438, 439, 440, 442, 443, 444, 445, 446, 447, 449], "excluded_lines": [], "start_line": 430}, "ResultExtractor._extract_xml_code_block": {"executed_lines": [455, 456], "summary": {"covered_lines": 2, "num_statements": 6, "percent_covered": 33.333333333333336, "percent_covered_display": "33", "missing_lines": 4, "excluded_lines": 0, "percent_statements_covered": 33.333333333333336, "percent_statements_covered_display": "33"}, "missing_lines": [458, 459, 460, 463], "excluded_lines": [], "start_line": 451}, "ResultExtractor._format_interpreter_output": {"executed_lines": [477, 478, 481, 482, 483, 485, 486, 488, 489, 490, 491, 492, 493, 494, 495, 502, 503, 504, 514], "summary": {"covered_lines": 19, "num_statements": 22, "percent_covered": 86.36363636363636, "percent_covered_display": "86", "missing_lines": 3, "excluded_lines": 0, "percent_statements_covered": 86.36363636363636, "percent_statements_covered_display": "86"}, "missing_lines": [497, 498, 499], "excluded_lines": [], "start_line": 469}, "ResultExtractor._extract_dict": {"executed_lines": [520, 521, 522], "summary": {"covered_lines": 3, "num_statements": 3, "percent_covered": 100.0, "percent_covered_display": "100", "missing_lines": 0, "excluded_lines": 0, "percent_statements_covered": 100.0, "percent_statements_covered_display": "100"}, "missing_lines": [], "excluded_lines": [], "start_line": 516}, "ResultExtractor._extract_list": {"executed_lines": [528, 529, 530], "summary": {"covered_lines": 3, "num_statements": 3, "percent_covered": 100.0, "percent_covered_display": "100", "missing_lines": 0, "excluded_lines": 0, "percent_statements_covered": 100.0, "percent_statements_covered_display": "100"}, "missing_lines": [], "excluded_lines": [], "start_line": 524}, "ResultExtractor._extract_code_blocks": {"executed_lines": [543, 548, 549, 550, 551, 553], "summary": {"covered_lines": 6, "num_statements": 6, "percent_covered": 100.0, "percent_covered_display": "100", "missing_lines": 0, "excluded_lines": 0, "percent_statements_covered": 100.0, "percent_statements_covered_display": "100"}, "missing_lines": [], "excluded_lines": [], "start_line": 532}, "ResultExtractor.register_extractor": {"executed_lines": [574, 577, 578], "summary": {"covered_lines": 3, "num_statements": 4, "percent_covered": 75.0, "percent_covered_display": "75", "missing_lines": 1, "excluded_lines": 0, "percent_statements_covered": 75.0, "percent_statements_covered_display": "75"}, "missing_lines": [575], "excluded_lines": [], "start_line": 555}, "": {"executed_lines": [7, 9, 10, 11, 12, 14, 16, 19, 22, 36, 69, 106, 140, 165, 256, 296, 329, 357, 375, 398, 430, 451, 469, 516, 524, 532, 555], "summary": {"covered_lines": 27, "num_statements": 27, "percent_covered": 100.0, "percent_covered_display": "100", "missing_lines": 0, "excluded_lines": 0, "percent_statements_covered": 100.0, "percent_statements_covered_display": "100"}, "missing_lines": [], "excluded_lines": [], "start_line": 1}}, "classes": {"ExtractorProtocol": {"executed_lines": [], "summary": {"covered_lines": 0, "num_statements": 1, "percent_covered": 0.0, "percent_covered_display": "0", "missing_lines": 1, "excluded_lines": 0, "percent_statements_covered": 0.0, "percent_statements_covered_display": "0"}, "missing_lines": [33], "excluded_lines": [], "start_line": 19}, "ResultExtractor": {"executed_lines": [71, 74, 96, 99, 102, 108, 109, 113, 116, 117, 120, 124, 125, 128, 129, 134, 137, 138, 152, 153, 160, 163, 174, 175, 176, 179, 181, 182, 184, 185, 186, 187, 188, 191, 192, 195, 198, 200, 208, 211, 226, 241, 242, 262, 263, 265, 267, 268, 272, 281, 283, 284, 285, 286, 287, 288, 292, 294, 307, 310, 311, 314, 315, 318, 319, 322, 325, 333, 334, 336, 337, 338, 340, 341, 342, 343, 352, 353, 355, 361, 362, 365, 366, 367, 368, 369, 373, 379, 380, 382, 384, 385, 386, 388, 389, 390, 396, 402, 403, 434, 435, 455, 456, 477, 478, 481, 482, 483, 485, 486, 488, 489, 490, 491, 492, 493, 494, 495, 502, 503, 504, 514, 520, 521, 522, 528, 529, 530, 543, 548, 549, 550, 551, 553, 574, 577, 578], "summary": {"covered_lines": 137, "num_statements": 191, "percent_covered": 71.72774869109948, "percent_covered_display": "72", "missing_lines": 54, "excluded_lines": 0, "percent_statements_covered": 71.72774869109948, "percent_statements_covered_display": "72"}, "missing_lines": [130, 131, 154, 213, 215, 216, 217, 219, 220, 222, 223, 227, 229, 238, 254, 290, 323, 370, 371, 405, 406, 407, 408, 410, 411, 412, 414, 415, 417, 418, 419, 420, 425, 426, 428, 437, 438, 439, 440, 442, 443, 444, 445, 446, 447, 449, 458, 459, 460, 463, 497, 498, 499, 575], "excluded_lines": [], "start_line": 36}, "": {"executed_lines": [7, 9, 10, 11, 12, 14, 16, 19, 22, 36, 69, 106, 140, 165, 256, 296, 329, 357, 375, 398, 430, 451, 469, 516, 524, 532, 555], "summary": {"covered_lines": 27, "num_statements": 27, "percent_covered": 100.0, "percent_covered_display": "100", "missing_lines": 0, "excluded_lines": 0, "percent_statements_covered": 100.0, "percent_statements_covered_display": "100"}, "missing_lines": [], "excluded_lines": [], "start_line": 1}}}, "routilux/builtin_routines/text_processing/text_clipper.py": {"executed_lines": [7, 9, 11, 14, 34, 36, 39, 44, 47, 51, 62, 65, 66, 67, 82, 85, 88, 89, 93, 96, 97, 98, 101, 102, 104, 107, 114, 124, 125, 127, 128, 129, 130, 132, 133, 134, 135, 136, 138, 139, 141, 145, 146, 147, 149, 150], "summary": {"covered_lines": 46, "num_statements": 57, "percent_covered": 80.70175438596492, "percent_covered_display": "81", "missing_lines": 11, "excluded_lines": 0, "percent_statements_covered": 80.70175438596492, "percent_statements_covered_display": "81"}, "missing_lines": [69, 70, 71, 72, 75, 76, 77, 78, 80, 86, 142], "excluded_lines": [], "functions": {"TextClipper.__init__": {"executed_lines": [36, 39, 44, 47], "summary": {"covered_lines": 4, "num_statements": 4, "percent_covered": 100.0, "percent_covered_display": "100", "missing_lines": 0, "excluded_lines": 0, "percent_statements_covered": 100.0, "percent_statements_covered_display": "100"}, "missing_lines": [], "excluded_lines": [], "start_line": 34}, "TextClipper._handle_input": {"executed_lines": [62, 65, 66, 67, 82, 85, 88, 89, 93, 96, 97, 98, 101, 102, 104, 107], "summary": {"covered_lines": 16, "num_statements": 26, "percent_covered": 61.53846153846154, "percent_covered_display": "62", "missing_lines": 10, "excluded_lines": 0, "percent_statements_covered": 61.53846153846154, "percent_statements_covered_display": "62"}, "missing_lines": [69, 70, 71, 72, 75, 76, 77, 78, 80, 86], "excluded_lines": [], "start_line": 51}, "TextClipper._clip_text": {"executed_lines": [124, 125, 127, 128, 129, 130, 132, 133, 134, 135, 136, 138, 139, 141, 145, 146, 147, 149, 150], "summary": {"covered_lines": 19, "num_statements": 20, "percent_covered": 95.0, "percent_covered_display": "95", "missing_lines": 1, "excluded_lines": 0, "percent_statements_covered": 95.0, "percent_statements_covered_display": "95"}, "missing_lines": [142], "excluded_lines": [], "start_line": 114}, "": {"executed_lines": [7, 9, 11, 14, 34, 51, 114], "summary": {"covered_lines": 7, "num_statements": 7, "percent_covered": 100.0, "percent_covered_display": "100", "missing_lines": 0, "excluded_lines": 0, "percent_statements_covered": 100.0, "percent_statements_covered_display": "100"}, "missing_lines": [], "excluded_lines": [], "start_line": 1}}, "classes": {"TextClipper": {"executed_lines": [36, 39, 44, 47, 62, 65, 66, 67, 82, 85, 88, 89, 93, 96, 97, 98, 101, 102, 104, 107, 124, 125, 127, 128, 129, 130, 132, 133, 134, 135, 136, 138, 139, 141, 145, 146, 147, 149, 150], "summary": {"covered_lines": 39, "num_statements": 50, "percent_covered": 78.0, "percent_covered_display": "78", "missing_lines": 11, "excluded_lines": 0, "percent_statements_covered": 78.0, "percent_statements_covered_display": "78"}, "missing_lines": [69, 70, 71, 72, 75, 76, 77, 78, 80, 86, 142], "excluded_lines": [], "start_line": 14}, "": {"executed_lines": [7, 9, 11, 14, 34, 51, 114], "summary": {"covered_lines": 7, "num_statements": 7, "percent_covered": 100.0, "percent_covered_display": "100", "missing_lines": 0, "excluded_lines": 0, "percent_statements_covered": 100.0, "percent_statements_covered_display": "100"}, "missing_lines": [], "excluded_lines": [], "start_line": 1}}}, "routilux/builtin_routines/text_processing/text_renderer.py": {"executed_lines": [7, 9, 11, 14, 35, 37, 40, 47, 50, 52, 62, 67, 68, 71, 73, 85, 86, 89, 90, 92, 94, 95, 96, 98, 99, 100, 101, 103, 104, 106, 108, 110, 111, 112, 113, 115, 116, 120, 124, 127], "summary": {"covered_lines": 40, "num_statements": 42, "percent_covered": 95.23809523809524, "percent_covered_display": "95", "missing_lines": 2, "excluded_lines": 0, "percent_statements_covered": 95.23809523809524, "percent_statements_covered_display": "95"}, "missing_lines": [91, 118], "excluded_lines": [], "functions": {"TextRenderer.__init__": {"executed_lines": [37, 40, 47, 50], "summary": {"covered_lines": 4, "num_statements": 4, "percent_covered": 100.0, "percent_covered_display": "100", "missing_lines": 0, "excluded_lines": 0, "percent_statements_covered": 100.0, "percent_statements_covered_display": "100"}, "missing_lines": [], "excluded_lines": [], "start_line": 35}, "TextRenderer._handle_input": {"executed_lines": [62, 67, 68, 71], "summary": {"covered_lines": 4, "num_statements": 4, "percent_covered": 100.0, "percent_covered_display": "100", "missing_lines": 0, "excluded_lines": 0, "percent_statements_covered": 100.0, "percent_statements_covered_display": "100"}, "missing_lines": [], "excluded_lines": [], "start_line": 52}, "TextRenderer._render_object": {"executed_lines": [85, 86, 89, 90, 92, 94, 95, 96, 98, 99, 100, 101, 103, 104, 106, 108, 110, 111, 112, 113, 115, 116, 120, 124, 127], "summary": {"covered_lines": 25, "num_statements": 27, "percent_covered": 92.5925925925926, "percent_covered_display": "93", "missing_lines": 2, "excluded_lines": 0, "percent_statements_covered": 92.5925925925926, "percent_statements_covered_display": "93"}, "missing_lines": [91, 118], "excluded_lines": [], "start_line": 73}, "": {"executed_lines": [7, 9, 11, 14, 35, 52, 73], "summary": {"covered_lines": 7, "num_statements": 7, "percent_covered": 100.0, "percent_covered_display": "100", "missing_lines": 0, "excluded_lines": 0, "percent_statements_covered": 100.0, "percent_statements_covered_display": "100"}, "missing_lines": [], "excluded_lines": [], "start_line": 1}}, "classes": {"TextRenderer": {"executed_lines": [37, 40, 47, 50, 62, 67, 68, 71, 85, 86, 89, 90, 92, 94, 95, 96, 98, 99, 100, 101, 103, 104, 106, 108, 110, 111, 112, 113, 115, 116, 120, 124, 127], "summary": {"covered_lines": 33, "num_statements": 35, "percent_covered": 94.28571428571429, "percent_covered_display": "94", "missing_lines": 2, "excluded_lines": 0, "percent_statements_covered": 94.28571428571429, "percent_statements_covered_display": "94"}, "missing_lines": [91, 118], "excluded_lines": [], "start_line": 14}, "": {"executed_lines": [7, 9, 11, 14, 35, 52, 73], "summary": {"covered_lines": 7, "num_statements": 7, "percent_covered": 100.0, "percent_covered_display": "100", "missing_lines": 0, "excluded_lines": 0, "percent_statements_covered": 100.0, "percent_statements_covered_display": "100"}, "missing_lines": [], "excluded_lines": [], "start_line": 1}}}, "routilux/builtin_routines/utils/__init__.py": {"executed_lines": [7, 8, 10], "summary": {"covered_lines": 3, "num_statements": 3, "percent_covered": 100.0, "percent_covered_display": "100", "missing_lines": 0, "excluded_lines": 0, "percent_statements_covered": 100.0, "percent_statements_covered_display": "100"}, "missing_lines": [], "excluded_lines": [], "functions": {"": {"executed_lines": [7, 8, 10], "summary": {"covered_lines": 3, "num_statements": 3, "percent_covered": 100.0, "percent_covered_display": "100", "missing_lines": 0, "excluded_lines": 0, "percent_statements_covered": 100.0, "percent_statements_covered_display": "100"}, "missing_lines": [], "excluded_lines": [], "start_line": 1}}, "classes": {"": {"executed_lines": [7, 8, 10], "summary": {"covered_lines": 3, "num_statements": 3, "percent_covered": 100.0, "percent_covered_display": "100", "missing_lines": 0, "excluded_lines": 0, "percent_statements_covered": 100.0, "percent_statements_covered_display": "100"}, "missing_lines": [], "excluded_lines": [], "start_line": 1}}}, "routilux/builtin_routines/utils/data_flattener.py": {"executed_lines": [7, 9, 11, 13, 16, 38, 40, 43, 50, 53, 57, 66, 71, 74, 76, 91, 92, 94, 95, 97, 102, 103, 104, 106, 108, 109, 110, 111, 113, 114, 115, 116, 117, 118, 126, 129, 131, 132, 133, 134, 135, 136, 137, 138, 140, 143, 145, 152, 153], "summary": {"covered_lines": 49, "num_statements":
[...]
ered": 100.0, "percent_statements_covered_display": "100"}, "missing_lines": [], "excluded_lines": [], "start_line": 210}, "ExecutionMixin.get_event": {"executed_lines": [230], "summary": {"covered_lines": 1, "num_statements": 1, "percent_covered": 100.0, "percent_covered_display": "100", "missing_lines": 0, "excluded_lines": 0, "percent_statements_covered": 100.0, "percent_statements_covered_display": "100"}, "missing_lines": [], "excluded_lines": [], "start_line": 221}, "ExecutionMixin.emit": {"executed_lines": [246, 249, 252, 253, 257, 258, 259, 260, 261, 262, 263, 266, 270, 271, 272, 274, 275, 278, 280, 281, 282, 283, 284, 285, 288, 289], "summary": {"covered_lines": 26, "num_statements": 27, "percent_covered": 96.29629629629629, "percent_covered_display": "96", "missing_lines": 1, "excluded_lines": 0, "percent_statements_covered": 96.29629629629629, "percent_statements_covered_display": "96"}, "missing_lines": [247], "excluded_lines": [], "start_line": 232}, "ExecutionMixin._prepare_execution_data": {"executed_lines": [303, 304, 306, 307, 308, 310, 313, 314], "summary": {"covered_lines": 8, "num_statements": 9, "percent_covered": 88.88888888888889, "percent_covered_display": "89", "missing_lines": 1, "excluded_lines": 0, "percent_statements_covered": 88.88888888888889, "percent_statements_covered_display": "89"}, "missing_lines": [311], "excluded_lines": [], "start_line": 291}, "ExecutionMixin._extract_input_data": {"executed_lines": [330, 331], "summary": {"covered_lines": 2, "num_statements": 9, "percent_covered": 22.22222222222222, "percent_covered_display": "22", "missing_lines": 7, "excluded_lines": 0, "percent_statements_covered": 22.22222222222222, "percent_statements_covered_display": "22"}, "missing_lines": [333, 334, 336, 337, 339, 340, 342], "excluded_lines": [], "start_line": 316}, "LifecycleMixin.__init__": {"executed_lines": [361, 362, 363], "summary": {"covered_lines": 3, "num_statements": 3, "percent_covered": 100.0, "percent_covered_display": "100", "missing_lines": 0, "excluded_lines": 0, "percent_statements_covered": 100.0, "percent_statements_covered_display": "100"}, "missing_lines": [], "excluded_lines": [], "start_line": 356}, "LifecycleMixin.before_execution": {"executed_lines": [379, 380], "summary": {"covered_lines": 2, "num_statements": 2, "percent_covered": 100.0, "percent_covered_display": "100", "missing_lines": 0, "excluded_lines": 0, "percent_statements_covered": 100.0, "percent_statements_covered_display": "100"}, "missing_lines": [], "excluded_lines": [], "start_line": 365}, "LifecycleMixin.after_execution": {"executed_lines": [396, 397], "summary": {"covered_lines": 2, "num_statements": 2, "percent_covered": 100.0, "percent_covered_display": "100", "missing_lines": 0, "excluded_lines": 0, "percent_statements_covered": 100.0, "percent_statements_covered_display": "100"}, "missing_lines": [], "excluded_lines": [], "start_line": 382}, "LifecycleMixin._run_before_hooks": {"executed_lines": [], "summary": {"covered_lines": 0, "num_statements": 2, "percent_covered": 0.0, "percent_covered_display": "0", "missing_lines": 2, "excluded_lines": 0, "percent_statements_covered": 0.0, "percent_statements_covered_display": "0"}, "missing_lines": [401, 402], "excluded_lines": [], "start_line": 399}, "LifecycleMixin._run_after_hooks": {"executed_lines": [], "summary": {"covered_lines": 0, "num_statements": 2, "percent_covered": 0.0, "percent_covered_display": "0", "missing_lines": 2, "excluded_lines": 0, "percent_statements_covered": 0.0, "percent_statements_covered_display": "0"}, "missing_lines": [406, 407], "excluded_lines": [], "start_line": 404}, "": {"executed_lines": [14, 24, 34, 44, 52, 70, 85, 100, 112, 122, 133, 142, 179, 210, 221, 232, 291, 316, 345, 356, 365, 382, 399, 404, 410], "summary": {"covered_lines": 25, "num_statements": 25, "percent_covered": 100.0, "percent_covered_display": "100", "missing_lines": 0, "excluded_lines": 5, "percent_statements_covered": 100.0, "percent_statements_covered_display": "100"}, "missing_lines": [], "excluded_lines": [17, 18, 19, 20, 21], "start_line": 1}}, "classes": {"ConfigMixin": {"executed_lines": [49, 50, 67, 68, 83, 98, 110, 119], "summary": {"covered_lines": 8, "num_statements": 8, "percent_covered": 100.0, "percent_covered_display": "100", "missing_lines": 0, "excluded_lines": 0, "percent_statements_covered": 100.0, "percent_statements_covered_display": "100"}, "missing_lines": [], "excluded_lines": [], "start_line": 34}, "ExecutionMixin": {"executed_lines": [138, 139, 140, 170, 171, 173, 175, 176, 177, 201, 202, 204, 206, 207, 208, 219, 230, 246, 249, 252, 253, 257, 258, 259, 260, 261, 262, 263, 266, 270, 271, 272, 274, 275, 278, 280, 281, 282, 283, 284, 285, 288, 289, 303, 304, 306, 307, 308, 310, 313, 314, 330, 331], "summary": {"covered_lines": 53, "num_statements": 62, "percent_covered": 85.48387096774194, "percent_covered_display": "85", "missing_lines": 9, "excluded_lines": 0, "percent_statements_covered": 85.48387096774194, "percent_statements_covered_display": "85"}, "missing_lines": [247, 311, 333, 334, 336, 337, 339, 340, 342], "excluded_lines": [], "start_line": 122}, "LifecycleMixin": {"executed_lines": [361, 362, 363, 379, 380, 396, 397], "summary": {"covered_lines": 7, "num_statements": 11, "percent_covered": 63.63636363636363, "percent_covered_display": "64", "missing_lines": 4, "excluded_lines": 0, "percent_statements_covered": 63.63636363636363, "percent_statements_covered_display": "64"}, "missing_lines": [401, 402, 406, 407], "excluded_lines": [], "start_line": 345}, "": {"executed_lines": [14, 24, 30, 31, 34, 44, 52, 70, 85, 100, 112, 122, 133, 142, 179, 210, 221, 232, 291, 316, 345, 356, 365, 382, 399, 404, 410], "summary": {"covered_lines": 27, "num_statements": 27, "percent_covered": 100.0, "percent_covered_display": "100", "missing_lines": 0, "excluded_lines": 5, "percent_statements_covered": 100.0, "percent_statements_covered_display": "100"}, "missing_lines": [], "excluded_lines": [17, 18, 19, 20, 21], "start_line": 1}}}, "routilux/slot.py": {"executed_lines": [7, 9, 16, 19, 20, 88, 135, 136, 137, 138, 139, 140, 141, 142, 146, 155, 161, 162, 164, 165, 167, 173, 174, 176, 177, 179, 218, 221, 222, 224, 225, 226, 227, 228, 230, 241, 245, 247, 248, 249, 250, 252, 254, 255, 256, 258, 259, 262, 263, 264, 266, 267, 269, 270, 271, 274, 277, 278, 279, 280, 282, 283, 286, 287, 289, 291, 293, 295, 297, 299, 300, 301, 305, 313, 314, 317, 325, 337, 341, 344, 349, 356, 358, 361, 363, 419, 423, 424, 426, 429, 430, 432, 433, 437, 438, 441, 444, 445, 447, 451, 455, 457, 462, 463, 465, 494, 497, 498, 499, 501, 502, 505, 506, 530, 531, 534, 553, 554, 563, 565, 566, 567, 568, 569, 571, 581, 586, 588, 599, 602], "summary": {"covered_lines": 130, "num_statements": 169, "percent_covered": 76.92307692307692, "percent_covered_display": "77", "missing_lines": 39, "excluded_lines": 10, "percent_statements_covered": 76.92307692307692, "percent_statements_covered_display": "77"}, "missing_lines": [231, 232, 233, 234, 235, 236, 296, 351, 359, 507, 509, 510, 512, 513, 514, 517, 520, 521, 522, 523, 525, 526, 529, 537, 539, 542, 543, 544, 545, 547, 548, 549, 604, 605, 607, 608, 609, 610, 613], "excluded_lines": [11, 12, 13, 14, 148, 149, 150, 151, 152, 153], "functions": {"Slot.__init__": {"executed_lines": [135, 136, 137, 138, 139, 140, 141, 142, 146], "summary": {"covered_lines": 9, "num_statements": 9, "percent_covered": 100.0, "percent_covered_display": "100", "missing_lines": 0, "excluded_lines": 0, "percent_statements_covered": 100.0, "percent_statements_covered_display": "100"}, "missing_lines": [], "excluded_lines": [], "start_line": 88}, "Slot.__repr__": {"executed_lines": [], "summary": {"covered_lines": 0, "num_statements": 0, "percent_covered": 100.0, "percent_covered_display": "100", "missing_lines": 0, "excluded_lines": 5, "percent_statements_covered": 100.0, "percent_statements_covered_display": "100"}, "missing_lines": [], "excluded_lines": [149, 150, 151, 152, 153], "start_line": 148}, "Slot.connect": {"executed_lines": [161, 162, 164, 165], "summary": {"covered_lines": 4, "num_statements": 4, "percent_covered": 100.0, "percent_covered_display": "100", "missing_lines": 0, "excluded_lines": 0, "percent_statements_covered": 100.0, "percent_statements_covered_display": "100"}, "missing_lines": [], "excluded_lines": [], "start_line": 155}, "Slot.disconnect": {"executed_lines": [173, 174, 176, 177], "summary": {"covered_lines": 4, "num_statements": 4, "percent_covered": 100.0, "percent_covered_display": "100", "missing_lines": 0, "excluded_lines": 0, "percent_statements_covered": 100.0, "percent_statements_covered_display": "100"}, "missing_lines": [], "excluded_lines": [], "start_line": 167}, "Slot.receive": {"executed_lines": [218, 221, 222, 224, 225, 226, 227, 228, 230, 241, 245, 247, 248, 249, 250, 252, 254, 255, 256, 258, 259, 262, 263, 264, 266, 267, 269, 270, 271, 274, 277, 278, 279, 280, 282, 283, 286, 287, 289, 291, 293, 295, 297, 299, 300, 301, 305, 313, 314, 317, 325, 337, 341, 344, 349, 356, 358, 361], "summary": {"covered_lines": 58, "num_statements": 67, "percent_covered": 86.56716417910448, "percent_covered_display": "87", "missing_lines": 9, "excluded_lines": 0, "percent_statements_covered": 86.56716417910448, "percent_statements_covered_display": "87"}, "missing_lines": [231, 232, 233, 234, 235, 236, 296, 351, 359], "excluded_lines": [], "start_line": 179}, "Slot._merge_data": {"executed_lines": [419, 423, 424, 426, 429, 430, 432, 433, 437, 438, 441, 444, 445, 447, 451, 455, 457, 462, 463], "summary": {"covered_lines": 19, "num_statements": 19, "percent_covered": 100.0, "percent_covered_display": "100", "missing_lines": 0, "excluded_lines": 0, "percent_statements_covered": 100.0, "percent_statements_covered_display": "100"}, "missing_lines": [], "excluded_lines": [], "start_line": 363}, "Slot.call_handler": {"executed_lines": [494, 497, 498, 499, 501, 502, 505, 506, 530, 531, 534], "summary": {"covered_lines": 11, "num_statements": 34, "percent_covered": 32.35294117647059, "percent_covered_display": "32", "missing_lines": 23, "excluded_lines": 0, "percent_statements_covered": 32.35294117647059, "percent_statements_covered_display": "32"}, "missing_lines": [507, 509, 510, 512, 513, 514, 517, 520, 521, 522, 523, 525, 526, 529, 537, 539, 542, 543, 544, 545, 547, 548, 549], "excluded_lines": [], "start_line": 465}, "Slot._is_kwargs_handler": {"executed_lines": [563, 565, 566, 567, 568, 569], "summary": {"covered_lines": 6, "num_statements": 6, "percent_covered": 100.0, "percent_covered_display": "100", "missing_lines": 0, "excluded_lines": 0, "percent_statements_covered": 100.0, "percent_statements_covered_display": "100"}, "missing_lines": [], "excluded_lines": [], "start_line": 554}, "Slot.serialize": {"executed_lines": [581, 586], "summary": {"covered_lines": 2, "num_statements": 2, "percent_covered": 100.0, "percent_covered_display": "100", "missing_lines": 0, "excluded_lines": 0, "percent_statements_covered": 100.0, "percent_statements_covered_display": "100"}, "missing_lines": [], "excluded_lines": [], "start_line": 571}, "Slot.deserialize": {"executed_lines": [599, 602], "summary": {"covered_lines": 2, "num_statements": 9, "percent_covered": 22.22222222222222, "percent_covered_display": "22", "missing_lines": 7, "excluded_lines": 0, "percent_statements_covered": 22.22222222222222, "percent_statements_covered_display": "22"}, "missing_lines": [604, 605, 607, 608, 609, 610, 613], "excluded_lines": [], "start_line": 588}, "": {"executed_lines": [7, 9, 16, 19, 20, 88, 155, 167, 179, 363, 465, 553, 554, 571, 588], "summary": {"covered_lines": 15, "num_statements": 15, "percent_covered": 100.0, "percent_covered_display": "100", "missing_lines": 0, "excluded_lines": 5, "percent_statements_covered": 100.0, "percent_statements_covered_display": "100"}, "missing_lines": [], "excluded_lines": [11, 12, 13, 14, 148], "start_line": 1}}, "classes": {"Slot": {"executed_lines": [135, 136, 137, 138, 139, 140, 141, 142, 146, 161, 162, 164, 165, 173, 174, 176, 177, 218, 221, 222, 224, 225, 226, 227, 228, 230, 241, 245, 247, 248, 249, 250, 252, 254, 255, 256, 258, 259, 262, 263, 264, 266, 267, 269, 270, 271, 274, 277, 278, 279, 280, 282, 283, 286, 287, 289, 291, 293, 295, 297, 299, 300, 301, 305, 313, 314, 317, 325, 337, 341, 344, 349, 356, 358, 361, 419, 423, 424, 426, 429, 430, 432, 433, 437, 438, 441, 444, 445, 447, 451, 455, 457, 462, 463, 494, 497, 498, 499, 501, 502, 505, 506, 530, 531, 534, 563, 565, 566, 567, 568, 569, 581, 586, 599, 602], "summary": {"covered_lines": 115, "num_statements": 154, "percent_covered": 74.67532467532467, "percent_covered_display": "75", "missing_lines": 39, "excluded_lines": 5, "percent_statements_covered": 74.67532467532467, "percent_statements_covered_display": "75"}, "missing_lines": [231, 232, 233, 234, 235, 236, 296, 351, 359, 507, 509, 510, 512, 513, 514, 517, 520, 521, 522, 523, 525, 526, 529, 537, 539, 542, 543, 544, 545, 547, 548, 549, 604, 605, 607, 608, 609, 610, 613], "excluded_lines": [149, 150, 151, 152, 153], "start_line": 20}, "": {"executed_lines": [7, 9, 16, 19, 20, 88, 155, 167, 179, 363, 465, 553, 554, 571, 588], "summary": {"covered_lines": 15, "num_statements": 15, "percent_covered": 100.0, "percent_covered_display": "100", "missing_lines": 0, "excluded_lines": 5, "percent_statements_covered": 100.0, "percent_statements_covered_display": "100"}, "missing_lines": [], "excluded_lines": [11, 12, 13, 14, 148], "start_line": 1}}}, "routilux/validators.py": {"executed_lines": [30, 33, 41, 48, 49, 50, 52, 54, 55, 56, 59, 67, 68, 83, 85, 86, 105, 107, 119, 125, 131, 133, 142, 143, 144, 146, 147, 148, 149, 150, 156, 165, 174, 176, 185, 186, 189, 190, 191, 192, 193, 194, 196, 197, 202], "summary": {"covered_lines": 45, "num_statements": 47, "percent_covered": 95.74468085106383, "percent_covered_display": "96", "missing_lines": 2, "excluded_lines": 1, "percent_statements_covered": 95.74468085106383, "percent_statements_covered_display": "96"}, "missing_lines": [198, 199], "excluded_lines": [116], "functions": {"ValidationError.__init__": {"executed_lines": [48, 49, 50], "summary": {"covered_lines": 3, "num_statements": 3, "percent_covered": 100.0, "percent_covered_display": "100", "missing_lines": 0, "excluded_lines": 0, "percent_statements_covered": 100.0, "percent_statements_covered_display": "100"}, "missing_lines": [], "excluded_lines": [], "start_line": 41}, "ValidationError.__str__": {"executed_lines": [54, 55, 56], "summary": {"covered_lines": 3, "num_statements": 3, "percent_covered": 100.0, "percent_covered_display": "100", "missing_lines": 0, "excluded_lines": 0, "percent_statements_covered": 100.0, "percent_statements_covered_display": "100"}, "missing_lines": [], "excluded_lines": [], "start_line": 52}, "Validator.types": {"executed_lines": [83], "summary": {"covered_lines": 1, "num_statements": 1, "percent_covered": 100.0, "percent_covered_display": "100", "missing_lines": 0, "excluded_lines": 0, "percent_statements_covered": 100.0, "percent_statements_covered_display": "100"}, "missing_lines": [], "excluded_lines": [], "start_line": 68}, "Validator.custom": {"executed_lines": [105], "summary": {"covered_lines": 1, "num_statements": 1, "percent_covered": 100.0, "percent_covered_display": "100", "missing_lines": 0, "excluded_lines": 0, "percent_statements_covered": 100.0, "percent_statements_covered_display": "100"}, "missing_lines": [], "excluded_lines": [], "start_line": 86}, "Validator.validate": {"executed_lines": [], "summary": {"covered_lines": 0, "num_statements": 0, "percent_covered": 100.0, "percent_covered_display": "100", "missing_lines": 0, "excluded_lines": 1, "percent_statements_covered": 100.0, "percent_statements_covered_display": "100"}, "missing_lines": [], "excluded_lines": [116], "start_line": 107}, "TypesValidator.__init__": {"executed_lines": [131], "summary": {"covered_lines": 1, "num_statements": 1, "percent_covered": 100.0, "percent_covered_display": "100", "missing_lines": 0, "excluded_lines": 0, "percent_statements_covered": 100.0, "percent_statements_covered_display": "100"}, "missing_lines": [], "excluded_lines": [], "start_line": 125}, "TypesValidator.validate": {"executed_lines": [142, 143, 144, 146, 147, 148, 149, 150], "summary": {"covered_lines": 8, "num_statements": 8, "percent_covered": 100.0, "percent_covered_display": "100", "missing_lines": 0, "excluded_lines": 0, "percent_statements_covered": 100.0, "percent_statements_covered_display": "100"}, "missing_lines": [], "excluded_lines": [], "start_line": 133}, "CustomValidator.__init__": {"executed_lines": [174], "summary": {"covered_lines": 1, "num_statements": 1, "percent_covered": 100.0, "percent_covered_display": "100", "missing_lines": 0, "excluded_lines": 0, "percent_statements_covered": 100.0, "percent_statements_covered_display": "100"}, "missing_lines": [], "excluded_lines": [], "start_line": 165}, "CustomValidator.validate": {"executed_lines": [185, 186, 189, 190, 191, 192, 193, 194, 196, 197], "summary": {"covered_lines": 10, "num_statements": 12, "percent_covered": 83.33333333333333, "percent_covered_display": "83", "missing_lines": 2, "excluded_lines": 0, "percent_statements_covered": 83.33333333333333, "percent_statements_covered_display": "83"}, "missing_lines": [198, 199], "excluded_lines": [], "start_line": 176}, "": {"executed_lines": [30, 33, 41, 52, 59, 67, 68, 85, 86, 107, 119, 125, 133, 156, 165, 176, 202], "summary": {"covered_lines": 17, "num_statements": 17, "percent_covered": 100.0, "percent_covered_display": "100", "missing_lines": 0, "excluded_lines": 0, "percent_statements_covered": 100.0, "percent_statements_covered_display": "100"}, "missing_lines": [], "excluded_lines": [], "start_line": 1}}, "classes": {"ValidationError": {"executed_lines": [48, 49, 50, 54, 55, 56], "summary": {"covered_lines": 6, "num_statements": 6, "percent_covered": 100.0, "percent_covered_display": "100", "missing_lines": 0, "excluded_lines": 0, "percent_statements_covered": 100.0, "percent_statements_covered_display": "100"}, "missing_lines": [], "excluded_lines": [], "start_line": 33}, "Validator": {"executed_lines": [83, 105], "summary": {"covered_lines": 2, "num_statements": 2, "percent_covered": 100.0, "percent_covered_display": "100", "missing_lines": 0, "excluded_lines": 1, "percent_statements_covered": 100.0, "percent_statements_covered_display": "100"}, "missing_lines": [], "excluded_lines": [116], "start_line": 59}, "TypesValidator": {"executed_lines": [131, 142, 143, 144, 146, 147, 148, 149, 150], "summary": {"covered_lines": 9, "num_statements": 9, "percent_covered": 100.0, "percent_covered_display": "100", "missing_lines": 0, "excluded_lines": 0, "percent_statements_covered": 100.0, "percent_statements_covered_display": "100"}, "missing_lines": [], "excluded_lines": [], "start_line": 119}, "CustomValidator": {"executed_lines": [174, 185, 186, 189, 190, 191, 192, 193, 194, 196, 197], "summary": {"covered_lines": 11, "num_statements": 13, "percent_covered": 84.61538461538461, "percent_covered_display": "85", "missing_lines": 2, "excluded_lines": 0, "percent_statements_covered": 84.61538461538461, "percent_statements_covered_display": "85"}, "missing_lines": [198, 199], "excluded_lines": [], "start_line": 156}, "": {"executed_lines": [30, 33, 41, 52, 59, 67, 68, 85, 86, 107, 119, 125, 133, 156, 165, 176, 202], "summary": {"covered_lines": 17, "num_statements": 17, "percent_covered": 100.0, "percent_covered_display": "100", "missing_lines": 0, "excluded_lines": 0, "percent_statements_covered": 100.0, "percent_statements_covered_display": "100"}, "missing_lines": [], "excluded_lines": [], "start_line": 1}}}}, "totals": {"covered_lines": 1930, "num_statements": 3122, "percent_covered": 61.819346572709804, "percent_covered_display": "62", "missing_lines": 1192, "excluded_lines": 85, "percent_statements_covered": 61.819346572709804, "percent_statements_covered_display": "62"}}